[38;5;160m[Fri Dec 26 2025 11:50:55 GMT+0530] : 
get tasks error Unknown column 'userId' in 'field list'
Error
    at Query.run (/Users/ioss/Documents/node_modules/sequelize/lib/dialects/mysql/query.js:52:25)
    at /Users/ioss/Documents/node_modules/sequelize/lib/sequelize.js:315:28
    at process.processTicksAndRejections (node:internal/process/task_queues:105:5)
    at async MySQLQueryInterface.select (/Users/ioss/Documents/node_modules/sequelize/lib/dialects/abstract/query-interface.js:407:12)
    at async Task.findAll (/Users/ioss/Documents/node_modules/sequelize/lib/model.js:1140:21)
    at async getTasks (file:///Users/ioss/Documents/StudyProjects/full-stack/real-time-task-collab/backend/src/controller/taskController.js:7:19)[0m
[38;5;160m[Fri Dec 26 2025 11:50:55 GMT+0530] : 
get tasks error Unknown column 'userId' in 'field list'
Error
    at Query.run (/Users/ioss/Documents/node_modules/sequelize/lib/dialects/mysql/query.js:52:25)
    at /Users/ioss/Documents/node_modules/sequelize/lib/sequelize.js:315:28
    at process.processTicksAndRejections (node:internal/process/task_queues:105:5)
    at async MySQLQueryInterface.select (/Users/ioss/Documents/node_modules/sequelize/lib/dialects/abstract/query-interface.js:407:12)
    at async Task.findAll (/Users/ioss/Documents/node_modules/sequelize/lib/model.js:1140:21)
    at async getTasks (file:///Users/ioss/Documents/StudyProjects/full-stack/real-time-task-collab/backend/src/controller/taskController.js:7:19)[0m
[38;5;160m[Fri Dec 26 2025 11:58:45 GMT+0530] : 
get tasks error Unknown column 'userId' in 'field list'
Error
    at Query.run (/Users/ioss/Documents/node_modules/sequelize/lib/dialects/mysql/query.js:52:25)
    at /Users/ioss/Documents/node_modules/sequelize/lib/sequelize.js:315:28
    at process.processTicksAndRejections (node:internal/process/task_queues:105:5)
    at async MySQLQueryInterface.select (/Users/ioss/Documents/node_modules/sequelize/lib/dialects/abstract/query-interface.js:407:12)
    at async Task.findAll (/Users/ioss/Documents/node_modules/sequelize/lib/model.js:1140:21)
    at async getTasks (file:///Users/ioss/Documents/StudyProjects/full-stack/real-time-task-collab/backend/src/controller/taskController.js:7:19)[0m
[38;5;160m[Fri Dec 26 2025 11:58:45 GMT+0530] : 
get tasks error Unknown column 'userId' in 'field list'
Error
    at Query.run (/Users/ioss/Documents/node_modules/sequelize/lib/dialects/mysql/query.js:52:25)
    at /Users/ioss/Documents/node_modules/sequelize/lib/sequelize.js:315:28
    at process.processTicksAndRejections (node:internal/process/task_queues:105:5)
    at async MySQLQueryInterface.select (/Users/ioss/Documents/node_modules/sequelize/lib/dialects/abstract/query-interface.js:407:12)
    at async Task.findAll (/Users/ioss/Documents/node_modules/sequelize/lib/model.js:1140:21)
    at async getTasks (file:///Users/ioss/Documents/StudyProjects/full-stack/real-time-task-collab/backend/src/controller/taskController.js:7:19)[0m
[38;5;160m[Fri Dec 26 2025 19:10:52 GMT+0530] : 
delete task error WHERE parameter "taskId" has invalid "undefined" value
Error: WHERE parameter "taskId" has invalid "undefined" value
    at MySQLQueryGenerator.whereItemQuery (/Users/ioss/Documents/node_modules/sequelize/lib/dialects/abstract/query-generator.js:1746:13)
    at /Users/ioss/Documents/node_modules/sequelize/lib/dialects/abstract/query-generator.js:1737:25
    at Array.forEach (<anonymous>)
    at MySQLQueryGenerator.whereItemsQuery (/Users/ioss/Documents/node_modules/sequelize/lib/dialects/abstract/query-generator.js:1735:35)
    at MySQLQueryGenerator.getWhereConditions (/Users/ioss/Documents/node_modules/sequelize/lib/dialects/abstract/query-generator.js:2078:19)
    at MySQLQueryGenerator.deleteQuery (/Users/ioss/Documents/node_modules/sequelize/lib/dialects/mysql/query-generator.js:272:18)
    at MySQLQueryInterface.bulkDelete (/Users/ioss/Documents/node_modules/sequelize/lib/dialects/abstract/query-interface.js:403:59)
    at Task.destroy (/Users/ioss/Documents/node_modules/sequelize/lib/model.js:1838:42)
    at process.processTicksAndRejections (node:internal/process/task_queues:105:5)
    at async deleteTask (file:///Users/ioss/Documents/StudyProjects/full-stack/real-time-task-collab/backend/src/controller/taskController.js:58:21)[0m
[38;5;160m[Fri Dec 26 2025 19:14:26 GMT+0530] : 
delete task error WHERE parameter "taskId" has invalid "undefined" value
Error: WHERE parameter "taskId" has invalid "undefined" value
    at MySQLQueryGenerator.whereItemQuery (/Users/ioss/Documents/node_modules/sequelize/lib/dialects/abstract/query-generator.js:1746:13)
    at /Users/ioss/Documents/node_modules/sequelize/lib/dialects/abstract/query-generator.js:1737:25
    at Array.forEach (<anonymous>)
    at MySQLQueryGenerator.whereItemsQuery (/Users/ioss/Documents/node_modules/sequelize/lib/dialects/abstract/query-generator.js:1735:35)
    at MySQLQueryGenerator.getWhereConditions (/Users/ioss/Documents/node_modules/sequelize/lib/dialects/abstract/query-generator.js:2078:19)
    at MySQLQueryGenerator.deleteQuery (/Users/ioss/Documents/node_modules/sequelize/lib/dialects/mysql/query-generator.js:272:18)
    at MySQLQueryInterface.bulkDelete (/Users/ioss/Documents/node_modules/sequelize/lib/dialects/abstract/query-interface.js:403:59)
    at Task.destroy (/Users/ioss/Documents/node_modules/sequelize/lib/model.js:1838:42)
    at process.processTicksAndRejections (node:internal/process/task_queues:105:5)
    at async deleteTask (file:///Users/ioss/Documents/StudyProjects/full-stack/real-time-task-collab/backend/src/controller/taskController.js:63:21)[0m
