[38;5;160m[Tue Dec 23 2025 11:20:25 GMT+0530] : 
Login error: Unknown column 'createdAt' in 'field list'
Error
    at Query.run (/Users/ioss/Documents/node_modules/sequelize/lib/dialects/mysql/query.js:52:25)
    at /Users/ioss/Documents/node_modules/sequelize/lib/sequelize.js:315:28
    at async MySQLQueryInterface.select (/Users/ioss/Documents/node_modules/sequelize/lib/dialects/abstract/query-interface.js:407:12)
    at async CommonSetting.findAll (/Users/ioss/Documents/node_modules/sequelize/lib/model.js:1140:21)
    at async CommonSetting.findOne (/Users/ioss/Documents/node_modules/sequelize/lib/model.js:1240:12)
    at async getJwtToken (file:///Users/ioss/Documents/StudyProjects/full-stack/real-time-task-collab/backend/src/utils/jwtToken.js:8:18)
    at async login (file:///Users/ioss/Documents/StudyProjects/full-stack/real-time-task-collab/backend/src/controller/authController.js:33:23)[0m
[38;5;160m[Tue Dec 23 2025 11:21:28 GMT+0530] : 
Login error: Unknown column 'createdAt' in 'field list'
Error
    at Query.run (/Users/ioss/Documents/node_modules/sequelize/lib/dialects/mysql/query.js:52:25)
    at /Users/ioss/Documents/node_modules/sequelize/lib/sequelize.js:315:28
    at async MySQLQueryInterface.select (/Users/ioss/Documents/node_modules/sequelize/lib/dialects/abstract/query-interface.js:407:12)
    at async CommonSetting.findAll (/Users/ioss/Documents/node_modules/sequelize/lib/model.js:1140:21)
    at async CommonSetting.findOne (/Users/ioss/Documents/node_modules/sequelize/lib/model.js:1240:12)
    at async getJwtToken (file:///Users/ioss/Documents/StudyProjects/full-stack/real-time-task-collab/backend/src/utils/jwtToken.js:8:18)
    at async login (file:///Users/ioss/Documents/StudyProjects/full-stack/real-time-task-collab/backend/src/controller/authController.js:33:23)[0m
[38;5;160m[Tue Dec 23 2025 11:23:19 GMT+0530] : 
Login error: Unknown column 'createdAt' in 'field list'
Error
    at Query.run (/Users/ioss/Documents/node_modules/sequelize/lib/dialects/mysql/query.js:52:25)
    at /Users/ioss/Documents/node_modules/sequelize/lib/sequelize.js:315:28
    at async MySQLQueryInterface.select (/Users/ioss/Documents/node_modules/sequelize/lib/dialects/abstract/query-interface.js:407:12)
    at async CommonSetting.findAll (/Users/ioss/Documents/node_modules/sequelize/lib/model.js:1140:21)
    at async CommonSetting.findOne (/Users/ioss/Documents/node_modules/sequelize/lib/model.js:1240:12)
    at async getJwtToken (file:///Users/ioss/Documents/StudyProjects/full-stack/real-time-task-collab/backend/src/utils/jwtToken.js:8:18)
    at async login (file:///Users/ioss/Documents/StudyProjects/full-stack/real-time-task-collab/backend/src/controller/authController.js:33:23)[0m
[38;5;160m[Tue Dec 23 2025 11:23:26 GMT+0530] : 
Login error: secretOrPrivateKey must have a value
Error: secretOrPrivateKey must have a value
    at module.exports [as sign] (/Users/ioss/Documents/StudyProjects/full-stack/real-time-task-collab/backend/node_modules/jsonwebtoken/sign.js:111:20)
    at getJwtToken (file:///Users/ioss/Documents/StudyProjects/full-stack/real-time-task-collab/backend/src/utils/jwtToken.js:24:16)
    at process.processTicksAndRejections (node:internal/process/task_queues:105:5)
    at async login (file:///Users/ioss/Documents/StudyProjects/full-stack/real-time-task-collab/backend/src/controller/authController.js:33:23)[0m
[38;5;160m[Tue Dec 23 2025 11:37:50 GMT+0530] : 
Login error: Table 'taskcollab.accesskeys' doesn't exist
Error
    at Query.run (/Users/ioss/Documents/node_modules/sequelize/lib/dialects/mysql/query.js:52:25)
    at /Users/ioss/Documents/node_modules/sequelize/lib/sequelize.js:315:28
    at process.processTicksAndRejections (node:internal/process/task_queues:105:5)
    at async MySQLQueryInterface.select (/Users/ioss/Documents/node_modules/sequelize/lib/dialects/abstract/query-interface.js:407:12)
    at async AccessKey.findAll (/Users/ioss/Documents/node_modules/sequelize/lib/model.js:1140:21)
    at async AccessKey.findOne (/Users/ioss/Documents/node_modules/sequelize/lib/model.js:1240:12)
    at async setJwtToken (file:///Users/ioss/Documents/StudyProjects/full-stack/real-time-task-collab/backend/src/utils/jwtToken.js:28:28)
    at async login (file:///Users/ioss/Documents/StudyProjects/full-stack/real-time-task-collab/backend/src/controller/authController.js:34:9)[0m
[38;5;160m[Tue Dec 23 2025 11:38:45 GMT+0530] : 
Login error: Table 'taskcollab.accesskeys' doesn't exist
Error
    at Query.run (/Users/ioss/Documents/node_modules/sequelize/lib/dialects/mysql/query.js:52:25)
    at /Users/ioss/Documents/node_modules/sequelize/lib/sequelize.js:315:28
    at process.processTicksAndRejections (node:internal/process/task_queues:105:5)
    at async MySQLQueryInterface.select (/Users/ioss/Documents/node_modules/sequelize/lib/dialects/abstract/query-interface.js:407:12)
    at async AccessKey.findAll (/Users/ioss/Documents/node_modules/sequelize/lib/model.js:1140:21)
    at async AccessKey.findOne (/Users/ioss/Documents/node_modules/sequelize/lib/model.js:1240:12)
    at async setJwtToken (file:///Users/ioss/Documents/StudyProjects/full-stack/real-time-task-collab/backend/src/utils/jwtToken.js:28:28)
    at async login (file:///Users/ioss/Documents/StudyProjects/full-stack/real-time-task-collab/backend/src/controller/authController.js:34:9)[0m
[38;5;160m[Tue Dec 23 2025 11:39:17 GMT+0530] : 
Login error: Table 'taskcollab.accesskeys' doesn't exist
Error
    at Query.run (/Users/ioss/Documents/node_modules/sequelize/lib/dialects/mysql/query.js:52:25)
    at /Users/ioss/Documents/node_modules/sequelize/lib/sequelize.js:315:28
    at process.processTicksAndRejections (node:internal/process/task_queues:105:5)
    at async MySQLQueryInterface.select (/Users/ioss/Documents/node_modules/sequelize/lib/dialects/abstract/query-interface.js:407:12)
    at async AccessKey.findAll (/Users/ioss/Documents/node_modules/sequelize/lib/model.js:1140:21)
    at async AccessKey.findOne (/Users/ioss/Documents/node_modules/sequelize/lib/model.js:1240:12)
    at async setJwtToken (file:///Users/ioss/Documents/StudyProjects/full-stack/real-time-task-collab/backend/src/utils/jwtToken.js:28:28)
    at async login (file:///Users/ioss/Documents/StudyProjects/full-stack/real-time-task-collab/backend/src/controller/authController.js:34:9)[0m
[38;5;160m[Tue Dec 23 2025 11:41:22 GMT+0530] : 
Login error: Table 'taskcollab.accesskeys' doesn't exist
Error
    at Query.run (/Users/ioss/Documents/node_modules/sequelize/lib/dialects/mysql/query.js:52:25)
    at /Users/ioss/Documents/node_modules/sequelize/lib/sequelize.js:315:28
    at process.processTicksAndRejections (node:internal/process/task_queues:105:5)
    at async MySQLQueryInterface.select (/Users/ioss/Documents/node_modules/sequelize/lib/dialects/abstract/query-interface.js:407:12)
    at async AccessKey.findAll (/Users/ioss/Documents/node_modules/sequelize/lib/model.js:1140:21)
    at async AccessKey.findOne (/Users/ioss/Documents/node_modules/sequelize/lib/model.js:1240:12)
    at async setJwtToken (file:///Users/ioss/Documents/StudyProjects/full-stack/real-time-task-collab/backend/src/utils/jwtToken.js:28:28)
    at async login (file:///Users/ioss/Documents/StudyProjects/full-stack/real-time-task-collab/backend/src/controller/authController.js:34:9)[0m
[38;5;160m[Tue Dec 23 2025 11:41:58 GMT+0530] : 
Login error: Table 'taskcollab.accesskeys' doesn't exist
Error
    at Query.run (/Users/ioss/Documents/node_modules/sequelize/lib/dialects/mysql/query.js:52:25)
    at /Users/ioss/Documents/node_modules/sequelize/lib/sequelize.js:315:28
    at process.processTicksAndRejections (node:internal/process/task_queues:105:5)
    at async MySQLQueryInterface.select (/Users/ioss/Documents/node_modules/sequelize/lib/dialects/abstract/query-interface.js:407:12)
    at async AccessKey.findAll (/Users/ioss/Documents/node_modules/sequelize/lib/model.js:1140:21)
    at async AccessKey.findOne (/Users/ioss/Documents/node_modules/sequelize/lib/model.js:1240:12)
    at async setJwtToken (file:///Users/ioss/Documents/StudyProjects/full-stack/real-time-task-collab/backend/src/utils/jwtToken.js:28:28)
    at async login (file:///Users/ioss/Documents/StudyProjects/full-stack/real-time-task-collab/backend/src/controller/authController.js:34:9)[0m
[38;5;160m[Tue Dec 23 2025 11:42:05 GMT+0530] : 
Login error: Table 'taskcollab.accesskeys' doesn't exist
Error
    at Query.run (/Users/ioss/Documents/node_modules/sequelize/lib/dialects/mysql/query.js:52:25)
    at /Users/ioss/Documents/node_modules/sequelize/lib/sequelize.js:315:28
    at process.processTicksAndRejections (node:internal/process/task_queues:105:5)
    at async MySQLQueryInterface.select (/Users/ioss/Documents/node_modules/sequelize/lib/dialects/abstract/query-interface.js:407:12)
    at async AccessKey.findAll (/Users/ioss/Documents/node_modules/sequelize/lib/model.js:1140:21)
    at async AccessKey.findOne (/Users/ioss/Documents/node_modules/sequelize/lib/model.js:1240:12)
    at async setJwtToken (file:///Users/ioss/Documents/StudyProjects/full-stack/real-time-task-collab/backend/src/utils/jwtToken.js:28:28)
    at async login (file:///Users/ioss/Documents/StudyProjects/full-stack/real-time-task-collab/backend/src/controller/authController.js:34:9)[0m
[38;5;160m[Tue Dec 23 2025 12:45:23 GMT+0530] : 
create task error Cannot read properties of undefined (reading 'userId')
TypeError: Cannot read properties of undefined (reading 'userId')
    at createTask (file:///Users/ioss/Documents/StudyProjects/full-stack/real-time-task-collab/backend/src/controller/taskController.js:22:33)
    at Layer.handleRequest (/Users/ioss/Documents/StudyProjects/full-stack/real-time-task-collab/backend/node_modules/router/lib/layer.js:152:17)
    at next (/Users/ioss/Documents/StudyProjects/full-stack/real-time-task-collab/backend/node_modules/router/lib/route.js:157:13)
    at Route.dispatch (/Users/ioss/Documents/StudyProjects/full-stack/real-time-task-collab/backend/node_modules/router/lib/route.js:117:3)
    at handle (/Users/ioss/Documents/StudyProjects/full-stack/real-time-task-collab/backend/node_modules/router/index.js:435:11)
    at Layer.handleRequest (/Users/ioss/Documents/StudyProjects/full-stack/real-time-task-collab/backend/node_modules/router/lib/layer.js:152:17)
    at /Users/ioss/Documents/StudyProjects/full-stack/real-time-task-collab/backend/node_modules/router/index.js:295:15
    at processParams (/Users/ioss/Documents/StudyProjects/full-stack/real-time-task-collab/backend/node_modules/router/index.js:582:12)
    at next (/Users/ioss/Documents/StudyProjects/full-stack/real-time-task-collab/backend/node_modules/router/index.js:291:5)
    at Function.handle (/Users/ioss/Documents/StudyProjects/full-stack/real-time-task-collab/backend/node_modules/router/index.js:186:3)[0m
[38;5;160m[Tue Dec 23 2025 12:46:02 GMT+0530] : 
create task error Cannot read properties of undefined (reading 'userId')
TypeError: Cannot read properties of undefined (reading 'userId')
    at createTask (file:///Users/ioss/Documents/StudyProjects/full-stack/real-time-task-collab/backend/src/controller/taskController.js:22:33)
    at Layer.handleRequest (/Users/ioss/Documents/StudyProjects/full-stack/real-time-task-collab/backend/node_modules/router/lib/layer.js:152:17)
    at next (/Users/ioss/Documents/StudyProjects/full-stack/real-time-task-collab/backend/node_modules/router/lib/route.js:157:13)
    at Route.dispatch (/Users/ioss/Documents/StudyProjects/full-stack/real-time-task-collab/backend/node_modules/router/lib/route.js:117:3)
    at handle (/Users/ioss/Documents/StudyProjects/full-stack/real-time-task-collab/backend/node_modules/router/index.js:435:11)
    at Layer.handleRequest (/Users/ioss/Documents/StudyProjects/full-stack/real-time-task-collab/backend/node_modules/router/lib/layer.js:152:17)
    at /Users/ioss/Documents/StudyProjects/full-stack/real-time-task-collab/backend/node_modules/router/index.js:295:15
    at processParams (/Users/ioss/Documents/StudyProjects/full-stack/real-time-task-collab/backend/node_modules/router/index.js:582:12)
    at next (/Users/ioss/Documents/StudyProjects/full-stack/real-time-task-collab/backend/node_modules/router/index.js:291:5)
    at Function.handle (/Users/ioss/Documents/StudyProjects/full-stack/real-time-task-collab/backend/node_modules/router/index.js:186:3)[0m
[38;5;160m[Tue Dec 23 2025 12:46:41 GMT+0530] : 
create task error Cannot read properties of undefined (reading 'userId')
TypeError: Cannot read properties of undefined (reading 'userId')
    at createTask (file:///Users/ioss/Documents/StudyProjects/full-stack/real-time-task-collab/backend/src/controller/taskController.js:23:33)
    at Layer.handleRequest (/Users/ioss/Documents/StudyProjects/full-stack/real-time-task-collab/backend/node_modules/router/lib/layer.js:152:17)
    at next (/Users/ioss/Documents/StudyProjects/full-stack/real-time-task-collab/backend/node_modules/router/lib/route.js:157:13)
    at Route.dispatch (/Users/ioss/Documents/StudyProjects/full-stack/real-time-task-collab/backend/node_modules/router/lib/route.js:117:3)
    at handle (/Users/ioss/Documents/StudyProjects/full-stack/real-time-task-collab/backend/node_modules/router/index.js:435:11)
    at Layer.handleRequest (/Users/ioss/Documents/StudyProjects/full-stack/real-time-task-collab/backend/node_modules/router/lib/layer.js:152:17)
    at /Users/ioss/Documents/StudyProjects/full-stack/real-time-task-collab/backend/node_modules/router/index.js:295:15
    at processParams (/Users/ioss/Documents/StudyProjects/full-stack/real-time-task-collab/backend/node_modules/router/index.js:582:12)
    at next (/Users/ioss/Documents/StudyProjects/full-stack/real-time-task-collab/backend/node_modules/router/index.js:291:5)
    at Function.handle (/Users/ioss/Documents/StudyProjects/full-stack/real-time-task-collab/backend/node_modules/router/index.js:186:3)[0m
[38;5;160m[Tue Dec 23 2025 12:48:38 GMT+0530] : 
create task error Cannot read properties of undefined (reading 'userId')
TypeError: Cannot read properties of undefined (reading 'userId')
    at createTask (file:///Users/ioss/Documents/StudyProjects/full-stack/real-time-task-collab/backend/src/controller/taskController.js:23:33)
    at Layer.handleRequest (/Users/ioss/Documents/StudyProjects/full-stack/real-time-task-collab/backend/node_modules/router/lib/layer.js:152:17)
    at next (/Users/ioss/Documents/StudyProjects/full-stack/real-time-task-collab/backend/node_modules/router/lib/route.js:157:13)
    at Route.dispatch (/Users/ioss/Documents/StudyProjects/full-stack/real-time-task-collab/backend/node_modules/router/lib/route.js:117:3)
    at handle (/Users/ioss/Documents/StudyProjects/full-stack/real-time-task-collab/backend/node_modules/router/index.js:435:11)
    at Layer.handleRequest (/Users/ioss/Documents/StudyProjects/full-stack/real-time-task-collab/backend/node_modules/router/lib/layer.js:152:17)
    at /Users/ioss/Documents/StudyProjects/full-stack/real-time-task-collab/backend/node_modules/router/index.js:295:15
    at processParams (/Users/ioss/Documents/StudyProjects/full-stack/real-time-task-collab/backend/node_modules/router/index.js:582:12)
    at next (/Users/ioss/Documents/StudyProjects/full-stack/real-time-task-collab/backend/node_modules/router/index.js:291:5)
    at Function.handle (/Users/ioss/Documents/StudyProjects/full-stack/real-time-task-collab/backend/node_modules/router/index.js:186:3)[0m
[38;5;160m[Tue Dec 23 2025 12:49:01 GMT+0530] : 
create task error Cannot read properties of undefined (reading 'userId')
TypeError: Cannot read properties of undefined (reading 'userId')
    at createTask (file:///Users/ioss/Documents/StudyProjects/full-stack/real-time-task-collab/backend/src/controller/taskController.js:23:33)
    at Layer.handleRequest (/Users/ioss/Documents/StudyProjects/full-stack/real-time-task-collab/backend/node_modules/router/lib/layer.js:152:17)
    at next (/Users/ioss/Documents/StudyProjects/full-stack/real-time-task-collab/backend/node_modules/router/lib/route.js:157:13)
    at Route.dispatch (/Users/ioss/Documents/StudyProjects/full-stack/real-time-task-collab/backend/node_modules/router/lib/route.js:117:3)
    at handle (/Users/ioss/Documents/StudyProjects/full-stack/real-time-task-collab/backend/node_modules/router/index.js:435:11)
    at Layer.handleRequest (/Users/ioss/Documents/StudyProjects/full-stack/real-time-task-collab/backend/node_modules/router/lib/layer.js:152:17)
    at /Users/ioss/Documents/StudyProjects/full-stack/real-time-task-collab/backend/node_modules/router/index.js:295:15
    at processParams (/Users/ioss/Documents/StudyProjects/full-stack/real-time-task-collab/backend/node_modules/router/index.js:582:12)
    at next (/Users/ioss/Documents/StudyProjects/full-stack/real-time-task-collab/backend/node_modules/router/index.js:291:5)
    at Function.handle (/Users/ioss/Documents/StudyProjects/full-stack/real-time-task-collab/backend/node_modules/router/index.js:186:3)[0m
[38;5;160m[Tue Dec 23 2025 12:49:10 GMT+0530] : 
create task error Cannot read properties of undefined (reading 'userId')
TypeError: Cannot read properties of undefined (reading 'userId')
    at createTask (file:///Users/ioss/Documents/StudyProjects/full-stack/real-time-task-collab/backend/src/controller/taskController.js:23:33)
    at Layer.handleRequest (/Users/ioss/Documents/StudyProjects/full-stack/real-time-task-collab/backend/node_modules/router/lib/layer.js:152:17)
    at next (/Users/ioss/Documents/StudyProjects/full-stack/real-time-task-collab/backend/node_modules/router/lib/route.js:157:13)
    at Route.dispatch (/Users/ioss/Documents/StudyProjects/full-stack/real-time-task-collab/backend/node_modules/router/lib/route.js:117:3)
    at handle (/Users/ioss/Documents/StudyProjects/full-stack/real-time-task-collab/backend/node_modules/router/index.js:435:11)
    at Layer.handleRequest (/Users/ioss/Documents/StudyProjects/full-stack/real-time-task-collab/backend/node_modules/router/lib/layer.js:152:17)
    at /Users/ioss/Documents/StudyProjects/full-stack/real-time-task-collab/backend/node_modules/router/index.js:295:15
    at processParams (/Users/ioss/Documents/StudyProjects/full-stack/real-time-task-collab/backend/node_modules/router/index.js:582:12)
    at next (/Users/ioss/Documents/StudyProjects/full-stack/real-time-task-collab/backend/node_modules/router/index.js:291:5)
    at Function.handle (/Users/ioss/Documents/StudyProjects/full-stack/real-time-task-collab/backend/node_modules/router/index.js:186:3)[0m
[38;5;160m[Tue Dec 23 2025 14:44:03 GMT+0530] : 
From mobile auth middlware:--- secret or public key must be provided
JsonWebTokenError: secret or public key must be provided
    at /Users/ioss/Documents/StudyProjects/full-stack/real-time-task-collab/backend/node_modules/jsonwebtoken/verify.js:113:19
    at getSecret (/Users/ioss/Documents/StudyProjects/full-stack/real-time-task-collab/backend/node_modules/jsonwebtoken/verify.js:97:14)
    at module.exports [as verify] (/Users/ioss/Documents/StudyProjects/full-stack/real-time-task-collab/backend/node_modules/jsonwebtoken/verify.js:101:10)
    at verifyAppToken (file:///Users/ioss/Documents/StudyProjects/full-stack/real-time-task-collab/backend/src/utils/jwtToken.js:49:16)
    at default (file:///Users/ioss/Documents/StudyProjects/full-stack/real-time-task-collab/backend/src/middleware/authMiddleware.js:12:33)
    at Layer.handleRequest (/Users/ioss/Documents/StudyProjects/full-stack/real-time-task-collab/backend/node_modules/router/lib/layer.js:152:17)
    at next (/Users/ioss/Documents/StudyProjects/full-stack/real-time-task-collab/backend/node_modules/router/lib/route.js:157:13)
    at Route.dispatch (/Users/ioss/Documents/StudyProjects/full-stack/real-time-task-collab/backend/node_modules/router/lib/route.js:117:3)
    at handle (/Users/ioss/Documents/StudyProjects/full-stack/real-time-task-collab/backend/node_modules/router/index.js:435:11)
    at Layer.handleRequest (/Users/ioss/Documents/StudyProjects/full-stack/real-time-task-collab/backend/node_modules/router/lib/layer.js:152:17)[0m
[38;5;160m[Tue Dec 23 2025 14:44:03 GMT+0530] : 
From mobile auth middlware:--- secret or public key must be provided
JsonWebTokenError: secret or public key must be provided
    at /Users/ioss/Documents/StudyProjects/full-stack/real-time-task-collab/backend/node_modules/jsonwebtoken/verify.js:113:19
    at getSecret (/Users/ioss/Documents/StudyProjects/full-stack/real-time-task-collab/backend/node_modules/jsonwebtoken/verify.js:97:14)
    at module.exports [as verify] (/Users/ioss/Documents/StudyProjects/full-stack/real-time-task-collab/backend/node_modules/jsonwebtoken/verify.js:101:10)
    at verifyAppToken (file:///Users/ioss/Documents/StudyProjects/full-stack/real-time-task-collab/backend/src/utils/jwtToken.js:49:16)
    at default (file:///Users/ioss/Documents/StudyProjects/full-stack/real-time-task-collab/backend/src/middleware/authMiddleware.js:12:33)
    at Layer.handleRequest (/Users/ioss/Documents/StudyProjects/full-stack/real-time-task-collab/backend/node_modules/router/lib/layer.js:152:17)
    at next (/Users/ioss/Documents/StudyProjects/full-stack/real-time-task-collab/backend/node_modules/router/lib/route.js:157:13)
    at Route.dispatch (/Users/ioss/Documents/StudyProjects/full-stack/real-time-task-collab/backend/node_modules/router/lib/route.js:117:3)
    at handle (/Users/ioss/Documents/StudyProjects/full-stack/real-time-task-collab/backend/node_modules/router/index.js:435:11)
    at Layer.handleRequest (/Users/ioss/Documents/StudyProjects/full-stack/real-time-task-collab/backend/node_modules/router/lib/layer.js:152:17)[0m
[38;5;160m[Tue Dec 23 2025 14:52:55 GMT+0530] : 
From mobile auth middlware:--- Unknown column 'userTokens' in 'field list'
Error
    at Query.run (/Users/ioss/Documents/node_modules/sequelize/lib/dialects/mysql/query.js:52:25)
    at /Users/ioss/Documents/node_modules/sequelize/lib/sequelize.js:315:28
    at process.processTicksAndRejections (node:internal/process/task_queues:105:5)
    at async MySQLQueryInterface.select (/Users/ioss/Documents/node_modules/sequelize/lib/dialects/abstract/query-interface.js:407:12)
    at async PendingRegistration.findAll (/Users/ioss/Documents/node_modules/sequelize/lib/model.js:1140:21)
    at async PendingRegistration.findOne (/Users/ioss/Documents/node_modules/sequelize/lib/model.js:1240:12)
    at async getFromDb (file:///Users/ioss/Documents/StudyProjects/full-stack/real-time-task-collab/backend/src/utils/jwtToken.js:44:12)
    at async default (file:///Users/ioss/Documents/StudyProjects/full-stack/real-time-task-collab/backend/src/middleware/authMiddleware.js:13:28)[0m
[38;5;160m[Tue Dec 23 2025 14:52:55 GMT+0530] : 
From mobile auth middlware:--- Unknown column 'userTokens' in 'field list'
Error
    at Query.run (/Users/ioss/Documents/node_modules/sequelize/lib/dialects/mysql/query.js:52:25)
    at /Users/ioss/Documents/node_modules/sequelize/lib/sequelize.js:315:28
    at process.processTicksAndRejections (node:internal/process/task_queues:105:5)
    at async MySQLQueryInterface.select (/Users/ioss/Documents/node_modules/sequelize/lib/dialects/abstract/query-interface.js:407:12)
    at async PendingRegistration.findAll (/Users/ioss/Documents/node_modules/sequelize/lib/model.js:1140:21)
    at async PendingRegistration.findOne (/Users/ioss/Documents/node_modules/sequelize/lib/model.js:1240:12)
    at async getFromDb (file:///Users/ioss/Documents/StudyProjects/full-stack/real-time-task-collab/backend/src/utils/jwtToken.js:44:12)
    at async default (file:///Users/ioss/Documents/StudyProjects/full-stack/real-time-task-collab/backend/src/middleware/authMiddleware.js:13:28)[0m
[38;5;160m[Tue Dec 23 2025 15:00:34 GMT+0530] : 
From mobile auth middlware:--- Unknown column 'userTokens' in 'field list'
Error
    at Query.run (/Users/ioss/Documents/node_modules/sequelize/lib/dialects/mysql/query.js:52:25)
    at /Users/ioss/Documents/node_modules/sequelize/lib/sequelize.js:315:28
    at process.processTicksAndRejections (node:internal/process/task_queues:105:5)
    at async MySQLQueryInterface.select (/Users/ioss/Documents/node_modules/sequelize/lib/dialects/abstract/query-interface.js:407:12)
    at async PendingRegistration.findAll (/Users/ioss/Documents/node_modules/sequelize/lib/model.js:1140:21)
    at async PendingRegistration.findOne (/Users/ioss/Documents/node_modules/sequelize/lib/model.js:1240:12)
    at async getFromDb (file:///Users/ioss/Documents/StudyProjects/full-stack/real-time-task-collab/backend/src/utils/jwtToken.js:44:12)
    at async default (file:///Users/ioss/Documents/StudyProjects/full-stack/real-time-task-collab/backend/src/middleware/authMiddleware.js:13:28)[0m
[38;5;160m[Tue Dec 23 2025 15:00:34 GMT+0530] : 
From mobile auth middlware:--- Unknown column 'userTokens' in 'field list'
Error
    at Query.run (/Users/ioss/Documents/node_modules/sequelize/lib/dialects/mysql/query.js:52:25)
    at /Users/ioss/Documents/node_modules/sequelize/lib/sequelize.js:315:28
    at process.processTicksAndRejections (node:internal/process/task_queues:105:5)
    at async MySQLQueryInterface.select (/Users/ioss/Documents/node_modules/sequelize/lib/dialects/abstract/query-interface.js:407:12)
    at async PendingRegistration.findAll (/Users/ioss/Documents/node_modules/sequelize/lib/model.js:1140:21)
    at async PendingRegistration.findOne (/Users/ioss/Documents/node_modules/sequelize/lib/model.js:1240:12)
    at async getFromDb (file:///Users/ioss/Documents/StudyProjects/full-stack/real-time-task-collab/backend/src/utils/jwtToken.js:44:12)
    at async default (file:///Users/ioss/Documents/StudyProjects/full-stack/real-time-task-collab/backend/src/middleware/authMiddleware.js:13:28)[0m
