[38;5;35m[Thu Dec 18 2025 12:08:48 GMT+0530] : 
User login attempt: {
  "email": "yasu01@gmail.com",
  "password": "12345678"
}[0m
[38;5;35m[Thu Dec 18 2025 12:09:00 GMT+0530] : 
User login attempt: {
  "email": "yasu01@gmail.com",
  "password": "12345678"
}[0m
[38;5;35m[Thu Dec 18 2025 12:09:10 GMT+0530] : 
User login attempt: {
  "email": "yasu01@gmail.comm",
  "password": "12345678"
}[0m
[38;5;35m[Thu Dec 18 2025 12:09:16 GMT+0530] : 
User login attempt: {
  "email": "yasu01@gmail.com",
  "password": "12345678"
}[0m
[38;5;35m[Thu Dec 18 2025 12:13:54 GMT+0530] : 
User login attempt: {
  "email": "yasu01@gmail.com",
  "password": "12345678"
}[0m
[38;5;35m[Thu Dec 18 2025 12:14:45 GMT+0530] : 
User login attempt: {
  "email": "yasu01@gmail.com",
  "password": "12345678"
}[0m
[38;5;35m[Thu Dec 18 2025 12:15:44 GMT+0530] : 
User login attempt: {
  "email": "yasu01@gmail.com",
  "password": "12345678"
}[0m
[38;5;35m[Thu Dec 18 2025 12:21:13 GMT+0530] : 
User login attempt: {
  "email": "yasu01@gmail.com",
  "password": "12345678"
}[0m
[38;5;35m[Thu Dec 18 2025 12:21:47 GMT+0530] : 
User login attempt: {
  "email": "yasu01@gmail.com",
  "password": "12345678"
}[0m
[38;5;35m[Thu Dec 18 2025 12:22:10 GMT+0530] : 
User login attempt: {
  "email": "yasu01@gmail.com",
  "password": "12345678"
}[0m
[38;5;35m[Thu Dec 18 2025 12:22:26 GMT+0530] : 
User login attempt: {
  "email": "yasu01@gmail.comm",
  "password": "12345678"
}[0m
[38;5;35m[Thu Dec 18 2025 12:23:21 GMT+0530] : 
User login attempt: {
  "email": "yasu01@gmail.comm",
  "password": "12345678"
}[0m
[38;5;35m[Thu Dec 18 2025 12:23:38 GMT+0530] : 
User login attempt: {
  "email": "yasu01@gmail.comm",
  "password": "12345678"
}[0m
[38;5;35m[Thu Dec 18 2025 12:23:53 GMT+0530] : 
User login attempt: {
  "email": "yasu01@gmail.comm",
  "password": "12345678"
}[0m
[38;5;35m[Thu Dec 18 2025 12:24:03 GMT+0530] : 
User login attempt: {
  "email": "yasu01@gmail.comm",
  "password": "12345678"
}[0m
[38;5;35m[Thu Dec 18 2025 12:24:24 GMT+0530] : 
User login attempt: {
  "email": "yasu01@gmail.comm",
  "password": "12345678"
}[0m
[38;5;35m[Thu Dec 18 2025 12:24:34 GMT+0530] : 
User login attempt: {
  "email": "yasu01@gmail.comm",
  "password": "12345678"
}[0m
[38;5;160m[Thu Dec 18 2025 13:54:10 GMT+0530] : 
Error syncing MySQL models: Too many keys specified; max 64 keys allowed
Error
    at Query.run (/Users/ioss/Documents/node_modules/sequelize/lib/dialects/mysql/query.js:52:25)
    at /Users/ioss/Documents/node_modules/sequelize/lib/sequelize.js:315:28
    at process.processTicksAndRejections (node:internal/process/task_queues:105:5)
    at async User.sync (/Users/ioss/Documents/node_modules/sequelize/lib/model.js:984:11)
    at async Sequelize.sync (/Users/ioss/Documents/node_modules/sequelize/lib/sequelize.js:377:9)
    at async initDb (file:///Users/ioss/Documents/StudyProjects/full-stack/real-time-task-collab/backend/src/models/index.js:18:5)[0m
[38;5;160m[Thu Dec 18 2025 13:54:30 GMT+0530] : 
Error syncing MySQL models: Too many keys specified; max 64 keys allowed
Error
    at Query.run (/Users/ioss/Documents/node_modules/sequelize/lib/dialects/mysql/query.js:52:25)
    at /Users/ioss/Documents/node_modules/sequelize/lib/sequelize.js:315:28
    at process.processTicksAndRejections (node:internal/process/task_queues:105:5)
    at async User.sync (/Users/ioss/Documents/node_modules/sequelize/lib/model.js:984:11)
    at async Sequelize.sync (/Users/ioss/Documents/node_modules/sequelize/lib/sequelize.js:377:9)
    at async initDb (file:///Users/ioss/Documents/StudyProjects/full-stack/real-time-task-collab/backend/src/models/index.js:18:5)[0m
[38;5;160m[Thu Dec 18 2025 13:55:30 GMT+0530] : 
Error syncing MySQL models: Too many keys specified; max 64 keys allowed
Error
    at Query.run (/Users/ioss/Documents/node_modules/sequelize/lib/dialects/mysql/query.js:52:25)
    at /Users/ioss/Documents/node_modules/sequelize/lib/sequelize.js:315:28
    at process.processTicksAndRejections (node:internal/process/task_queues:105:5)
    at async User.sync (/Users/ioss/Documents/node_modules/sequelize/lib/model.js:984:11)
    at async Sequelize.sync (/Users/ioss/Documents/node_modules/sequelize/lib/sequelize.js:377:9)
    at async initDb (file:///Users/ioss/Documents/StudyProjects/full-stack/real-time-task-collab/backend/src/models/index.js:18:5)[0m
[38;5;160m[Thu Dec 18 2025 13:55:37 GMT+0530] : 
Error syncing MySQL models: Too many keys specified; max 64 keys allowed
Error
    at Query.run (/Users/ioss/Documents/node_modules/sequelize/lib/dialects/mysql/query.js:52:25)
    at /Users/ioss/Documents/node_modules/sequelize/lib/sequelize.js:315:28
    at process.processTicksAndRejections (node:internal/process/task_queues:105:5)
    at async User.sync (/Users/ioss/Documents/node_modules/sequelize/lib/model.js:984:11)
    at async Sequelize.sync (/Users/ioss/Documents/node_modules/sequelize/lib/sequelize.js:377:9)
    at async initDb (file:///Users/ioss/Documents/StudyProjects/full-stack/real-time-task-collab/backend/src/models/index.js:18:5)[0m
[38;5;160m[Thu Dec 18 2025 13:55:38 GMT+0530] : 
Error syncing MySQL models: Too many keys specified; max 64 keys allowed
Error
    at Query.run (/Users/ioss/Documents/node_modules/sequelize/lib/dialects/mysql/query.js:52:25)
    at /Users/ioss/Documents/node_modules/sequelize/lib/sequelize.js:315:28
    at process.processTicksAndRejections (node:internal/process/task_queues:105:5)
    at async User.sync (/Users/ioss/Documents/node_modules/sequelize/lib/model.js:984:11)
    at async Sequelize.sync (/Users/ioss/Documents/node_modules/sequelize/lib/sequelize.js:377:9)
    at async initDb (file:///Users/ioss/Documents/StudyProjects/full-stack/real-time-task-collab/backend/src/models/index.js:18:5)[0m
[38;5;160m[Thu Dec 18 2025 15:02:44 GMT+0530] : 
Error syncing MySQL models: Too many keys specified; max 64 keys allowed
Error
    at Query.run (/Users/ioss/Documents/node_modules/sequelize/lib/dialects/mysql/query.js:52:25)
    at /Users/ioss/Documents/node_modules/sequelize/lib/sequelize.js:315:28
    at process.processTicksAndRejections (node:internal/process/task_queues:105:5)
    at async User.sync (/Users/ioss/Documents/node_modules/sequelize/lib/model.js:984:11)
    at async Sequelize.sync (/Users/ioss/Documents/node_modules/sequelize/lib/sequelize.js:377:9)
    at async initDb (file:///Users/ioss/Documents/StudyProjects/full-stack/real-time-task-collab/backend/src/models/index.js:18:5)[0m
[38;5;160m[Thu Dec 18 2025 15:03:20 GMT+0530] : 
Error syncing MySQL models: Too many keys specified; max 64 keys allowed
Error
    at Query.run (/Users/ioss/Documents/node_modules/sequelize/lib/dialects/mysql/query.js:52:25)
    at /Users/ioss/Documents/node_modules/sequelize/lib/sequelize.js:315:28
    at process.processTicksAndRejections (node:internal/process/task_queues:105:5)
    at async User.sync (/Users/ioss/Documents/node_modules/sequelize/lib/model.js:984:11)
    at async Sequelize.sync (/Users/ioss/Documents/node_modules/sequelize/lib/sequelize.js:377:9)
    at async initDb (file:///Users/ioss/Documents/StudyProjects/full-stack/real-time-task-collab/backend/src/models/index.js:18:5)[0m
[38;5;160m[Thu Dec 18 2025 15:03:27 GMT+0530] : 
Error syncing MySQL models: Too many keys specified; max 64 keys allowed
Error
    at Query.run (/Users/ioss/Documents/node_modules/sequelize/lib/dialects/mysql/query.js:52:25)
    at /Users/ioss/Documents/node_modules/sequelize/lib/sequelize.js:315:28
    at process.processTicksAndRejections (node:internal/process/task_queues:105:5)
    at async User.sync (/Users/ioss/Documents/node_modules/sequelize/lib/model.js:984:11)
    at async Sequelize.sync (/Users/ioss/Documents/node_modules/sequelize/lib/sequelize.js:377:9)
    at async initDb (file:///Users/ioss/Documents/StudyProjects/full-stack/real-time-task-collab/backend/src/models/index.js:18:5)[0m
[38;5;160m[Thu Dec 18 2025 15:05:57 GMT+0530] : 
Error syncing MySQL models: Too many keys specified; max 64 keys allowed
Error
    at Query.run (/Users/ioss/Documents/node_modules/sequelize/lib/dialects/mysql/query.js:52:25)
    at /Users/ioss/Documents/node_modules/sequelize/lib/sequelize.js:315:28
    at process.processTicksAndRejections (node:internal/process/task_queues:105:5)
    at async User.sync (/Users/ioss/Documents/node_modules/sequelize/lib/model.js:984:11)
    at async Sequelize.sync (/Users/ioss/Documents/node_modules/sequelize/lib/sequelize.js:377:9)
    at async initDb (file:///Users/ioss/Documents/StudyProjects/full-stack/real-time-task-collab/backend/src/models/index.js:18:5)[0m
[38;5;160m[Thu Dec 18 2025 15:06:08 GMT+0530] : 
Error syncing MySQL models: Too many keys specified; max 64 keys allowed
Error
    at Query.run (/Users/ioss/Documents/node_modules/sequelize/lib/dialects/mysql/query.js:52:25)
    at /Users/ioss/Documents/node_modules/sequelize/lib/sequelize.js:315:28
    at process.processTicksAndRejections (node:internal/process/task_queues:105:5)
    at async User.sync (/Users/ioss/Documents/node_modules/sequelize/lib/model.js:984:11)
    at async Sequelize.sync (/Users/ioss/Documents/node_modules/sequelize/lib/sequelize.js:377:9)
    at async initDb (file:///Users/ioss/Documents/StudyProjects/full-stack/real-time-task-collab/backend/src/models/index.js:18:5)[0m
[38;5;160m[Thu Dec 18 2025 15:06:10 GMT+0530] : 
Error syncing MySQL models: Too many keys specified; max 64 keys allowed
Error
    at Query.run (/Users/ioss/Documents/node_modules/sequelize/lib/dialects/mysql/query.js:52:25)
    at /Users/ioss/Documents/node_modules/sequelize/lib/sequelize.js:315:28
    at process.processTicksAndRejections (node:internal/process/task_queues:105:5)
    at async User.sync (/Users/ioss/Documents/node_modules/sequelize/lib/model.js:984:11)
    at async Sequelize.sync (/Users/ioss/Documents/node_modules/sequelize/lib/sequelize.js:377:9)
    at async initDb (file:///Users/ioss/Documents/StudyProjects/full-stack/real-time-task-collab/backend/src/models/index.js:18:5)[0m
[38;5;160m[Thu Dec 18 2025 15:06:57 GMT+0530] : 
Error syncing MySQL models: Too many keys specified; max 64 keys allowed
Error
    at Query.run (/Users/ioss/Documents/node_modules/sequelize/lib/dialects/mysql/query.js:52:25)
    at /Users/ioss/Documents/node_modules/sequelize/lib/sequelize.js:315:28
    at process.processTicksAndRejections (node:internal/process/task_queues:105:5)
    at async User.sync (/Users/ioss/Documents/node_modules/sequelize/lib/model.js:984:11)
    at async Sequelize.sync (/Users/ioss/Documents/node_modules/sequelize/lib/sequelize.js:377:9)
    at async initDb (file:///Users/ioss/Documents/StudyProjects/full-stack/real-time-task-collab/backend/src/models/index.js:18:5)[0m
[38;5;35m[Thu Dec 18 2025 15:09:23 GMT+0530] : 
User login attempt: {
  "email": "yasu01@gmail.com",
  "password": "12345678"
}[0m
[38;5;35m[Thu Dec 18 2025 15:13:41 GMT+0530] : 
User login attempt: {
  "email": "yasu01@gmail.com",
  "password": "12345678"
}[0m
[38;5;35m[Thu Dec 18 2025 15:14:39 GMT+0530] : 
User login attempt: {
  "email": "yasu01@gmail.com",
  "password": "12345678"
}[0m
[38;5;35m[Thu Dec 18 2025 15:14:48 GMT+0530] : 
User login attempt: {
  "email": "yasu01@gmail.com",
  "password": "12345678"
}[0m
[38;5;35m[Thu Dec 18 2025 15:37:41 GMT+0530] : 
User login attempt: {
  "email": "yasu01@gmail.com",
  "password": "12345678"
}[0m
[38;5;35m[Thu Dec 18 2025 15:43:23 GMT+0530] : 
User login attempt: {
  "email": "yasu01@gmail.com",
  "password": "12345678"
}[0m
[38;5;35m[Thu Dec 18 2025 15:45:29 GMT+0530] : 
User login attempt: {
  "email": "yasu01@gmail.com",
  "password": "12345678"
}[0m
[38;5;35m[Thu Dec 18 2025 15:45:59 GMT+0530] : 
User login attempt: {
  "email": "yasu01@gmail.com",
  "password": "12345678"
}[0m
[38;5;35m[Thu Dec 18 2025 16:02:58 GMT+0530] : 
User login attempt: {
  "email": "yasu01@gmail.com",
  "password": "12345678"
}[0m
[38;5;160m[Thu Dec 18 2025 16:04:14 GMT+0530] : 
Registration error: Validation error
Error
    at Query.run (/Users/ioss/Documents/node_modules/sequelize/lib/dialects/mysql/query.js:52:25)
    at /Users/ioss/Documents/node_modules/sequelize/lib/sequelize.js:315:28
    at process.processTicksAndRejections (node:internal/process/task_queues:105:5)
    at async MySQLQueryInterface.insert (/Users/ioss/Documents/node_modules/sequelize/lib/dialects/abstract/query-interface.js:308:21)
    at async model.save (/Users/ioss/Documents/node_modules/sequelize/lib/model.js:2490:35)
    at async User.create (/Users/ioss/Documents/node_modules/sequelize/lib/model.js:1362:12)
    at async register (file:///Users/ioss/Documents/StudyProjects/full-stack/real-time-task-collab/backend/src/controller/authController.js:10:22)[0m
[38;5;35m[Thu Dec 18 2025 16:04:32 GMT+0530] : 
User login attempt: {
  "email": "yasu05@gmail.com",
  "password": "12345678"
}[0m
[38;5;35m[Thu Dec 18 2025 16:41:25 GMT+0530] : 
User login attempt: {
  "email": "yasu01@gmail.com",
  "password": "fgsdbheh"
}[0m
[38;5;35m[Thu Dec 18 2025 16:41:30 GMT+0530] : 
User login attempt: {
  "email": "yasu01@gmail.com",
  "password": "12345678"
}[0m
