[38;5;35m[Tue Dec 30 2025 15:49:54 GMT+0530] : 
[authMiddleware] JWT_SECRET: eHC9rNSsezIQeQqwu++0hXWFOTcnqEUdeOK88w3bn6o=[0m
[38;5;35m[Tue Dec 30 2025 15:49:54 GMT+0530] : 
Database connection established[0m
[38;5;35m[Tue Dec 30 2025 15:49:55 GMT+0530] : 
MySQL models synced successfully[0m
<<<<<<< Updated upstream
[38;5;35m[Tue Dec 30 2025 15:50:10 GMT+0530] : 
[authMiddleware] JWT_SECRET: eHC9rNSsezIQeQqwu++0hXWFOTcnqEUdeOK88w3bn6o=[0m
[38;5;35m[Tue Dec 30 2025 15:50:10 GMT+0530] : 
Database connection established[0m
[38;5;35m[Tue Dec 30 2025 15:50:10 GMT+0530] : 
MySQL models synced successfully[0m
[38;5;35m[Tue Dec 30 2025 15:50:11 GMT+0530] : 
[authMiddleware] JWT_SECRET: eHC9rNSsezIQeQqwu++0hXWFOTcnqEUdeOK88w3bn6o=[0m
[38;5;35m[Tue Dec 30 2025 15:50:11 GMT+0530] : 
Database connection established[0m
[38;5;35m[Tue Dec 30 2025 15:50:11 GMT+0530] : 
MySQL models synced successfully[0m
[38;5;35m[Tue Dec 30 2025 15:50:14 GMT+0530] : 
[authMiddleware] JWT_SECRET: eHC9rNSsezIQeQqwu++0hXWFOTcnqEUdeOK88w3bn6o=[0m
[38;5;35m[Tue Dec 30 2025 15:50:14 GMT+0530] : 
Database connection established[0m
[38;5;35m[Tue Dec 30 2025 15:50:14 GMT+0530] : 
MySQL models synced successfully[0m
[38;5;35m[Tue Dec 30 2025 15:51:06 GMT+0530] : 
[authMiddleware] JWT_SECRET: eHC9rNSsezIQeQqwu++0hXWFOTcnqEUdeOK88w3bn6o=[0m
[38;5;35m[Tue Dec 30 2025 15:51:06 GMT+0530] : 
Database connection established[0m
[38;5;35m[Tue Dec 30 2025 15:51:06 GMT+0530] : 
MySQL models synced successfully[0m
[38;5;35m[Tue Dec 30 2025 15:51:44 GMT+0530] : 
[authMiddleware] JWT_SECRET: eHC9rNSsezIQeQqwu++0hXWFOTcnqEUdeOK88w3bn6o=[0m
[38;5;35m[Tue Dec 30 2025 15:51:44 GMT+0530] : 
Database connection established[0m
[38;5;35m[Tue Dec 30 2025 15:51:44 GMT+0530] : 
MySQL models synced successfully[0m
[38;5;35m[Tue Dec 30 2025 15:51:49 GMT+0530] : 
Generating JWT token { id: 3, email: 'yasu01@gmail.com', firstName: 'yasu01' }[0m
[38;5;39m[Tue Dec 30 2025 15:51:49 GMT+0530] : 
Setting JWT token for userId: 3[0m
[38;5;39m[Tue Dec 30 2025 15:51:49 GMT+0530] : 
updating token for userId: AccessKey {
  dataValues: {
    id: 1,
    userId: 3,
    token: 'eyJhbGciOiJIUzI1NiIsInR5cCI6IkpXVCJ9.eyJpZCI6MywiZW1haWwiOiJ5YXN1MDFAZ21haWwuY29tIiwiZmlyc3ROYW1lIjoieWFzdTAxIiwiaWF0IjoxNzY3MDg5ODM5LCJleHAiOjE3NjcxNzYyMzl9.Fee0QteFH6hos5KeahYamqCLTCe4ZAT4mAWq5Xl99HM',
    mobileToken: null,
    ip: null,
    expiry: 1,
    createdAt: 2025-12-23T06:19:41.000Z,
    updatedAt: 2025-12-30T10:17:19.000Z
  },
  _previousDataValues: {
    id: 1,
    userId: 3,
    token: 'eyJhbGciOiJIUzI1NiIsInR5cCI6IkpXVCJ9.eyJpZCI6MywiZW1haWwiOiJ5YXN1MDFAZ21haWwuY29tIiwiZmlyc3ROYW1lIjoieWFzdTAxIiwiaWF0IjoxNzY3MDg5ODM5LCJleHAiOjE3NjcxNzYyMzl9.Fee0QteFH6hos5KeahYamqCLTCe4ZAT4mAWq5Xl99HM',
    mobileToken: null,
    ip: null,
    expiry: 1,
    createdAt: 2025-12-23T06:19:41.000Z,
    updatedAt: 2025-12-30T10:17:19.000Z
  },
  uniqno: 1,
  _changed: Set(0) {},
  _options: {
    isNewRecord: false,
    _schema: null,
    _schemaDelimiter: '',
    raw: true,
    attributes: [
      'id',
      'userId',
      'token',
      'mobileToken',
      'ip',
      'expiry',
      'createdAt',
      'updatedAt'
    ]
  },
  isNewRecord: false
}[0m
[38;5;35m[Tue Dec 30 2025 15:51:49 GMT+0530] : 
[authMiddleware] Incoming token: eyJhbGciOiJIUzI1NiIsInR5cCI6IkpXVCJ9.eyJpZCI6MywiZW1haWwiOiJ5YXN1MDFAZ21haWwuY29tIiwiZmlyc3ROYW1lIjoieWFzdTAxIiwiaWF0IjoxNzY3MDkwMTA5LCJleHAiOjE3NjcxNzY1MDl9.jCyIKDGW3M-r8KDrplY8FDqFTTUOjHvx0dEA8UuKuXg[0m
[38;5;35m[Tue Dec 30 2025 15:51:49 GMT+0530] : 
[authMiddleware] Decoded JWT: {
  id: 3,
  email: 'yasu01@gmail.com',
  firstName: 'yasu01',
  iat: 1767090109,
  exp: 1767176509
}[0m
[38;5;35m[Tue Dec 30 2025 15:51:49 GMT+0530] : 
[authMiddleware] DB lookup result: AccessKey {
  dataValues: {
    id: 1,
    userId: 3,
    token: 'eyJhbGciOiJIUzI1NiIsInR5cCI6IkpXVCJ9.eyJpZCI6MywiZW1haWwiOiJ5YXN1MDFAZ21haWwuY29tIiwiZmlyc3ROYW1lIjoieWFzdTAxIiwiaWF0IjoxNzY3MDkwMTA5LCJleHAiOjE3NjcxNzY1MDl9.jCyIKDGW3M-r8KDrplY8FDqFTTUOjHvx0dEA8UuKuXg',
    mobileToken: null,
    ip: null,
    expiry: 1,
    createdAt: 2025-12-23T06:19:41.000Z,
    updatedAt: 2025-12-30T10:21:49.000Z
  },
  _previousDataValues: {
    id: 1,
    userId: 3,
    token: 'eyJhbGciOiJIUzI1NiIsInR5cCI6IkpXVCJ9.eyJpZCI6MywiZW1haWwiOiJ5YXN1MDFAZ21haWwuY29tIiwiZmlyc3ROYW1lIjoieWFzdTAxIiwiaWF0IjoxNzY3MDkwMTA5LCJleHAiOjE3NjcxNzY1MDl9.jCyIKDGW3M-r8KDrplY8FDqFTTUOjHvx0dEA8UuKuXg',
    mobileToken: null,
    ip: null,
    expiry: 1,
    createdAt: 2025-12-23T06:19:41.000Z,
    updatedAt: 2025-12-30T10:21:49.000Z
  },
  uniqno: 1,
  _changed: Set(0) {},
  _options: {
    isNewRecord: false,
    _schema: null,
    _schemaDelimiter: '',
    raw: true,
    attributes: [
      'id',
      'userId',
      'token',
      'mobileToken',
      'ip',
      'expiry',
      'createdAt',
      'updatedAt'
    ]
  },
  isNewRecord: false
}[0m
[38;5;35m[Tue Dec 30 2025 15:51:49 GMT+0530] : 
[authMiddleware] Stored token from DB: eyJhbGciOiJIUzI1NiIsInR5cCI6IkpXVCJ9.eyJpZCI6MywiZW1haWwiOiJ5YXN1MDFAZ21haWwuY29tIiwiZmlyc3ROYW1lIjoieWFzdTAxIiwiaWF0IjoxNzY3MDkwMTA5LCJleHAiOjE3NjcxNzY1MDl9.jCyIKDGW3M-r8KDrplY8FDqFTTUOjHvx0dEA8UuKuXg[0m
[38;5;35m[Tue Dec 30 2025 15:51:49 GMT+0530] : 
[authMiddleware] Incoming token: eyJhbGciOiJIUzI1NiIsInR5cCI6IkpXVCJ9.eyJpZCI6MywiZW1haWwiOiJ5YXN1MDFAZ21haWwuY29tIiwiZmlyc3ROYW1lIjoieWFzdTAxIiwiaWF0IjoxNzY3MDkwMTA5LCJleHAiOjE3NjcxNzY1MDl9.jCyIKDGW3M-r8KDrplY8FDqFTTUOjHvx0dEA8UuKuXg[0m
[38;5;35m[Tue Dec 30 2025 15:51:49 GMT+0530] : 
[authMiddleware] Decoded JWT: {
  id: 3,
  email: 'yasu01@gmail.com',
  firstName: 'yasu01',
  iat: 1767090109,
  exp: 1767176509
}[0m
[38;5;35m[Tue Dec 30 2025 15:51:49 GMT+0530] : 
[authMiddleware] DB lookup result: AccessKey {
  dataValues: {
    id: 1,
    userId: 3,
    token: 'eyJhbGciOiJIUzI1NiIsInR5cCI6IkpXVCJ9.eyJpZCI6MywiZW1haWwiOiJ5YXN1MDFAZ21haWwuY29tIiwiZmlyc3ROYW1lIjoieWFzdTAxIiwiaWF0IjoxNzY3MDkwMTA5LCJleHAiOjE3NjcxNzY1MDl9.jCyIKDGW3M-r8KDrplY8FDqFTTUOjHvx0dEA8UuKuXg',
    mobileToken: null,
    ip: null,
    expiry: 1,
    createdAt: 2025-12-23T06:19:41.000Z,
    updatedAt: 2025-12-30T10:21:49.000Z
  },
  _previousDataValues: {
    id: 1,
    userId: 3,
    token: 'eyJhbGciOiJIUzI1NiIsInR5cCI6IkpXVCJ9.eyJpZCI6MywiZW1haWwiOiJ5YXN1MDFAZ21haWwuY29tIiwiZmlyc3ROYW1lIjoieWFzdTAxIiwiaWF0IjoxNzY3MDkwMTA5LCJleHAiOjE3NjcxNzY1MDl9.jCyIKDGW3M-r8KDrplY8FDqFTTUOjHvx0dEA8UuKuXg',
    mobileToken: null,
    ip: null,
    expiry: 1,
    createdAt: 2025-12-23T06:19:41.000Z,
    updatedAt: 2025-12-30T10:21:49.000Z
  },
  uniqno: 1,
  _changed: Set(0) {},
  _options: {
    isNewRecord: false,
    _schema: null,
    _schemaDelimiter: '',
    raw: true,
    attributes: [
      'id',
      'userId',
      'token',
      'mobileToken',
      'ip',
      'expiry',
      'createdAt',
      'updatedAt'
    ]
  },
  isNewRecord: false
}[0m
[38;5;35m[Tue Dec 30 2025 15:51:49 GMT+0530] : 
[authMiddleware] Stored token from DB: eyJhbGciOiJIUzI1NiIsInR5cCI6IkpXVCJ9.eyJpZCI6MywiZW1haWwiOiJ5YXN1MDFAZ21haWwuY29tIiwiZmlyc3ROYW1lIjoieWFzdTAxIiwiaWF0IjoxNzY3MDkwMTA5LCJleHAiOjE3NjcxNzY1MDl9.jCyIKDGW3M-r8KDrplY8FDqFTTUOjHvx0dEA8UuKuXg[0m
[38;5;35m[Tue Dec 30 2025 15:51:54 GMT+0530] : 
[authMiddleware] Incoming token: eyJhbGciOiJIUzI1NiIsInR5cCI6IkpXVCJ9.eyJpZCI6MywiZW1haWwiOiJ5YXN1MDFAZ21haWwuY29tIiwiZmlyc3ROYW1lIjoieWFzdTAxIiwiaWF0IjoxNzY3MDkwMTA5LCJleHAiOjE3NjcxNzY1MDl9.jCyIKDGW3M-r8KDrplY8FDqFTTUOjHvx0dEA8UuKuXg[0m
[38;5;35m[Tue Dec 30 2025 15:51:54 GMT+0530] : 
[authMiddleware] Decoded JWT: {
  id: 3,
  email: 'yasu01@gmail.com',
  firstName: 'yasu01',
  iat: 1767090109,
  exp: 1767176509
}[0m
[38;5;35m[Tue Dec 30 2025 15:51:54 GMT+0530] : 
[authMiddleware] DB lookup result: AccessKey {
  dataValues: {
    id: 1,
    userId: 3,
    token: 'eyJhbGciOiJIUzI1NiIsInR5cCI6IkpXVCJ9.eyJpZCI6MywiZW1haWwiOiJ5YXN1MDFAZ21haWwuY29tIiwiZmlyc3ROYW1lIjoieWFzdTAxIiwiaWF0IjoxNzY3MDkwMTA5LCJleHAiOjE3NjcxNzY1MDl9.jCyIKDGW3M-r8KDrplY8FDqFTTUOjHvx0dEA8UuKuXg',
    mobileToken: null,
    ip: null,
    expiry: 1,
    createdAt: 2025-12-23T06:19:41.000Z,
    updatedAt: 2025-12-30T10:21:49.000Z
  },
  _previousDataValues: {
    id: 1,
    userId: 3,
    token: 'eyJhbGciOiJIUzI1NiIsInR5cCI6IkpXVCJ9.eyJpZCI6MywiZW1haWwiOiJ5YXN1MDFAZ21haWwuY29tIiwiZmlyc3ROYW1lIjoieWFzdTAxIiwiaWF0IjoxNzY3MDkwMTA5LCJleHAiOjE3NjcxNzY1MDl9.jCyIKDGW3M-r8KDrplY8FDqFTTUOjHvx0dEA8UuKuXg',
    mobileToken: null,
    ip: null,
    expiry: 1,
    createdAt: 2025-12-23T06:19:41.000Z,
    updatedAt: 2025-12-30T10:21:49.000Z
  },
  uniqno: 1,
  _changed: Set(0) {},
  _options: {
    isNewRecord: false,
    _schema: null,
    _schemaDelimiter: '',
    raw: true,
    attributes: [
      'id',
      'userId',
      'token',
      'mobileToken',
      'ip',
      'expiry',
      'createdAt',
      'updatedAt'
    ]
  },
  isNewRecord: false
}[0m
[38;5;35m[Tue Dec 30 2025 15:51:54 GMT+0530] : 
[authMiddleware] Stored token from DB: eyJhbGciOiJIUzI1NiIsInR5cCI6IkpXVCJ9.eyJpZCI6MywiZW1haWwiOiJ5YXN1MDFAZ21haWwuY29tIiwiZmlyc3ROYW1lIjoieWFzdTAxIiwiaWF0IjoxNzY3MDkwMTA5LCJleHAiOjE3NjcxNzY1MDl9.jCyIKDGW3M-r8KDrplY8FDqFTTUOjHvx0dEA8UuKuXg[0m
=======
[38;5;35m[Tue Dec 30 2025 18:01:12 GMT+0530] : 
[authMiddleware] JWT_SECRET: eHC9rNSsezIQeQqwu++0hXWFOTcnqEUdeOK88w3bn6o=[0m
[38;5;35m[Tue Dec 30 2025 18:01:12 GMT+0530] : 
Database connection established[0m
[38;5;35m[Tue Dec 30 2025 18:01:12 GMT+0530] : 
MySQL models synced successfully[0m
>>>>>>> Stashed changes
