[38;5;35m[Wed Dec 31 2025 13:08:45 GMT+0530] : 
[authMiddleware] JWT_SECRET: eHC9rNSsezIQeQqwu++0hXWFOTcnqEUdeOK88w3bn6o=[0m
[38;5;35m[Wed Dec 31 2025 13:08:45 GMT+0530] : 
Database connection established[0m
[38;5;35m[Wed Dec 31 2025 13:08:45 GMT+0530] : 
MySQL models synced successfully[0m
[38;5;35m[Wed Dec 31 2025 13:09:02 GMT+0530] : 
Generating JWT token { id: 3, email: 'yasu01@gmail.com', firstName: 'yasu01' }[0m
[38;5;39m[Wed Dec 31 2025 13:09:02 GMT+0530] : 
Setting JWT token for userId: 3[0m
[38;5;39m[Wed Dec 31 2025 13:09:02 GMT+0530] : 
updating token for userId: AccessKey {
  dataValues: {
    id: 1,
    userId: 3,
    token: 'eyJhbGciOiJIUzI1NiIsInR5cCI6IkpXVCJ9.eyJpZCI6MywiZW1haWwiOiJ5YXN1MDFAZ21haWwuY29tIiwiZmlyc3ROYW1lIjoieWFzdTAxIiwiaWF0IjoxNzY3MDkwMTA5LCJleHAiOjE3NjcxNzY1MDl9.jCyIKDGW3M-r8KDrplY8FDqFTTUOjHvx0dEA8UuKuXg',
    mobileToken: null,
    ip: null,
    expiry: 1,
    createdAt: 2025-12-23T06:19:41.000Z,
    updatedAt: 2025-12-30T10:21:49.000Z
  },
  _previousDataValues: {
    id: 1,
    userId: 3,
    token: 'eyJhbGciOiJIUzI1NiIsInR5cCI6IkpXVCJ9.eyJpZCI6MywiZW1haWwiOiJ5YXN1MDFAZ21haWwuY29tIiwiZmlyc3ROYW1lIjoieWFzdTAxIiwiaWF0IjoxNzY3MDkwMTA5LCJleHAiOjE3NjcxNzY1MDl9.jCyIKDGW3M-r8KDrplY8FDqFTTUOjHvx0dEA8UuKuXg',
    mobileToken: null,
    ip: null,
    expiry: 1,
    createdAt: 2025-12-23T06:19:41.000Z,
    updatedAt: 2025-12-30T10:21:49.000Z
  },
  uniqno: 1,
  _changed: Set(0) {},
  _options: {
    isNewRecord: false,
    _schema: null,
    _schemaDelimiter: '',
    raw: true,
    attributes: [
      'id',
      'userId',
      'token',
      'mobileToken',
      'ip',
      'expiry',
      'createdAt',
      'updatedAt'
    ]
  },
  isNewRecord: false
}[0m
[38;5;35m[Wed Dec 31 2025 13:09:02 GMT+0530] : 
[authMiddleware] Incoming token: eyJhbGciOiJIUzI1NiIsInR5cCI6IkpXVCJ9.eyJpZCI6MywiZW1haWwiOiJ5YXN1MDFAZ21haWwuY29tIiwiZmlyc3ROYW1lIjoieWFzdTAxIiwiaWF0IjoxNzY3MTY2NzQyLCJleHAiOjE3NjcyNTMxNDJ9.WeQWfHnbw1kN_i-pMy_BfdPr5OFUtycq6u5_maOEKnk[0m
[38;5;35m[Wed Dec 31 2025 13:09:02 GMT+0530] : 
[authMiddleware] Decoded JWT: {
  id: 3,
  email: 'yasu01@gmail.com',
  firstName: 'yasu01',
  iat: 1767166742,
  exp: 1767253142
}[0m
[38;5;35m[Wed Dec 31 2025 13:09:02 GMT+0530] : 
[authMiddleware] DB lookup result: AccessKey {
  dataValues: {
    id: 1,
    userId: 3,
    token: 'eyJhbGciOiJIUzI1NiIsInR5cCI6IkpXVCJ9.eyJpZCI6MywiZW1haWwiOiJ5YXN1MDFAZ21haWwuY29tIiwiZmlyc3ROYW1lIjoieWFzdTAxIiwiaWF0IjoxNzY3MTY2NzQyLCJleHAiOjE3NjcyNTMxNDJ9.WeQWfHnbw1kN_i-pMy_BfdPr5OFUtycq6u5_maOEKnk',
    mobileToken: null,
    ip: null,
    expiry: 1,
    createdAt: 2025-12-23T06:19:41.000Z,
    updatedAt: 2025-12-31T07:39:02.000Z
  },
  _previousDataValues: {
    id: 1,
    userId: 3,
    token: 'eyJhbGciOiJIUzI1NiIsInR5cCI6IkpXVCJ9.eyJpZCI6MywiZW1haWwiOiJ5YXN1MDFAZ21haWwuY29tIiwiZmlyc3ROYW1lIjoieWFzdTAxIiwiaWF0IjoxNzY3MTY2NzQyLCJleHAiOjE3NjcyNTMxNDJ9.WeQWfHnbw1kN_i-pMy_BfdPr5OFUtycq6u5_maOEKnk',
    mobileToken: null,
    ip: null,
    expiry: 1,
    createdAt: 2025-12-23T06:19:41.000Z,
    updatedAt: 2025-12-31T07:39:02.000Z
  },
  uniqno: 1,
  _changed: Set(0) {},
  _options: {
    isNewRecord: false,
    _schema: null,
    _schemaDelimiter: '',
    raw: true,
    attributes: [
      'id',
      'userId',
      'token',
      'mobileToken',
      'ip',
      'expiry',
      'createdAt',
      'updatedAt'
    ]
  },
  isNewRecord: false
}[0m
[38;5;35m[Wed Dec 31 2025 13:09:02 GMT+0530] : 
[authMiddleware] Stored token from DB: eyJhbGciOiJIUzI1NiIsInR5cCI6IkpXVCJ9.eyJpZCI6MywiZW1haWwiOiJ5YXN1MDFAZ21haWwuY29tIiwiZmlyc3ROYW1lIjoieWFzdTAxIiwiaWF0IjoxNzY3MTY2NzQyLCJleHAiOjE3NjcyNTMxNDJ9.WeQWfHnbw1kN_i-pMy_BfdPr5OFUtycq6u5_maOEKnk[0m
[38;5;35m[Wed Dec 31 2025 13:09:02 GMT+0530] : 
[authMiddleware] Incoming token: eyJhbGciOiJIUzI1NiIsInR5cCI6IkpXVCJ9.eyJpZCI6MywiZW1haWwiOiJ5YXN1MDFAZ21haWwuY29tIiwiZmlyc3ROYW1lIjoieWFzdTAxIiwiaWF0IjoxNzY3MTY2NzQyLCJleHAiOjE3NjcyNTMxNDJ9.WeQWfHnbw1kN_i-pMy_BfdPr5OFUtycq6u5_maOEKnk[0m
[38;5;35m[Wed Dec 31 2025 13:09:02 GMT+0530] : 
[authMiddleware] Decoded JWT: {
  id: 3,
  email: 'yasu01@gmail.com',
  firstName: 'yasu01',
  iat: 1767166742,
  exp: 1767253142
}[0m
[38;5;35m[Wed Dec 31 2025 13:09:02 GMT+0530] : 
[authMiddleware] DB lookup result: AccessKey {
  dataValues: {
    id: 1,
    userId: 3,
    token: 'eyJhbGciOiJIUzI1NiIsInR5cCI6IkpXVCJ9.eyJpZCI6MywiZW1haWwiOiJ5YXN1MDFAZ21haWwuY29tIiwiZmlyc3ROYW1lIjoieWFzdTAxIiwiaWF0IjoxNzY3MTY2NzQyLCJleHAiOjE3NjcyNTMxNDJ9.WeQWfHnbw1kN_i-pMy_BfdPr5OFUtycq6u5_maOEKnk',
    mobileToken: null,
    ip: null,
    expiry: 1,
    createdAt: 2025-12-23T06:19:41.000Z,
    updatedAt: 2025-12-31T07:39:02.000Z
  },
  _previousDataValues: {
    id: 1,
    userId: 3,
    token: 'eyJhbGciOiJIUzI1NiIsInR5cCI6IkpXVCJ9.eyJpZCI6MywiZW1haWwiOiJ5YXN1MDFAZ21haWwuY29tIiwiZmlyc3ROYW1lIjoieWFzdTAxIiwiaWF0IjoxNzY3MTY2NzQyLCJleHAiOjE3NjcyNTMxNDJ9.WeQWfHnbw1kN_i-pMy_BfdPr5OFUtycq6u5_maOEKnk',
    mobileToken: null,
    ip: null,
    expiry: 1,
    createdAt: 2025-12-23T06:19:41.000Z,
    updatedAt: 2025-12-31T07:39:02.000Z
  },
  uniqno: 1,
  _changed: Set(0) {},
  _options: {
    isNewRecord: false,
    _schema: null,
    _schemaDelimiter: '',
    raw: true,
    attributes: [
      'id',
      'userId',
      'token',
      'mobileToken',
      'ip',
      'expiry',
      'createdAt',
      'updatedAt'
    ]
  },
  isNewRecord: false
}[0m
[38;5;35m[Wed Dec 31 2025 13:09:02 GMT+0530] : 
[authMiddleware] Stored token from DB: eyJhbGciOiJIUzI1NiIsInR5cCI6IkpXVCJ9.eyJpZCI6MywiZW1haWwiOiJ5YXN1MDFAZ21haWwuY29tIiwiZmlyc3ROYW1lIjoieWFzdTAxIiwiaWF0IjoxNzY3MTY2NzQyLCJleHAiOjE3NjcyNTMxNDJ9.WeQWfHnbw1kN_i-pMy_BfdPr5OFUtycq6u5_maOEKnk[0m
[38;5;35m[Wed Dec 31 2025 13:09:07 GMT+0530] : 
[authMiddleware] Incoming token: eyJhbGciOiJIUzI1NiIsInR5cCI6IkpXVCJ9.eyJpZCI6MywiZW1haWwiOiJ5YXN1MDFAZ21haWwuY29tIiwiZmlyc3ROYW1lIjoieWFzdTAxIiwiaWF0IjoxNzY3MTY2NzQyLCJleHAiOjE3NjcyNTMxNDJ9.WeQWfHnbw1kN_i-pMy_BfdPr5OFUtycq6u5_maOEKnk[0m
[38;5;35m[Wed Dec 31 2025 13:09:07 GMT+0530] : 
[authMiddleware] Decoded JWT: {
  id: 3,
  email: 'yasu01@gmail.com',
  firstName: 'yasu01',
  iat: 1767166742,
  exp: 1767253142
}[0m
[38;5;35m[Wed Dec 31 2025 13:09:07 GMT+0530] : 
[authMiddleware] DB lookup result: AccessKey {
  dataValues: {
    id: 1,
    userId: 3,
    token: 'eyJhbGciOiJIUzI1NiIsInR5cCI6IkpXVCJ9.eyJpZCI6MywiZW1haWwiOiJ5YXN1MDFAZ21haWwuY29tIiwiZmlyc3ROYW1lIjoieWFzdTAxIiwiaWF0IjoxNzY3MTY2NzQyLCJleHAiOjE3NjcyNTMxNDJ9.WeQWfHnbw1kN_i-pMy_BfdPr5OFUtycq6u5_maOEKnk',
    mobileToken: null,
    ip: null,
    expiry: 1,
    createdAt: 2025-12-23T06:19:41.000Z,
    updatedAt: 2025-12-31T07:39:02.000Z
  },
  _previousDataValues: {
    id: 1,
    userId: 3,
    token: 'eyJhbGciOiJIUzI1NiIsInR5cCI6IkpXVCJ9.eyJpZCI6MywiZW1haWwiOiJ5YXN1MDFAZ21haWwuY29tIiwiZmlyc3ROYW1lIjoieWFzdTAxIiwiaWF0IjoxNzY3MTY2NzQyLCJleHAiOjE3NjcyNTMxNDJ9.WeQWfHnbw1kN_i-pMy_BfdPr5OFUtycq6u5_maOEKnk',
    mobileToken: null,
    ip: null,
    expiry: 1,
    createdAt: 2025-12-23T06:19:41.000Z,
    updatedAt: 2025-12-31T07:39:02.000Z
  },
  uniqno: 1,
  _changed: Set(0) {},
  _options: {
    isNewRecord: false,
    _schema: null,
    _schemaDelimiter: '',
    raw: true,
    attributes: [
      'id',
      'userId',
      'token',
      'mobileToken',
      'ip',
      'expiry',
      'createdAt',
      'updatedAt'
    ]
  },
  isNewRecord: false
}[0m
[38;5;35m[Wed Dec 31 2025 13:09:07 GMT+0530] : 
[authMiddleware] Stored token from DB: eyJhbGciOiJIUzI1NiIsInR5cCI6IkpXVCJ9.eyJpZCI6MywiZW1haWwiOiJ5YXN1MDFAZ21haWwuY29tIiwiZmlyc3ROYW1lIjoieWFzdTAxIiwiaWF0IjoxNzY3MTY2NzQyLCJleHAiOjE3NjcyNTMxNDJ9.WeQWfHnbw1kN_i-pMy_BfdPr5OFUtycq6u5_maOEKnk[0m
[38;5;35m[Wed Dec 31 2025 13:09:15 GMT+0530] : 
[authMiddleware] Incoming token: eyJhbGciOiJIUzI1NiIsInR5cCI6IkpXVCJ9.eyJpZCI6MywiZW1haWwiOiJ5YXN1MDFAZ21haWwuY29tIiwiZmlyc3ROYW1lIjoieWFzdTAxIiwiaWF0IjoxNzY3MTY2NzQyLCJleHAiOjE3NjcyNTMxNDJ9.WeQWfHnbw1kN_i-pMy_BfdPr5OFUtycq6u5_maOEKnk[0m
[38;5;35m[Wed Dec 31 2025 13:09:15 GMT+0530] : 
[authMiddleware] Decoded JWT: {
  id: 3,
  email: 'yasu01@gmail.com',
  firstName: 'yasu01',
  iat: 1767166742,
  exp: 1767253142
}[0m
[38;5;35m[Wed Dec 31 2025 13:09:15 GMT+0530] : 
[authMiddleware] DB lookup result: AccessKey {
  dataValues: {
    id: 1,
    userId: 3,
    token: 'eyJhbGciOiJIUzI1NiIsInR5cCI6IkpXVCJ9.eyJpZCI6MywiZW1haWwiOiJ5YXN1MDFAZ21haWwuY29tIiwiZmlyc3ROYW1lIjoieWFzdTAxIiwiaWF0IjoxNzY3MTY2NzQyLCJleHAiOjE3NjcyNTMxNDJ9.WeQWfHnbw1kN_i-pMy_BfdPr5OFUtycq6u5_maOEKnk',
    mobileToken: null,
    ip: null,
    expiry: 1,
    createdAt: 2025-12-23T06:19:41.000Z,
    updatedAt: 2025-12-31T07:39:02.000Z
  },
  _previousDataValues: {
    id: 1,
    userId: 3,
    token: 'eyJhbGciOiJIUzI1NiIsInR5cCI6IkpXVCJ9.eyJpZCI6MywiZW1haWwiOiJ5YXN1MDFAZ21haWwuY29tIiwiZmlyc3ROYW1lIjoieWFzdTAxIiwiaWF0IjoxNzY3MTY2NzQyLCJleHAiOjE3NjcyNTMxNDJ9.WeQWfHnbw1kN_i-pMy_BfdPr5OFUtycq6u5_maOEKnk',
    mobileToken: null,
    ip: null,
    expiry: 1,
    createdAt: 2025-12-23T06:19:41.000Z,
    updatedAt: 2025-12-31T07:39:02.000Z
  },
  uniqno: 1,
  _changed: Set(0) {},
  _options: {
    isNewRecord: false,
    _schema: null,
    _schemaDelimiter: '',
    raw: true,
    attributes: [
      'id',
      'userId',
      'token',
      'mobileToken',
      'ip',
      'expiry',
      'createdAt',
      'updatedAt'
    ]
  },
  isNewRecord: false
}[0m
[38;5;35m[Wed Dec 31 2025 13:09:15 GMT+0530] : 
[authMiddleware] Stored token from DB: eyJhbGciOiJIUzI1NiIsInR5cCI6IkpXVCJ9.eyJpZCI6MywiZW1haWwiOiJ5YXN1MDFAZ21haWwuY29tIiwiZmlyc3ROYW1lIjoieWFzdTAxIiwiaWF0IjoxNzY3MTY2NzQyLCJleHAiOjE3NjcyNTMxNDJ9.WeQWfHnbw1kN_i-pMy_BfdPr5OFUtycq6u5_maOEKnk[0m
[38;5;35m[Wed Dec 31 2025 13:09:18 GMT+0530] : 
[authMiddleware] Incoming token: eyJhbGciOiJIUzI1NiIsInR5cCI6IkpXVCJ9.eyJpZCI6MywiZW1haWwiOiJ5YXN1MDFAZ21haWwuY29tIiwiZmlyc3ROYW1lIjoieWFzdTAxIiwiaWF0IjoxNzY3MTY2NzQyLCJleHAiOjE3NjcyNTMxNDJ9.WeQWfHnbw1kN_i-pMy_BfdPr5OFUtycq6u5_maOEKnk[0m
[38;5;35m[Wed Dec 31 2025 13:09:18 GMT+0530] : 
[authMiddleware] Decoded JWT: {
  id: 3,
  email: 'yasu01@gmail.com',
  firstName: 'yasu01',
  iat: 1767166742,
  exp: 1767253142
}[0m
[38;5;35m[Wed Dec 31 2025 13:09:18 GMT+0530] : 
[authMiddleware] DB lookup result: AccessKey {
  dataValues: {
    id: 1,
    userId: 3,
    token: 'eyJhbGciOiJIUzI1NiIsInR5cCI6IkpXVCJ9.eyJpZCI6MywiZW1haWwiOiJ5YXN1MDFAZ21haWwuY29tIiwiZmlyc3ROYW1lIjoieWFzdTAxIiwiaWF0IjoxNzY3MTY2NzQyLCJleHAiOjE3NjcyNTMxNDJ9.WeQWfHnbw1kN_i-pMy_BfdPr5OFUtycq6u5_maOEKnk',
    mobileToken: null,
    ip: null,
    expiry: 1,
    createdAt: 2025-12-23T06:19:41.000Z,
    updatedAt: 2025-12-31T07:39:02.000Z
  },
  _previousDataValues: {
    id: 1,
    userId: 3,
    token: 'eyJhbGciOiJIUzI1NiIsInR5cCI6IkpXVCJ9.eyJpZCI6MywiZW1haWwiOiJ5YXN1MDFAZ21haWwuY29tIiwiZmlyc3ROYW1lIjoieWFzdTAxIiwiaWF0IjoxNzY3MTY2NzQyLCJleHAiOjE3NjcyNTMxNDJ9.WeQWfHnbw1kN_i-pMy_BfdPr5OFUtycq6u5_maOEKnk',
    mobileToken: null,
    ip: null,
    expiry: 1,
    createdAt: 2025-12-23T06:19:41.000Z,
    updatedAt: 2025-12-31T07:39:02.000Z
  },
  uniqno: 1,
  _changed: Set(0) {},
  _options: {
    isNewRecord: false,
    _schema: null,
    _schemaDelimiter: '',
    raw: true,
    attributes: [
      'id',
      'userId',
      'token',
      'mobileToken',
      'ip',
      'expiry',
      'createdAt',
      'updatedAt'
    ]
  },
  isNewRecord: false
}[0m
[38;5;35m[Wed Dec 31 2025 13:09:18 GMT+0530] : 
[authMiddleware] Stored token from DB: eyJhbGciOiJIUzI1NiIsInR5cCI6IkpXVCJ9.eyJpZCI6MywiZW1haWwiOiJ5YXN1MDFAZ21haWwuY29tIiwiZmlyc3ROYW1lIjoieWFzdTAxIiwiaWF0IjoxNzY3MTY2NzQyLCJleHAiOjE3NjcyNTMxNDJ9.WeQWfHnbw1kN_i-pMy_BfdPr5OFUtycq6u5_maOEKnk[0m
[38;5;35m[Wed Dec 31 2025 13:09:31 GMT+0530] : 
[authMiddleware] Incoming token: eyJhbGciOiJIUzI1NiIsInR5cCI6IkpXVCJ9.eyJpZCI6MywiZW1haWwiOiJ5YXN1MDFAZ21haWwuY29tIiwiZmlyc3ROYW1lIjoieWFzdTAxIiwiaWF0IjoxNzY3MTY2NzQyLCJleHAiOjE3NjcyNTMxNDJ9.WeQWfHnbw1kN_i-pMy_BfdPr5OFUtycq6u5_maOEKnk[0m
[38;5;35m[Wed Dec 31 2025 13:09:31 GMT+0530] : 
[authMiddleware] Decoded JWT: {
  id: 3,
  email: 'yasu01@gmail.com',
  firstName: 'yasu01',
  iat: 1767166742,
  exp: 1767253142
}[0m
[38;5;35m[Wed Dec 31 2025 13:09:31 GMT+0530] : 
[authMiddleware] DB lookup result: AccessKey {
  dataValues: {
    id: 1,
    userId: 3,
    token: 'eyJhbGciOiJIUzI1NiIsInR5cCI6IkpXVCJ9.eyJpZCI6MywiZW1haWwiOiJ5YXN1MDFAZ21haWwuY29tIiwiZmlyc3ROYW1lIjoieWFzdTAxIiwiaWF0IjoxNzY3MTY2NzQyLCJleHAiOjE3NjcyNTMxNDJ9.WeQWfHnbw1kN_i-pMy_BfdPr5OFUtycq6u5_maOEKnk',
    mobileToken: null,
    ip: null,
    expiry: 1,
    createdAt: 2025-12-23T06:19:41.000Z,
    updatedAt: 2025-12-31T07:39:02.000Z
  },
  _previousDataValues: {
    id: 1,
    userId: 3,
    token: 'eyJhbGciOiJIUzI1NiIsInR5cCI6IkpXVCJ9.eyJpZCI6MywiZW1haWwiOiJ5YXN1MDFAZ21haWwuY29tIiwiZmlyc3ROYW1lIjoieWFzdTAxIiwiaWF0IjoxNzY3MTY2NzQyLCJleHAiOjE3NjcyNTMxNDJ9.WeQWfHnbw1kN_i-pMy_BfdPr5OFUtycq6u5_maOEKnk',
    mobileToken: null,
    ip: null,
    expiry: 1,
    createdAt: 2025-12-23T06:19:41.000Z,
    updatedAt: 2025-12-31T07:39:02.000Z
  },
  uniqno: 1,
  _changed: Set(0) {},
  _options: {
    isNewRecord: false,
    _schema: null,
    _schemaDelimiter: '',
    raw: true,
    attributes: [
      'id',
      'userId',
      'token',
      'mobileToken',
      'ip',
      'expiry',
      'createdAt',
      'updatedAt'
    ]
  },
  isNewRecord: false
}[0m
[38;5;35m[Wed Dec 31 2025 13:09:31 GMT+0530] : 
[authMiddleware] Stored token from DB: eyJhbGciOiJIUzI1NiIsInR5cCI6IkpXVCJ9.eyJpZCI6MywiZW1haWwiOiJ5YXN1MDFAZ21haWwuY29tIiwiZmlyc3ROYW1lIjoieWFzdTAxIiwiaWF0IjoxNzY3MTY2NzQyLCJleHAiOjE3NjcyNTMxNDJ9.WeQWfHnbw1kN_i-pMy_BfdPr5OFUtycq6u5_maOEKnk[0m
[38;5;35m[Wed Dec 31 2025 13:09:40 GMT+0530] : 
[authMiddleware] Incoming token: eyJhbGciOiJIUzI1NiIsInR5cCI6IkpXVCJ9.eyJpZCI6MywiZW1haWwiOiJ5YXN1MDFAZ21haWwuY29tIiwiZmlyc3ROYW1lIjoieWFzdTAxIiwiaWF0IjoxNzY3MTY2NzQyLCJleHAiOjE3NjcyNTMxNDJ9.WeQWfHnbw1kN_i-pMy_BfdPr5OFUtycq6u5_maOEKnk[0m
[38;5;35m[Wed Dec 31 2025 13:09:40 GMT+0530] : 
[authMiddleware] Decoded JWT: {
  id: 3,
  email: 'yasu01@gmail.com',
  firstName: 'yasu01',
  iat: 1767166742,
  exp: 1767253142
}[0m
[38;5;35m[Wed Dec 31 2025 13:09:40 GMT+0530] : 
[authMiddleware] DB lookup result: AccessKey {
  dataValues: {
    id: 1,
    userId: 3,
    token: 'eyJhbGciOiJIUzI1NiIsInR5cCI6IkpXVCJ9.eyJpZCI6MywiZW1haWwiOiJ5YXN1MDFAZ21haWwuY29tIiwiZmlyc3ROYW1lIjoieWFzdTAxIiwiaWF0IjoxNzY3MTY2NzQyLCJleHAiOjE3NjcyNTMxNDJ9.WeQWfHnbw1kN_i-pMy_BfdPr5OFUtycq6u5_maOEKnk',
    mobileToken: null,
    ip: null,
    expiry: 1,
    createdAt: 2025-12-23T06:19:41.000Z,
    updatedAt: 2025-12-31T07:39:02.000Z
  },
  _previousDataValues: {
    id: 1,
    userId: 3,
    token: 'eyJhbGciOiJIUzI1NiIsInR5cCI6IkpXVCJ9.eyJpZCI6MywiZW1haWwiOiJ5YXN1MDFAZ21haWwuY29tIiwiZmlyc3ROYW1lIjoieWFzdTAxIiwiaWF0IjoxNzY3MTY2NzQyLCJleHAiOjE3NjcyNTMxNDJ9.WeQWfHnbw1kN_i-pMy_BfdPr5OFUtycq6u5_maOEKnk',
    mobileToken: null,
    ip: null,
    expiry: 1,
    createdAt: 2025-12-23T06:19:41.000Z,
    updatedAt: 2025-12-31T07:39:02.000Z
  },
  uniqno: 1,
  _changed: Set(0) {},
  _options: {
    isNewRecord: false,
    _schema: null,
    _schemaDelimiter: '',
    raw: true,
    attributes: [
      'id',
      'userId',
      'token',
      'mobileToken',
      'ip',
      'expiry',
      'createdAt',
      'updatedAt'
    ]
  },
  isNewRecord: false
}[0m
[38;5;35m[Wed Dec 31 2025 13:09:40 GMT+0530] : 
[authMiddleware] Stored token from DB: eyJhbGciOiJIUzI1NiIsInR5cCI6IkpXVCJ9.eyJpZCI6MywiZW1haWwiOiJ5YXN1MDFAZ21haWwuY29tIiwiZmlyc3ROYW1lIjoieWFzdTAxIiwiaWF0IjoxNzY3MTY2NzQyLCJleHAiOjE3NjcyNTMxNDJ9.WeQWfHnbw1kN_i-pMy_BfdPr5OFUtycq6u5_maOEKnk[0m
[38;5;35m[Wed Dec 31 2025 13:28:02 GMT+0530] : 
[authMiddleware] Incoming token: eyJhbGciOiJIUzI1NiIsInR5cCI6IkpXVCJ9.eyJpZCI6MywiZW1haWwiOiJ5YXN1MDFAZ21haWwuY29tIiwiZmlyc3ROYW1lIjoieWFzdTAxIiwiaWF0IjoxNzY3MTY2NzQyLCJleHAiOjE3NjcyNTMxNDJ9.WeQWfHnbw1kN_i-pMy_BfdPr5OFUtycq6u5_maOEKnk[0m
[38;5;35m[Wed Dec 31 2025 13:28:02 GMT+0530] : 
[authMiddleware] Decoded JWT: {
  id: 3,
  email: 'yasu01@gmail.com',
  firstName: 'yasu01',
  iat: 1767166742,
  exp: 1767253142
}[0m
[38;5;35m[Wed Dec 31 2025 13:28:02 GMT+0530] : 
[authMiddleware] DB lookup result: AccessKey {
  dataValues: {
    id: 1,
    userId: 3,
    token: 'eyJhbGciOiJIUzI1NiIsInR5cCI6IkpXVCJ9.eyJpZCI6MywiZW1haWwiOiJ5YXN1MDFAZ21haWwuY29tIiwiZmlyc3ROYW1lIjoieWFzdTAxIiwiaWF0IjoxNzY3MTY2NzQyLCJleHAiOjE3NjcyNTMxNDJ9.WeQWfHnbw1kN_i-pMy_BfdPr5OFUtycq6u5_maOEKnk',
    mobileToken: null,
    ip: null,
    expiry: 1,
    createdAt: 2025-12-23T06:19:41.000Z,
    updatedAt: 2025-12-31T07:39:02.000Z
  },
  _previousDataValues: {
    id: 1,
    userId: 3,
    token: 'eyJhbGciOiJIUzI1NiIsInR5cCI6IkpXVCJ9.eyJpZCI6MywiZW1haWwiOiJ5YXN1MDFAZ21haWwuY29tIiwiZmlyc3ROYW1lIjoieWFzdTAxIiwiaWF0IjoxNzY3MTY2NzQyLCJleHAiOjE3NjcyNTMxNDJ9.WeQWfHnbw1kN_i-pMy_BfdPr5OFUtycq6u5_maOEKnk',
    mobileToken: null,
    ip: null,
    expiry: 1,
    createdAt: 2025-12-23T06:19:41.000Z,
    updatedAt: 2025-12-31T07:39:02.000Z
  },
  uniqno: 1,
  _changed: Set(0) {},
  _options: {
    isNewRecord: false,
    _schema: null,
    _schemaDelimiter: '',
    raw: true,
    attributes: [
      'id',
      'userId',
      'token',
      'mobileToken',
      'ip',
      'expiry',
      'createdAt',
      'updatedAt'
    ]
  },
  isNewRecord: false
}[0m
[38;5;35m[Wed Dec 31 2025 13:28:02 GMT+0530] : 
[authMiddleware] Stored token from DB: eyJhbGciOiJIUzI1NiIsInR5cCI6IkpXVCJ9.eyJpZCI6MywiZW1haWwiOiJ5YXN1MDFAZ21haWwuY29tIiwiZmlyc3ROYW1lIjoieWFzdTAxIiwiaWF0IjoxNzY3MTY2NzQyLCJleHAiOjE3NjcyNTMxNDJ9.WeQWfHnbw1kN_i-pMy_BfdPr5OFUtycq6u5_maOEKnk[0m
[38;5;35m[Wed Dec 31 2025 13:28:02 GMT+0530] : 
[createTask] Task created | taskId=38 | userId=3[0m
[38;5;35m[Wed Dec 31 2025 13:28:05 GMT+0530] : 
[authMiddleware] Incoming token: eyJhbGciOiJIUzI1NiIsInR5cCI6IkpXVCJ9.eyJpZCI6MywiZW1haWwiOiJ5YXN1MDFAZ21haWwuY29tIiwiZmlyc3ROYW1lIjoieWFzdTAxIiwiaWF0IjoxNzY3MTY2NzQyLCJleHAiOjE3NjcyNTMxNDJ9.WeQWfHnbw1kN_i-pMy_BfdPr5OFUtycq6u5_maOEKnk[0m
[38;5;35m[Wed Dec 31 2025 13:28:05 GMT+0530] : 
[authMiddleware] Decoded JWT: {
  id: 3,
  email: 'yasu01@gmail.com',
  firstName: 'yasu01',
  iat: 1767166742,
  exp: 1767253142
}[0m
[38;5;35m[Wed Dec 31 2025 13:28:05 GMT+0530] : 
[authMiddleware] DB lookup result: AccessKey {
  dataValues: {
    id: 1,
    userId: 3,
    token: 'eyJhbGciOiJIUzI1NiIsInR5cCI6IkpXVCJ9.eyJpZCI6MywiZW1haWwiOiJ5YXN1MDFAZ21haWwuY29tIiwiZmlyc3ROYW1lIjoieWFzdTAxIiwiaWF0IjoxNzY3MTY2NzQyLCJleHAiOjE3NjcyNTMxNDJ9.WeQWfHnbw1kN_i-pMy_BfdPr5OFUtycq6u5_maOEKnk',
    mobileToken: null,
    ip: null,
    expiry: 1,
    createdAt: 2025-12-23T06:19:41.000Z,
    updatedAt: 2025-12-31T07:39:02.000Z
  },
  _previousDataValues: {
    id: 1,
    userId: 3,
    token: 'eyJhbGciOiJIUzI1NiIsInR5cCI6IkpXVCJ9.eyJpZCI6MywiZW1haWwiOiJ5YXN1MDFAZ21haWwuY29tIiwiZmlyc3ROYW1lIjoieWFzdTAxIiwiaWF0IjoxNzY3MTY2NzQyLCJleHAiOjE3NjcyNTMxNDJ9.WeQWfHnbw1kN_i-pMy_BfdPr5OFUtycq6u5_maOEKnk',
    mobileToken: null,
    ip: null,
    expiry: 1,
    createdAt: 2025-12-23T06:19:41.000Z,
    updatedAt: 2025-12-31T07:39:02.000Z
  },
  uniqno: 1,
  _changed: Set(0) {},
  _options: {
    isNewRecord: false,
    _schema: null,
    _schemaDelimiter: '',
    raw: true,
    attributes: [
      'id',
      'userId',
      'token',
      'mobileToken',
      'ip',
      'expiry',
      'createdAt',
      'updatedAt'
    ]
  },
  isNewRecord: false
}[0m
[38;5;35m[Wed Dec 31 2025 13:28:05 GMT+0530] : 
[authMiddleware] Stored token from DB: eyJhbGciOiJIUzI1NiIsInR5cCI6IkpXVCJ9.eyJpZCI6MywiZW1haWwiOiJ5YXN1MDFAZ21haWwuY29tIiwiZmlyc3ROYW1lIjoieWFzdTAxIiwiaWF0IjoxNzY3MTY2NzQyLCJleHAiOjE3NjcyNTMxNDJ9.WeQWfHnbw1kN_i-pMy_BfdPr5OFUtycq6u5_maOEKnk[0m
