[38;5;35m[Tue Dec 16 2025 15:38:27 GMT+0530] : 
User login attempt: {
  "email": "yasu01@gmail.com",
  "password": "12345678"
}[0m
[38;5;35m[Tue Dec 16 2025 16:50:41 GMT+0530] : 
User login attempt: {
  "email": "yasu01@gmail.com",
  "password": "12345678"
}[0m
[38;5;35m[Tue Dec 16 2025 17:18:56 GMT+0530] : 
User login attempt: {
  "email": "yasu01@gmail.com",
  "password": "12345678"
}[0m
[38;5;35m[Tue Dec 16 2025 17:19:39 GMT+0530] : 
User login attempt: {
  "email": "ewfergrgtgteew4e4w",
  "password": "464565656"
}[0m
[38;5;35m[Tue Dec 16 2025 17:23:42 GMT+0530] : 
User login attempt: {
  "email": "hjfjtjttjjt",
  "password": "rhjuhjrtrtjutj"
}[0m
