[38;5;35m[Fri Dec 19 2025 10:44:43 GMT+0530] : 
User login attempt: {
  "email": "yasu01@gmail.com",
  "password": "12345678"
}[0m
[38;5;35m[Fri Dec 19 2025 11:22:02 GMT+0530] : 
User login attempt: {
  "email": "yasu01@gmail.com",
  "password": "12345678"
}[0m
[38;5;35m[Fri Dec 19 2025 11:26:12 GMT+0530] : 
User login attempt: {
  "email": "yasu01@gmail.com",
  "password": "12345678"
}[0m
[38;5;35m[Fri Dec 19 2025 12:08:16 GMT+0530] : 
User login attempt: {
  "email": "yasu01@gmail.com",
  "password": "12345678"
}[0m
[38;5;35m[Fri Dec 19 2025 12:08:44 GMT+0530] : 
User login attempt: {
  "email": "yasu01@gmail.com",
  "password": "12345678"
}[0m
[38;5;35m[Fri Dec 19 2025 12:12:41 GMT+0530] : 
User login attempt: {
  "email": "yasu01@gmail.com",
  "password": "12345678"
}[0m
[38;5;35m[Fri Dec 19 2025 12:13:25 GMT+0530] : 
User login attempt: {
  "email": "yasu01@gmail.com",
  "password": "12345678"
}[0m
[38;5;35m[Fri Dec 19 2025 12:13:45 GMT+0530] : 
User login attempt: {
  "email": "yasu01@gmail.com",
  "password": "12345678"
}[0m
[38;5;35m[Fri Dec 19 2025 12:14:55 GMT+0530] : 
User login attempt: {
  "email": "yasu01@gmail.com",
  "password": "12345678"
}[0m
[38;5;35m[Fri Dec 19 2025 12:21:39 GMT+0530] : 
User login attempt: {
  "email": "yasu01@gmail.com",
  "password": "12345678"
}[0m
[38;5;35m[Fri Dec 19 2025 12:22:45 GMT+0530] : 
User login attempt: {
  "email": "yasu01@gmail.com",
  "password": "12345678"
}[0m
[38;5;160m[Fri Dec 19 2025 15:15:19 GMT+0530] : 
Registration error: Validation error
Error
    at Query.run (/Users/ioss/Documents/node_modules/sequelize/lib/dialects/mysql/query.js:52:25)
    at /Users/ioss/Documents/node_modules/sequelize/lib/sequelize.js:315:28
    at async MySQLQueryInterface.insert (/Users/ioss/Documents/node_modules/sequelize/lib/dialects/abstract/query-interface.js:308:21)
    at async model.save (/Users/ioss/Documents/node_modules/sequelize/lib/model.js:2490:35)
    at async User.create (/Users/ioss/Documents/node_modules/sequelize/lib/model.js:1362:12)
    at async register (file:///Users/ioss/Documents/StudyProjects/full-stack/real-time-task-collab/backend/src/controller/authController.js:15:22)[0m
[38;5;160m[Fri Dec 19 2025 15:15:23 GMT+0530] : 
Registration error: Validation error
Error
    at Query.run (/Users/ioss/Documents/node_modules/sequelize/lib/dialects/mysql/query.js:52:25)
    at /Users/ioss/Documents/node_modules/sequelize/lib/sequelize.js:315:28
    at async MySQLQueryInterface.insert (/Users/ioss/Documents/node_modules/sequelize/lib/dialects/abstract/query-interface.js:308:21)
    at async model.save (/Users/ioss/Documents/node_modules/sequelize/lib/model.js:2490:35)
    at async User.create (/Users/ioss/Documents/node_modules/sequelize/lib/model.js:1362:12)
    at async register (file:///Users/ioss/Documents/StudyProjects/full-stack/real-time-task-collab/backend/src/controller/authController.js:15:22)[0m
[38;5;35m[Fri Dec 19 2025 15:17:59 GMT+0530] : 
User login attempt: {
  "email": "dgfdjjdrjdrjrzd",
  "password": "ejeshrsejdej"
}[0m
[38;5;35m[Fri Dec 19 2025 15:18:18 GMT+0530] : 
User login attempt: {
  "email": "yasu01@gmail.com",
  "password": "12345678"
}[0m
[38;5;35m[Fri Dec 19 2025 15:18:18 GMT+0530] : 
Generating JWT token {
  "id": 3,
  "email": "yasu01@gmail.com",
  "firstName": "yasu01"
}[0m
[38;5;160m[Fri Dec 19 2025 15:18:18 GMT+0530] : 
Login error: Table 'taskcollab.commonsettings' doesn't exist
Error
    at Query.run (/Users/ioss/Documents/node_modules/sequelize/lib/dialects/mysql/query.js:52:25)
    at /Users/ioss/Documents/node_modules/sequelize/lib/sequelize.js:315:28
    at async MySQLQueryInterface.select (/Users/ioss/Documents/node_modules/sequelize/lib/dialects/abstract/query-interface.js:407:12)
    at async CommonSetting.findAll (/Users/ioss/Documents/node_modules/sequelize/lib/model.js:1140:21)
    at async CommonSetting.findOne (/Users/ioss/Documents/node_modules/sequelize/lib/model.js:1240:12)
    at async getJwtToken (file:///Users/ioss/Documents/StudyProjects/full-stack/real-time-task-collab/backend/src/utils/jwtToken.js:8:18)
    at async login (file:///Users/ioss/Documents/StudyProjects/full-stack/real-time-task-collab/backend/src/controller/authController.js:33:23)[0m
[38;5;35m[Fri Dec 19 2025 15:18:37 GMT+0530] : 
User login attempt: {
  "email": "yasu01@gmail.com",
  "password": "12345678"
}[0m
[38;5;35m[Fri Dec 19 2025 15:18:37 GMT+0530] : 
Generating JWT token {
  "id": 3,
  "email": "yasu01@gmail.com",
  "firstName": "yasu01"
}[0m
[38;5;160m[Fri Dec 19 2025 15:18:37 GMT+0530] : 
Login error: Table 'taskcollab.commonsettings' doesn't exist
Error
    at Query.run (/Users/ioss/Documents/node_modules/sequelize/lib/dialects/mysql/query.js:52:25)
    at /Users/ioss/Documents/node_modules/sequelize/lib/sequelize.js:315:28
    at async MySQLQueryInterface.select (/Users/ioss/Documents/node_modules/sequelize/lib/dialects/abstract/query-interface.js:407:12)
    at async CommonSetting.findAll (/Users/ioss/Documents/node_modules/sequelize/lib/model.js:1140:21)
    at async CommonSetting.findOne (/Users/ioss/Documents/node_modules/sequelize/lib/model.js:1240:12)
    at async getJwtToken (file:///Users/ioss/Documents/StudyProjects/full-stack/real-time-task-collab/backend/src/utils/jwtToken.js:8:18)
    at async login (file:///Users/ioss/Documents/StudyProjects/full-stack/real-time-task-collab/backend/src/controller/authController.js:33:23)[0m
[38;5;35m[Fri Dec 19 2025 15:27:47 GMT+0530] : 
User login attempt: {
  "email": "yasu01@gmail.com",
  "password": "12345678"
}[0m
[38;5;35m[Fri Dec 19 2025 15:27:47 GMT+0530] : 
Generating JWT token {
  "id": 3,
  "email": "yasu01@gmail.com",
  "firstName": "yasu01"
}[0m
[38;5;160m[Fri Dec 19 2025 15:27:47 GMT+0530] : 
Login error: Table 'taskcollab.commonsettings' doesn't exist
Error
    at Query.run (/Users/ioss/Documents/node_modules/sequelize/lib/dialects/mysql/query.js:52:25)
    at /Users/ioss/Documents/node_modules/sequelize/lib/sequelize.js:315:28
    at async MySQLQueryInterface.select (/Users/ioss/Documents/node_modules/sequelize/lib/dialects/abstract/query-interface.js:407:12)
    at async commonsettings.findAll (/Users/ioss/Documents/node_modules/sequelize/lib/model.js:1140:21)
    at async commonsettings.findOne (/Users/ioss/Documents/node_modules/sequelize/lib/model.js:1240:12)
    at async getJwtToken (file:///Users/ioss/Documents/StudyProjects/full-stack/real-time-task-collab/backend/src/utils/jwtToken.js:8:18)
    at async login (file:///Users/ioss/Documents/StudyProjects/full-stack/real-time-task-collab/backend/src/controller/authController.js:33:23)[0m
[38;5;35m[Fri Dec 19 2025 15:32:56 GMT+0530] : 
User login attempt: {
  "email": "yasu01@gmail.com",
  "password": "12345678"
}[0m
[38;5;35m[Fri Dec 19 2025 15:32:56 GMT+0530] : 
Generating JWT token {
  "id": 3,
  "email": "yasu01@gmail.com",
  "firstName": "yasu01"
}[0m
[38;5;160m[Fri Dec 19 2025 15:32:56 GMT+0530] : 
Login error: Table 'taskcollab.commonsettings' doesn't exist
Error
    at Query.run (/Users/ioss/Documents/node_modules/sequelize/lib/dialects/mysql/query.js:52:25)
    at /Users/ioss/Documents/node_modules/sequelize/lib/sequelize.js:315:28
    at async MySQLQueryInterface.select (/Users/ioss/Documents/node_modules/sequelize/lib/dialects/abstract/query-interface.js:407:12)
    at async CommonSetting.findAll (/Users/ioss/Documents/node_modules/sequelize/lib/model.js:1140:21)
    at async CommonSetting.findOne (/Users/ioss/Documents/node_modules/sequelize/lib/model.js:1240:12)
    at async getJwtToken (file:///Users/ioss/Documents/StudyProjects/full-stack/real-time-task-collab/backend/src/utils/jwtToken.js:8:18)
    at async login (file:///Users/ioss/Documents/StudyProjects/full-stack/real-time-task-collab/backend/src/controller/authController.js:33:23)[0m
[38;5;35m[Fri Dec 19 2025 15:40:53 GMT+0530] : 
User login attempt: {
  "email": "yasu01@gmail.com",
  "password": "12345678"
}[0m
[38;5;35m[Fri Dec 19 2025 15:40:53 GMT+0530] : 
Generating JWT token {
  "id": 3,
  "email": "yasu01@gmail.com",
  "firstName": "yasu01"
}[0m
[38;5;160m[Fri Dec 19 2025 15:40:53 GMT+0530] : 
Login error: Table 'taskcollab.commonsettings' doesn't exist
Error
    at Query.run (/Users/ioss/Documents/node_modules/sequelize/lib/dialects/mysql/query.js:52:25)
    at /Users/ioss/Documents/node_modules/sequelize/lib/sequelize.js:315:28
    at async MySQLQueryInterface.select (/Users/ioss/Documents/node_modules/sequelize/lib/dialects/abstract/query-interface.js:407:12)
    at async CommonSetting.findAll (/Users/ioss/Documents/node_modules/sequelize/lib/model.js:1140:21)
    at async CommonSetting.findOne (/Users/ioss/Documents/node_modules/sequelize/lib/model.js:1240:12)
    at async getJwtToken (file:///Users/ioss/Documents/StudyProjects/full-stack/real-time-task-collab/backend/src/utils/jwtToken.js:8:18)
    at async login (file:///Users/ioss/Documents/StudyProjects/full-stack/real-time-task-collab/backend/src/controller/authController.js:33:23)[0m
[38;5;35m[Fri Dec 19 2025 16:05:16 GMT+0530] : 
User login attempt: {
  "email": "yasu01@gmail.com",
  "password": "12345678"
}[0m
[38;5;35m[Fri Dec 19 2025 16:05:16 GMT+0530] : 
Generating JWT token {
  "id": 3,
  "email": "yasu01@gmail.com",
  "firstName": "yasu01"
}[0m
[38;5;160m[Fri Dec 19 2025 16:05:16 GMT+0530] : 
Login error: Unknown column 'createdAt' in 'field list'
Error
    at Query.run (/Users/ioss/Documents/node_modules/sequelize/lib/dialects/mysql/query.js:52:25)
    at /Users/ioss/Documents/node_modules/sequelize/lib/sequelize.js:315:28
    at async MySQLQueryInterface.select (/Users/ioss/Documents/node_modules/sequelize/lib/dialects/abstract/query-interface.js:407:12)
    at async CommonSetting.findAll (/Users/ioss/Documents/node_modules/sequelize/lib/model.js:1140:21)
    at async CommonSetting.findOne (/Users/ioss/Documents/node_modules/sequelize/lib/model.js:1240:12)
    at async getJwtToken (file:///Users/ioss/Documents/StudyProjects/full-stack/real-time-task-collab/backend/src/utils/jwtToken.js:8:18)
    at async login (file:///Users/ioss/Documents/StudyProjects/full-stack/real-time-task-collab/backend/src/controller/authController.js:33:23)[0m
