[38;5;35m[Sat Dec 27 2025 10:59:01 GMT+0530] : 
[authMiddleware] JWT_SECRET: eHC9rNSsezIQeQqwu++0hXWFOTcnqEUdeOK88w3bn6o=[0m
[38;5;35m[Sat Dec 27 2025 10:59:01 GMT+0530] : 
Database connection established[0m
[38;5;35m[Sat Dec 27 2025 10:59:01 GMT+0530] : 
MySQL models synced successfully[0m
[38;5;35m[Sat Dec 27 2025 10:59:19 GMT+0530] : 
Generating JWT token { id: 3, email: 'yasu01@gmail.com', firstName: 'yasu01' }[0m
[38;5;39m[Sat Dec 27 2025 10:59:19 GMT+0530] : 
Setting JWT token for userId: 3[0m
[38;5;39m[Sat Dec 27 2025 10:59:19 GMT+0530] : 
updating token for userId: AccessKey {
  dataValues: {
    id: 1,
    userId: 3,
    token: 'eyJhbGciOiJIUzI1NiIsInR5cCI6IkpXVCJ9.eyJpZCI6MywiZW1haWwiOiJ5YXN1MDFAZ21haWwuY29tIiwiZmlyc3ROYW1lIjoieWFzdTAxIiwiaWF0IjoxNzY2NzU2MzI2LCJleHAiOjE3NjY4NDI3MjZ9.x9V83bRbhTYuYnzhIUr-DN3zJ9KjHYGZ0WSzMPxepAE',
    mobileToken: null,
    ip: null,
    expiry: 1,
    createdAt: 2025-12-23T06:19:41.000Z,
    updatedAt: 2025-12-26T13:38:46.000Z
  },
  _previousDataValues: {
    id: 1,
    userId: 3,
    token: 'eyJhbGciOiJIUzI1NiIsInR5cCI6IkpXVCJ9.eyJpZCI6MywiZW1haWwiOiJ5YXN1MDFAZ21haWwuY29tIiwiZmlyc3ROYW1lIjoieWFzdTAxIiwiaWF0IjoxNzY2NzU2MzI2LCJleHAiOjE3NjY4NDI3MjZ9.x9V83bRbhTYuYnzhIUr-DN3zJ9KjHYGZ0WSzMPxepAE',
    mobileToken: null,
    ip: null,
    expiry: 1,
    createdAt: 2025-12-23T06:19:41.000Z,
    updatedAt: 2025-12-26T13:38:46.000Z
  },
  uniqno: 1,
  _changed: Set(0) {},
  _options: {
    isNewRecord: false,
    _schema: null,
    _schemaDelimiter: '',
    raw: true,
    attributes: [
      'id',
      'userId',
      'token',
      'mobileToken',
      'ip',
      'expiry',
      'createdAt',
      'updatedAt'
    ]
  },
  isNewRecord: false
}[0m
[38;5;35m[Sat Dec 27 2025 10:59:19 GMT+0530] : 
[authMiddleware] Incoming token: eyJhbGciOiJIUzI1NiIsInR5cCI6IkpXVCJ9.eyJpZCI6MywiZW1haWwiOiJ5YXN1MDFAZ21haWwuY29tIiwiZmlyc3ROYW1lIjoieWFzdTAxIiwiaWF0IjoxNzY2ODEzMzU5LCJleHAiOjE3NjY4OTk3NTl9.FaqWc1GAv6DBE-rCMiAE2TiZlMTByAGyCGq5-MtZs5I[0m
[38;5;35m[Sat Dec 27 2025 10:59:19 GMT+0530] : 
[authMiddleware] Decoded JWT: {
  id: 3,
  email: 'yasu01@gmail.com',
  firstName: 'yasu01',
  iat: 1766813359,
  exp: 1766899759
}[0m
[38;5;35m[Sat Dec 27 2025 10:59:19 GMT+0530] : 
[authMiddleware] DB lookup result: AccessKey {
  dataValues: {
    id: 1,
    userId: 3,
    token: 'eyJhbGciOiJIUzI1NiIsInR5cCI6IkpXVCJ9.eyJpZCI6MywiZW1haWwiOiJ5YXN1MDFAZ21haWwuY29tIiwiZmlyc3ROYW1lIjoieWFzdTAxIiwiaWF0IjoxNzY2ODEzMzU5LCJleHAiOjE3NjY4OTk3NTl9.FaqWc1GAv6DBE-rCMiAE2TiZlMTByAGyCGq5-MtZs5I',
    mobileToken: null,
    ip: null,
    expiry: 1,
    createdAt: 2025-12-23T06:19:41.000Z,
    updatedAt: 2025-12-27T05:29:19.000Z
  },
  _previousDataValues: {
    id: 1,
    userId: 3,
    token: 'eyJhbGciOiJIUzI1NiIsInR5cCI6IkpXVCJ9.eyJpZCI6MywiZW1haWwiOiJ5YXN1MDFAZ21haWwuY29tIiwiZmlyc3ROYW1lIjoieWFzdTAxIiwiaWF0IjoxNzY2ODEzMzU5LCJleHAiOjE3NjY4OTk3NTl9.FaqWc1GAv6DBE-rCMiAE2TiZlMTByAGyCGq5-MtZs5I',
    mobileToken: null,
    ip: null,
    expiry: 1,
    createdAt: 2025-12-23T06:19:41.000Z,
    updatedAt: 2025-12-27T05:29:19.000Z
  },
  uniqno: 1,
  _changed: Set(0) {},
  _options: {
    isNewRecord: false,
    _schema: null,
    _schemaDelimiter: '',
    raw: true,
    attributes: [
      'id',
      'userId',
      'token',
      'mobileToken',
      'ip',
      'expiry',
      'createdAt',
      'updatedAt'
    ]
  },
  isNewRecord: false
}[0m
[38;5;35m[Sat Dec 27 2025 10:59:19 GMT+0530] : 
[authMiddleware] Stored token from DB: eyJhbGciOiJIUzI1NiIsInR5cCI6IkpXVCJ9.eyJpZCI6MywiZW1haWwiOiJ5YXN1MDFAZ21haWwuY29tIiwiZmlyc3ROYW1lIjoieWFzdTAxIiwiaWF0IjoxNzY2ODEzMzU5LCJleHAiOjE3NjY4OTk3NTl9.FaqWc1GAv6DBE-rCMiAE2TiZlMTByAGyCGq5-MtZs5I[0m
[38;5;35m[Sat Dec 27 2025 10:59:19 GMT+0530] : 
[authMiddleware] Incoming token: eyJhbGciOiJIUzI1NiIsInR5cCI6IkpXVCJ9.eyJpZCI6MywiZW1haWwiOiJ5YXN1MDFAZ21haWwuY29tIiwiZmlyc3ROYW1lIjoieWFzdTAxIiwiaWF0IjoxNzY2ODEzMzU5LCJleHAiOjE3NjY4OTk3NTl9.FaqWc1GAv6DBE-rCMiAE2TiZlMTByAGyCGq5-MtZs5I[0m
[38;5;35m[Sat Dec 27 2025 10:59:19 GMT+0530] : 
[authMiddleware] Decoded JWT: {
  id: 3,
  email: 'yasu01@gmail.com',
  firstName: 'yasu01',
  iat: 1766813359,
  exp: 1766899759
}[0m
[38;5;35m[Sat Dec 27 2025 10:59:19 GMT+0530] : 
[authMiddleware] DB lookup result: AccessKey {
  dataValues: {
    id: 1,
    userId: 3,
    token: 'eyJhbGciOiJIUzI1NiIsInR5cCI6IkpXVCJ9.eyJpZCI6MywiZW1haWwiOiJ5YXN1MDFAZ21haWwuY29tIiwiZmlyc3ROYW1lIjoieWFzdTAxIiwiaWF0IjoxNzY2ODEzMzU5LCJleHAiOjE3NjY4OTk3NTl9.FaqWc1GAv6DBE-rCMiAE2TiZlMTByAGyCGq5-MtZs5I',
    mobileToken: null,
    ip: null,
    expiry: 1,
    createdAt: 2025-12-23T06:19:41.000Z,
    updatedAt: 2025-12-27T05:29:19.000Z
  },
  _previousDataValues: {
    id: 1,
    userId: 3,
    token: 'eyJhbGciOiJIUzI1NiIsInR5cCI6IkpXVCJ9.eyJpZCI6MywiZW1haWwiOiJ5YXN1MDFAZ21haWwuY29tIiwiZmlyc3ROYW1lIjoieWFzdTAxIiwiaWF0IjoxNzY2ODEzMzU5LCJleHAiOjE3NjY4OTk3NTl9.FaqWc1GAv6DBE-rCMiAE2TiZlMTByAGyCGq5-MtZs5I',
    mobileToken: null,
    ip: null,
    expiry: 1,
    createdAt: 2025-12-23T06:19:41.000Z,
    updatedAt: 2025-12-27T05:29:19.000Z
  },
  uniqno: 1,
  _changed: Set(0) {},
  _options: {
    isNewRecord: false,
    _schema: null,
    _schemaDelimiter: '',
    raw: true,
    attributes: [
      'id',
      'userId',
      'token',
      'mobileToken',
      'ip',
      'expiry',
      'createdAt',
      'updatedAt'
    ]
  },
  isNewRecord: false
}[0m
[38;5;35m[Sat Dec 27 2025 10:59:19 GMT+0530] : 
[authMiddleware] Stored token from DB: eyJhbGciOiJIUzI1NiIsInR5cCI6IkpXVCJ9.eyJpZCI6MywiZW1haWwiOiJ5YXN1MDFAZ21haWwuY29tIiwiZmlyc3ROYW1lIjoieWFzdTAxIiwiaWF0IjoxNzY2ODEzMzU5LCJleHAiOjE3NjY4OTk3NTl9.FaqWc1GAv6DBE-rCMiAE2TiZlMTByAGyCGq5-MtZs5I[0m
[38;5;35m[Sat Dec 27 2025 11:17:49 GMT+0530] : 
Generating JWT token { id: 3, email: 'yasu01@gmail.com', firstName: 'yasu01' }[0m
[38;5;39m[Sat Dec 27 2025 11:17:49 GMT+0530] : 
Setting JWT token for userId: 3[0m
[38;5;39m[Sat Dec 27 2025 11:17:49 GMT+0530] : 
updating token for userId: AccessKey {
  dataValues: {
    id: 1,
    userId: 3,
    token: 'eyJhbGciOiJIUzI1NiIsInR5cCI6IkpXVCJ9.eyJpZCI6MywiZW1haWwiOiJ5YXN1MDFAZ21haWwuY29tIiwiZmlyc3ROYW1lIjoieWFzdTAxIiwiaWF0IjoxNzY2ODEzMzU5LCJleHAiOjE3NjY4OTk3NTl9.FaqWc1GAv6DBE-rCMiAE2TiZlMTByAGyCGq5-MtZs5I',
    mobileToken: null,
    ip: null,
    expiry: 1,
    createdAt: 2025-12-23T06:19:41.000Z,
    updatedAt: 2025-12-27T05:29:19.000Z
  },
  _previousDataValues: {
    id: 1,
    userId: 3,
    token: 'eyJhbGciOiJIUzI1NiIsInR5cCI6IkpXVCJ9.eyJpZCI6MywiZW1haWwiOiJ5YXN1MDFAZ21haWwuY29tIiwiZmlyc3ROYW1lIjoieWFzdTAxIiwiaWF0IjoxNzY2ODEzMzU5LCJleHAiOjE3NjY4OTk3NTl9.FaqWc1GAv6DBE-rCMiAE2TiZlMTByAGyCGq5-MtZs5I',
    mobileToken: null,
    ip: null,
    expiry: 1,
    createdAt: 2025-12-23T06:19:41.000Z,
    updatedAt: 2025-12-27T05:29:19.000Z
  },
  uniqno: 1,
  _changed: Set(0) {},
  _options: {
    isNewRecord: false,
    _schema: null,
    _schemaDelimiter: '',
    raw: true,
    attributes: [
      'id',
      'userId',
      'token',
      'mobileToken',
      'ip',
      'expiry',
      'createdAt',
      'updatedAt'
    ]
  },
  isNewRecord: false
}[0m
[38;5;35m[Sat Dec 27 2025 11:18:32 GMT+0530] : 
Generating JWT token { id: 3, email: 'yasu01@gmail.com', firstName: 'yasu01' }[0m
[38;5;39m[Sat Dec 27 2025 11:18:32 GMT+0530] : 
Setting JWT token for userId: 3[0m
[38;5;39m[Sat Dec 27 2025 11:18:32 GMT+0530] : 
updating token for userId: AccessKey {
  dataValues: {
    id: 1,
    userId: 3,
    token: 'eyJhbGciOiJIUzI1NiIsInR5cCI6IkpXVCJ9.eyJpZCI6MywiZW1haWwiOiJ5YXN1MDFAZ21haWwuY29tIiwiZmlyc3ROYW1lIjoieWFzdTAxIiwiaWF0IjoxNzY2ODE0NDY5LCJleHAiOjE3NjY5MDA4Njl9.d0tu0mpyRU3H05jLlpgS6Swkaejpwx5YYYXkrg4BsVE',
    mobileToken: null,
    ip: null,
    expiry: 1,
    createdAt: 2025-12-23T06:19:41.000Z,
    updatedAt: 2025-12-27T05:47:49.000Z
  },
  _previousDataValues: {
    id: 1,
    userId: 3,
    token: 'eyJhbGciOiJIUzI1NiIsInR5cCI6IkpXVCJ9.eyJpZCI6MywiZW1haWwiOiJ5YXN1MDFAZ21haWwuY29tIiwiZmlyc3ROYW1lIjoieWFzdTAxIiwiaWF0IjoxNzY2ODE0NDY5LCJleHAiOjE3NjY5MDA4Njl9.d0tu0mpyRU3H05jLlpgS6Swkaejpwx5YYYXkrg4BsVE',
    mobileToken: null,
    ip: null,
    expiry: 1,
    createdAt: 2025-12-23T06:19:41.000Z,
    updatedAt: 2025-12-27T05:47:49.000Z
  },
  uniqno: 1,
  _changed: Set(0) {},
  _options: {
    isNewRecord: false,
    _schema: null,
    _schemaDelimiter: '',
    raw: true,
    attributes: [
      'id',
      'userId',
      'token',
      'mobileToken',
      'ip',
      'expiry',
      'createdAt',
      'updatedAt'
    ]
  },
  isNewRecord: false
}[0m
[38;5;35m[Sat Dec 27 2025 11:19:04 GMT+0530] : 
Generating JWT token { id: 3, email: 'yasu01@gmail.com', firstName: 'yasu01' }[0m
[38;5;39m[Sat Dec 27 2025 11:19:04 GMT+0530] : 
Setting JWT token for userId: 3[0m
[38;5;39m[Sat Dec 27 2025 11:19:04 GMT+0530] : 
updating token for userId: AccessKey {
  dataValues: {
    id: 1,
    userId: 3,
    token: 'eyJhbGciOiJIUzI1NiIsInR5cCI6IkpXVCJ9.eyJpZCI6MywiZW1haWwiOiJ5YXN1MDFAZ21haWwuY29tIiwiZmlyc3ROYW1lIjoieWFzdTAxIiwiaWF0IjoxNzY2ODE0NTEyLCJleHAiOjE3NjY5MDA5MTJ9.dQTqKEx1wJIJKkptidreju4TGNHlqy7kFozvIn7uOoQ',
    mobileToken: null,
    ip: null,
    expiry: 1,
    createdAt: 2025-12-23T06:19:41.000Z,
    updatedAt: 2025-12-27T05:48:32.000Z
  },
  _previousDataValues: {
    id: 1,
    userId: 3,
    token: 'eyJhbGciOiJIUzI1NiIsInR5cCI6IkpXVCJ9.eyJpZCI6MywiZW1haWwiOiJ5YXN1MDFAZ21haWwuY29tIiwiZmlyc3ROYW1lIjoieWFzdTAxIiwiaWF0IjoxNzY2ODE0NTEyLCJleHAiOjE3NjY5MDA5MTJ9.dQTqKEx1wJIJKkptidreju4TGNHlqy7kFozvIn7uOoQ',
    mobileToken: null,
    ip: null,
    expiry: 1,
    createdAt: 2025-12-23T06:19:41.000Z,
    updatedAt: 2025-12-27T05:48:32.000Z
  },
  uniqno: 1,
  _changed: Set(0) {},
  _options: {
    isNewRecord: false,
    _schema: null,
    _schemaDelimiter: '',
    raw: true,
    attributes: [
      'id',
      'userId',
      'token',
      'mobileToken',
      'ip',
      'expiry',
      'createdAt',
      'updatedAt'
    ]
  },
  isNewRecord: false
}[0m
[38;5;35m[Sat Dec 27 2025 11:19:04 GMT+0530] : 
[authMiddleware] Incoming token: eyJhbGciOiJIUzI1NiIsInR5cCI6IkpXVCJ9.eyJpZCI6MywiZW1haWwiOiJ5YXN1MDFAZ21haWwuY29tIiwiZmlyc3ROYW1lIjoieWFzdTAxIiwiaWF0IjoxNzY2ODE0NTQ0LCJleHAiOjE3NjY5MDA5NDR9.ZvxjuaVvzutNsARSAfBq_f5KahI9uve0WRV9fu4axN8[0m
[38;5;35m[Sat Dec 27 2025 11:19:04 GMT+0530] : 
[authMiddleware] Decoded JWT: {
  id: 3,
  email: 'yasu01@gmail.com',
  firstName: 'yasu01',
  iat: 1766814544,
  exp: 1766900944
}[0m
[38;5;35m[Sat Dec 27 2025 11:19:04 GMT+0530] : 
[authMiddleware] DB lookup result: AccessKey {
  dataValues: {
    id: 1,
    userId: 3,
    token: 'eyJhbGciOiJIUzI1NiIsInR5cCI6IkpXVCJ9.eyJpZCI6MywiZW1haWwiOiJ5YXN1MDFAZ21haWwuY29tIiwiZmlyc3ROYW1lIjoieWFzdTAxIiwiaWF0IjoxNzY2ODE0NTQ0LCJleHAiOjE3NjY5MDA5NDR9.ZvxjuaVvzutNsARSAfBq_f5KahI9uve0WRV9fu4axN8',
    mobileToken: null,
    ip: null,
    expiry: 1,
    createdAt: 2025-12-23T06:19:41.000Z,
    updatedAt: 2025-12-27T05:49:04.000Z
  },
  _previousDataValues: {
    id: 1,
    userId: 3,
    token: 'eyJhbGciOiJIUzI1NiIsInR5cCI6IkpXVCJ9.eyJpZCI6MywiZW1haWwiOiJ5YXN1MDFAZ21haWwuY29tIiwiZmlyc3ROYW1lIjoieWFzdTAxIiwiaWF0IjoxNzY2ODE0NTQ0LCJleHAiOjE3NjY5MDA5NDR9.ZvxjuaVvzutNsARSAfBq_f5KahI9uve0WRV9fu4axN8',
    mobileToken: null,
    ip: null,
    expiry: 1,
    createdAt: 2025-12-23T06:19:41.000Z,
    updatedAt: 2025-12-27T05:49:04.000Z
  },
  uniqno: 1,
  _changed: Set(0) {},
  _options: {
    isNewRecord: false,
    _schema: null,
    _schemaDelimiter: '',
    raw: true,
    attributes: [
      'id',
      'userId',
      'token',
      'mobileToken',
      'ip',
      'expiry',
      'createdAt',
      'updatedAt'
    ]
  },
  isNewRecord: false
}[0m
[38;5;35m[Sat Dec 27 2025 11:19:04 GMT+0530] : 
[authMiddleware] Stored token from DB: eyJhbGciOiJIUzI1NiIsInR5cCI6IkpXVCJ9.eyJpZCI6MywiZW1haWwiOiJ5YXN1MDFAZ21haWwuY29tIiwiZmlyc3ROYW1lIjoieWFzdTAxIiwiaWF0IjoxNzY2ODE0NTQ0LCJleHAiOjE3NjY5MDA5NDR9.ZvxjuaVvzutNsARSAfBq_f5KahI9uve0WRV9fu4axN8[0m
[38;5;35m[Sat Dec 27 2025 11:19:04 GMT+0530] : 
[authMiddleware] Incoming token: eyJhbGciOiJIUzI1NiIsInR5cCI6IkpXVCJ9.eyJpZCI6MywiZW1haWwiOiJ5YXN1MDFAZ21haWwuY29tIiwiZmlyc3ROYW1lIjoieWFzdTAxIiwiaWF0IjoxNzY2ODE0NTQ0LCJleHAiOjE3NjY5MDA5NDR9.ZvxjuaVvzutNsARSAfBq_f5KahI9uve0WRV9fu4axN8[0m
[38;5;35m[Sat Dec 27 2025 11:19:04 GMT+0530] : 
[authMiddleware] Decoded JWT: {
  id: 3,
  email: 'yasu01@gmail.com',
  firstName: 'yasu01',
  iat: 1766814544,
  exp: 1766900944
}[0m
[38;5;35m[Sat Dec 27 2025 11:19:04 GMT+0530] : 
[authMiddleware] DB lookup result: AccessKey {
  dataValues: {
    id: 1,
    userId: 3,
    token: 'eyJhbGciOiJIUzI1NiIsInR5cCI6IkpXVCJ9.eyJpZCI6MywiZW1haWwiOiJ5YXN1MDFAZ21haWwuY29tIiwiZmlyc3ROYW1lIjoieWFzdTAxIiwiaWF0IjoxNzY2ODE0NTQ0LCJleHAiOjE3NjY5MDA5NDR9.ZvxjuaVvzutNsARSAfBq_f5KahI9uve0WRV9fu4axN8',
    mobileToken: null,
    ip: null,
    expiry: 1,
    createdAt: 2025-12-23T06:19:41.000Z,
    updatedAt: 2025-12-27T05:49:04.000Z
  },
  _previousDataValues: {
    id: 1,
    userId: 3,
    token: 'eyJhbGciOiJIUzI1NiIsInR5cCI6IkpXVCJ9.eyJpZCI6MywiZW1haWwiOiJ5YXN1MDFAZ21haWwuY29tIiwiZmlyc3ROYW1lIjoieWFzdTAxIiwiaWF0IjoxNzY2ODE0NTQ0LCJleHAiOjE3NjY5MDA5NDR9.ZvxjuaVvzutNsARSAfBq_f5KahI9uve0WRV9fu4axN8',
    mobileToken: null,
    ip: null,
    expiry: 1,
    createdAt: 2025-12-23T06:19:41.000Z,
    updatedAt: 2025-12-27T05:49:04.000Z
  },
  uniqno: 1,
  _changed: Set(0) {},
  _options: {
    isNewRecord: false,
    _schema: null,
    _schemaDelimiter: '',
    raw: true,
    attributes: [
      'id',
      'userId',
      'token',
      'mobileToken',
      'ip',
      'expiry',
      'createdAt',
      'updatedAt'
    ]
  },
  isNewRecord: false
}[0m
[38;5;35m[Sat Dec 27 2025 11:19:04 GMT+0530] : 
[authMiddleware] Stored token from DB: eyJhbGciOiJIUzI1NiIsInR5cCI6IkpXVCJ9.eyJpZCI6MywiZW1haWwiOiJ5YXN1MDFAZ21haWwuY29tIiwiZmlyc3ROYW1lIjoieWFzdTAxIiwiaWF0IjoxNzY2ODE0NTQ0LCJleHAiOjE3NjY5MDA5NDR9.ZvxjuaVvzutNsARSAfBq_f5KahI9uve0WRV9fu4axN8[0m
[38;5;35m[Sat Dec 27 2025 11:21:02 GMT+0530] : 
[authMiddleware] Incoming token: eyJhbGciOiJIUzI1NiIsInR5cCI6IkpXVCJ9.eyJpZCI6MywiZW1haWwiOiJ5YXN1MDFAZ21haWwuY29tIiwiZmlyc3ROYW1lIjoieWFzdTAxIiwiaWF0IjoxNzY2ODE0NTQ0LCJleHAiOjE3NjY5MDA5NDR9.ZvxjuaVvzutNsARSAfBq_f5KahI9uve0WRV9fu4axN8[0m
[38;5;35m[Sat Dec 27 2025 11:21:02 GMT+0530] : 
[authMiddleware] Decoded JWT: {
  id: 3,
  email: 'yasu01@gmail.com',
  firstName: 'yasu01',
  iat: 1766814544,
  exp: 1766900944
}[0m
[38;5;35m[Sat Dec 27 2025 11:21:02 GMT+0530] : 
[authMiddleware] DB lookup result: AccessKey {
  dataValues: {
    id: 1,
    userId: 3,
    token: 'eyJhbGciOiJIUzI1NiIsInR5cCI6IkpXVCJ9.eyJpZCI6MywiZW1haWwiOiJ5YXN1MDFAZ21haWwuY29tIiwiZmlyc3ROYW1lIjoieWFzdTAxIiwiaWF0IjoxNzY2ODE0NTQ0LCJleHAiOjE3NjY5MDA5NDR9.ZvxjuaVvzutNsARSAfBq_f5KahI9uve0WRV9fu4axN8',
    mobileToken: null,
    ip: null,
    expiry: 1,
    createdAt: 2025-12-23T06:19:41.000Z,
    updatedAt: 2025-12-27T05:49:04.000Z
  },
  _previousDataValues: {
    id: 1,
    userId: 3,
    token: 'eyJhbGciOiJIUzI1NiIsInR5cCI6IkpXVCJ9.eyJpZCI6MywiZW1haWwiOiJ5YXN1MDFAZ21haWwuY29tIiwiZmlyc3ROYW1lIjoieWFzdTAxIiwiaWF0IjoxNzY2ODE0NTQ0LCJleHAiOjE3NjY5MDA5NDR9.ZvxjuaVvzutNsARSAfBq_f5KahI9uve0WRV9fu4axN8',
    mobileToken: null,
    ip: null,
    expiry: 1,
    createdAt: 2025-12-23T06:19:41.000Z,
    updatedAt: 2025-12-27T05:49:04.000Z
  },
  uniqno: 1,
  _changed: Set(0) {},
  _options: {
    isNewRecord: false,
    _schema: null,
    _schemaDelimiter: '',
    raw: true,
    attributes: [
      'id',
      'userId',
      'token',
      'mobileToken',
      'ip',
      'expiry',
      'createdAt',
      'updatedAt'
    ]
  },
  isNewRecord: false
}[0m
[38;5;35m[Sat Dec 27 2025 11:21:03 GMT+0530] : 
[authMiddleware] Stored token from DB: eyJhbGciOiJIUzI1NiIsInR5cCI6IkpXVCJ9.eyJpZCI6MywiZW1haWwiOiJ5YXN1MDFAZ21haWwuY29tIiwiZmlyc3ROYW1lIjoieWFzdTAxIiwiaWF0IjoxNzY2ODE0NTQ0LCJleHAiOjE3NjY5MDA5NDR9.ZvxjuaVvzutNsARSAfBq_f5KahI9uve0WRV9fu4axN8[0m
[38;5;35m[Sat Dec 27 2025 11:21:03 GMT+0530] : 
[createTask] Task created with ID: 18 for userId: 3[0m
[38;5;35m[Sat Dec 27 2025 11:22:56 GMT+0530] : 
[authMiddleware] JWT_SECRET: eHC9rNSsezIQeQqwu++0hXWFOTcnqEUdeOK88w3bn6o=[0m
[38;5;35m[Sat Dec 27 2025 11:22:56 GMT+0530] : 
Database connection established[0m
[38;5;35m[Sat Dec 27 2025 11:22:56 GMT+0530] : 
MySQL models synced successfully[0m
[38;5;35m[Sat Dec 27 2025 11:23:58 GMT+0530] : 
[authMiddleware] JWT_SECRET: eHC9rNSsezIQeQqwu++0hXWFOTcnqEUdeOK88w3bn6o=[0m
[38;5;35m[Sat Dec 27 2025 11:23:58 GMT+0530] : 
Database connection established[0m
[38;5;35m[Sat Dec 27 2025 11:23:58 GMT+0530] : 
MySQL models synced successfully[0m
[38;5;35m[Sat Dec 27 2025 11:24:04 GMT+0530] : 
[authMiddleware] JWT_SECRET: eHC9rNSsezIQeQqwu++0hXWFOTcnqEUdeOK88w3bn6o=[0m
[38;5;35m[Sat Dec 27 2025 11:24:04 GMT+0530] : 
Database connection established[0m
[38;5;35m[Sat Dec 27 2025 11:24:04 GMT+0530] : 
MySQL models synced successfully[0m
[38;5;35m[Sat Dec 27 2025 11:24:20 GMT+0530] : 
Generating JWT token { id: 3, email: 'yasu01@gmail.com', firstName: 'yasu01' }[0m
[38;5;39m[Sat Dec 27 2025 11:24:20 GMT+0530] : 
Setting JWT token for userId: 3[0m
[38;5;39m[Sat Dec 27 2025 11:24:20 GMT+0530] : 
updating token for userId: AccessKey {
  dataValues: {
    id: 1,
    userId: 3,
    token: 'eyJhbGciOiJIUzI1NiIsInR5cCI6IkpXVCJ9.eyJpZCI6MywiZW1haWwiOiJ5YXN1MDFAZ21haWwuY29tIiwiZmlyc3ROYW1lIjoieWFzdTAxIiwiaWF0IjoxNzY2ODE0NTQ0LCJleHAiOjE3NjY5MDA5NDR9.ZvxjuaVvzutNsARSAfBq_f5KahI9uve0WRV9fu4axN8',
    mobileToken: null,
    ip: null,
    expiry: 1,
    createdAt: 2025-12-23T06:19:41.000Z,
    updatedAt: 2025-12-27T05:49:04.000Z
  },
  _previousDataValues: {
    id: 1,
    userId: 3,
    token: 'eyJhbGciOiJIUzI1NiIsInR5cCI6IkpXVCJ9.eyJpZCI6MywiZW1haWwiOiJ5YXN1MDFAZ21haWwuY29tIiwiZmlyc3ROYW1lIjoieWFzdTAxIiwiaWF0IjoxNzY2ODE0NTQ0LCJleHAiOjE3NjY5MDA5NDR9.ZvxjuaVvzutNsARSAfBq_f5KahI9uve0WRV9fu4axN8',
    mobileToken: null,
    ip: null,
    expiry: 1,
    createdAt: 2025-12-23T06:19:41.000Z,
    updatedAt: 2025-12-27T05:49:04.000Z
  },
  uniqno: 1,
  _changed: Set(0) {},
  _options: {
    isNewRecord: false,
    _schema: null,
    _schemaDelimiter: '',
    raw: true,
    attributes: [
      'id',
      'userId',
      'token',
      'mobileToken',
      'ip',
      'expiry',
      'createdAt',
      'updatedAt'
    ]
  },
  isNewRecord: false
}[0m
[38;5;35m[Sat Dec 27 2025 11:24:20 GMT+0530] : 
[authMiddleware] Incoming token: eyJhbGciOiJIUzI1NiIsInR5cCI6IkpXVCJ9.eyJpZCI6MywiZW1haWwiOiJ5YXN1MDFAZ21haWwuY29tIiwiZmlyc3ROYW1lIjoieWFzdTAxIiwiaWF0IjoxNzY2ODE0ODYwLCJleHAiOjE3NjY5MDEyNjB9.AY5VgudnEcW-RykpBp2lWZfUaxTXQnfngvRMrqFvmwo[0m
[38;5;35m[Sat Dec 27 2025 11:24:20 GMT+0530] : 
[authMiddleware] Decoded JWT: {
  id: 3,
  email: 'yasu01@gmail.com',
  firstName: 'yasu01',
  iat: 1766814860,
  exp: 1766901260
}[0m
[38;5;35m[Sat Dec 27 2025 11:24:20 GMT+0530] : 
[authMiddleware] DB lookup result: AccessKey {
  dataValues: {
    id: 1,
    userId: 3,
    token: 'eyJhbGciOiJIUzI1NiIsInR5cCI6IkpXVCJ9.eyJpZCI6MywiZW1haWwiOiJ5YXN1MDFAZ21haWwuY29tIiwiZmlyc3ROYW1lIjoieWFzdTAxIiwiaWF0IjoxNzY2ODE0ODYwLCJleHAiOjE3NjY5MDEyNjB9.AY5VgudnEcW-RykpBp2lWZfUaxTXQnfngvRMrqFvmwo',
    mobileToken: null,
    ip: null,
    expiry: 1,
    createdAt: 2025-12-23T06:19:41.000Z,
    updatedAt: 2025-12-27T05:54:20.000Z
  },
  _previousDataValues: {
    id: 1,
    userId: 3,
    token: 'eyJhbGciOiJIUzI1NiIsInR5cCI6IkpXVCJ9.eyJpZCI6MywiZW1haWwiOiJ5YXN1MDFAZ21haWwuY29tIiwiZmlyc3ROYW1lIjoieWFzdTAxIiwiaWF0IjoxNzY2ODE0ODYwLCJleHAiOjE3NjY5MDEyNjB9.AY5VgudnEcW-RykpBp2lWZfUaxTXQnfngvRMrqFvmwo',
    mobileToken: null,
    ip: null,
    expiry: 1,
    createdAt: 2025-12-23T06:19:41.000Z,
    updatedAt: 2025-12-27T05:54:20.000Z
  },
  uniqno: 1,
  _changed: Set(0) {},
  _options: {
    isNewRecord: false,
    _schema: null,
    _schemaDelimiter: '',
    raw: true,
    attributes: [
      'id',
      'userId',
      'token',
      'mobileToken',
      'ip',
      'expiry',
      'createdAt',
      'updatedAt'
    ]
  },
  isNewRecord: false
}[0m
[38;5;35m[Sat Dec 27 2025 11:24:20 GMT+0530] : 
[authMiddleware] Stored token from DB: eyJhbGciOiJIUzI1NiIsInR5cCI6IkpXVCJ9.eyJpZCI6MywiZW1haWwiOiJ5YXN1MDFAZ21haWwuY29tIiwiZmlyc3ROYW1lIjoieWFzdTAxIiwiaWF0IjoxNzY2ODE0ODYwLCJleHAiOjE3NjY5MDEyNjB9.AY5VgudnEcW-RykpBp2lWZfUaxTXQnfngvRMrqFvmwo[0m
[38;5;39m[Sat Dec 27 2025 11:24:20 GMT+0530] : 
[getTasks] Mapping taskId to id for task: Task {
  dataValues: {
    taskId: null,
    userId: 3,
    title: 'we3r3r3r3',
    description: 'cwdxqs dcwsxdq escwscw',
    status: 'in_progress',
    createdAt: 2025-12-26T10:26:18.000Z,
    updatedAt: 2025-12-26T10:26:18.000Z,
    assigneeId: null
  },
  _previousDataValues: {
    taskId: null,
    userId: 3,
    title: 'we3r3r3r3',
    description: 'cwdxqs dcwsxdq escwscw',
    status: 'in_progress',
    createdAt: 2025-12-26T10:26:18.000Z,
    updatedAt: 2025-12-26T10:26:18.000Z,
    assigneeId: null
  },
  uniqno: 1,
  _changed: Set(0) {},
  _options: {
    isNewRecord: false,
    _schema: null,
    _schemaDelimiter: '',
    raw: true,
    attributes: [
      'taskId',
      'userId',
      'title',
      'description',
      'status',
      'createdAt',
      'updatedAt',
      'assigneeId'
    ]
  },
  isNewRecord: false
}[0m
[38;5;39m[Sat Dec 27 2025 11:24:20 GMT+0530] : 
[getTasks] Mapping taskId to id for task: Task {
  dataValues: {
    taskId: null,
    userId: 3,
    title: 'pow ew bdegv wc',
    description: 'vdghsdywhd judhuwhd wjdiw',
    status: 'pending',
    createdAt: 2025-12-26T10:28:17.000Z,
    updatedAt: 2025-12-26T10:28:17.000Z,
    assigneeId: null
  },
  _previousDataValues: {
    taskId: null,
    userId: 3,
    title: 'pow ew bdegv wc',
    description: 'vdghsdywhd judhuwhd wjdiw',
    status: 'pending',
    createdAt: 2025-12-26T10:28:17.000Z,
    updatedAt: 2025-12-26T10:28:17.000Z,
    assigneeId: null
  },
  uniqno: 1,
  _changed: Set(0) {},
  _options: {
    isNewRecord: false,
    _schema: null,
    _schemaDelimiter: '',
    raw: true,
    attributes: [
      'taskId',
      'userId',
      'title',
      'description',
      'status',
      'createdAt',
      'updatedAt',
      'assigneeId'
    ]
  },
  isNewRecord: false
}[0m
[38;5;39m[Sat Dec 27 2025 11:24:20 GMT+0530] : 
[getTasks] Mapping taskId to id for task: Task {
  dataValues: {
    taskId: null,
    userId: 3,
    title: 'kjhcjksdvhkdjvksdjvkldjsv jdvkdsjvk kfksdejfkjfdewflfmgwe klvkdvldekvl;vm',
    description: null,
    status: 'pending',
    createdAt: 2025-12-26T12:20:26.000Z,
    updatedAt: 2025-12-26T12:20:26.000Z,
    assigneeId: null
  },
  _previousDataValues: {
    taskId: null,
    userId: 3,
    title: 'kjhcjksdvhkdjvksdjvkldjsv jdvkdsjvk kfksdejfkjfdewflfmgwe klvkdvldekvl;vm',
    description: null,
    status: 'pending',
    createdAt: 2025-12-26T12:20:26.000Z,
    updatedAt: 2025-12-26T12:20:26.000Z,
    assigneeId: null
  },
  uniqno: 1,
  _changed: Set(0) {},
  _options: {
    isNewRecord: false,
    _schema: null,
    _schemaDelimiter: '',
    raw: true,
    attributes: [
      'taskId',
      'userId',
      'title',
      'description',
      'status',
      'createdAt',
      'updatedAt',
      'assigneeId'
    ]
  },
  isNewRecord: false
}[0m
[38;5;39m[Sat Dec 27 2025 11:24:20 GMT+0530] : 
[getTasks] Mapping taskId to id for task: Task {
  dataValues: {
    taskId: null,
    userId: 3,
    title: 'yasu01@gmail.com',
    description: null,
    status: 'pending',
    createdAt: 2025-12-26T12:21:17.000Z,
    updatedAt: 2025-12-26T12:21:17.000Z,
    assigneeId: null
  },
  _previousDataValues: {
    taskId: null,
    userId: 3,
    title: 'yasu01@gmail.com',
    description: null,
    status: 'pending',
    createdAt: 2025-12-26T12:21:17.000Z,
    updatedAt: 2025-12-26T12:21:17.000Z,
    assigneeId: null
  },
  uniqno: 1,
  _changed: Set(0) {},
  _options: {
    isNewRecord: false,
    _schema: null,
    _schemaDelimiter: '',
    raw: true,
    attributes: [
      'taskId',
      'userId',
      'title',
      'description',
      'status',
      'createdAt',
      'updatedAt',
      'assigneeId'
    ]
  },
  isNewRecord: false
}[0m
[38;5;39m[Sat Dec 27 2025 11:24:20 GMT+0530] : 
[getTasks] Mapping taskId to id for task: Task {
  dataValues: {
    taskId: null,
    userId: 3,
    title: 'brightieee jiji abrahammmmmm',
    description: null,
    status: 'pending',
    createdAt: 2025-12-26T13:24:47.000Z,
    updatedAt: 2025-12-26T13:24:47.000Z,
    assigneeId: null
  },
  _previousDataValues: {
    taskId: null,
    userId: 3,
    title: 'brightieee jiji abrahammmmmm',
    description: null,
    status: 'pending',
    createdAt: 2025-12-26T13:24:47.000Z,
    updatedAt: 2025-12-26T13:24:47.000Z,
    assigneeId: null
  },
  uniqno: 1,
  _changed: Set(0) {},
  _options: {
    isNewRecord: false,
    _schema: null,
    _schemaDelimiter: '',
    raw: true,
    attributes: [
      'taskId',
      'userId',
      'title',
      'description',
      'status',
      'createdAt',
      'updatedAt',
      'assigneeId'
    ]
  },
  isNewRecord: false
}[0m
[38;5;39m[Sat Dec 27 2025 11:24:20 GMT+0530] : 
[getTasks] Mapping taskId to id for task: Task {
  dataValues: {
    taskId: null,
    userId: 3,
    title: 'yasu01@gmail.com',
    description: 'goat',
    status: 'in_progress',
    createdAt: 2025-12-26T13:25:01.000Z,
    updatedAt: 2025-12-26T13:25:01.000Z,
    assigneeId: null
  },
  _previousDataValues: {
    taskId: null,
    userId: 3,
    title: 'yasu01@gmail.com',
    description: 'goat',
    status: 'in_progress',
    createdAt: 2025-12-26T13:25:01.000Z,
    updatedAt: 2025-12-26T13:25:01.000Z,
    assigneeId: null
  },
  uniqno: 1,
  _changed: Set(0) {},
  _options: {
    isNewRecord: false,
    _schema: null,
    _schemaDelimiter: '',
    raw: true,
    attributes: [
      'taskId',
      'userId',
      'title',
      'description',
      'status',
      'createdAt',
      'updatedAt',
      'assigneeId'
    ]
  },
  isNewRecord: false
}[0m
[38;5;39m[Sat Dec 27 2025 11:24:20 GMT+0530] : 
[getTasks] Mapping taskId to id for task: Task {
  dataValues: {
    taskId: null,
    userId: 3,
    title: 'quick add task',
    description: 'quick add task',
    status: 'in_progress',
    createdAt: 2025-12-27T05:51:03.000Z,
    updatedAt: 2025-12-27T05:51:03.000Z,
    assigneeId: null
  },
  _previousDataValues: {
    taskId: null,
    userId: 3,
    title: 'quick add task',
    description: 'quick add task',
    status: 'in_progress',
    createdAt: 2025-12-27T05:51:03.000Z,
    updatedAt: 2025-12-27T05:51:03.000Z,
    assigneeId: null
  },
  uniqno: 1,
  _changed: Set(0) {},
  _options: {
    isNewRecord: false,
    _schema: null,
    _schemaDelimiter: '',
    raw: true,
    attributes: [
      'taskId',
      'userId',
      'title',
      'description',
      'status',
      'createdAt',
      'updatedAt',
      'assigneeId'
    ]
  },
  isNewRecord: false
}[0m
[38;5;35m[Sat Dec 27 2025 11:24:20 GMT+0530] : 
[authMiddleware] Incoming token: eyJhbGciOiJIUzI1NiIsInR5cCI6IkpXVCJ9.eyJpZCI6MywiZW1haWwiOiJ5YXN1MDFAZ21haWwuY29tIiwiZmlyc3ROYW1lIjoieWFzdTAxIiwiaWF0IjoxNzY2ODE0ODYwLCJleHAiOjE3NjY5MDEyNjB9.AY5VgudnEcW-RykpBp2lWZfUaxTXQnfngvRMrqFvmwo[0m
[38;5;35m[Sat Dec 27 2025 11:24:20 GMT+0530] : 
[authMiddleware] Decoded JWT: {
  id: 3,
  email: 'yasu01@gmail.com',
  firstName: 'yasu01',
  iat: 1766814860,
  exp: 1766901260
}[0m
[38;5;35m[Sat Dec 27 2025 11:24:20 GMT+0530] : 
[authMiddleware] DB lookup result: AccessKey {
  dataValues: {
    id: 1,
    userId: 3,
    token: 'eyJhbGciOiJIUzI1NiIsInR5cCI6IkpXVCJ9.eyJpZCI6MywiZW1haWwiOiJ5YXN1MDFAZ21haWwuY29tIiwiZmlyc3ROYW1lIjoieWFzdTAxIiwiaWF0IjoxNzY2ODE0ODYwLCJleHAiOjE3NjY5MDEyNjB9.AY5VgudnEcW-RykpBp2lWZfUaxTXQnfngvRMrqFvmwo',
    mobileToken: null,
    ip: null,
    expiry: 1,
    createdAt: 2025-12-23T06:19:41.000Z,
    updatedAt: 2025-12-27T05:54:20.000Z
  },
  _previousDataValues: {
    id: 1,
    userId: 3,
    token: 'eyJhbGciOiJIUzI1NiIsInR5cCI6IkpXVCJ9.eyJpZCI6MywiZW1haWwiOiJ5YXN1MDFAZ21haWwuY29tIiwiZmlyc3ROYW1lIjoieWFzdTAxIiwiaWF0IjoxNzY2ODE0ODYwLCJleHAiOjE3NjY5MDEyNjB9.AY5VgudnEcW-RykpBp2lWZfUaxTXQnfngvRMrqFvmwo',
    mobileToken: null,
    ip: null,
    expiry: 1,
    createdAt: 2025-12-23T06:19:41.000Z,
    updatedAt: 2025-12-27T05:54:20.000Z
  },
  uniqno: 1,
  _changed: Set(0) {},
  _options: {
    isNewRecord: false,
    _schema: null,
    _schemaDelimiter: '',
    raw: true,
    attributes: [
      'id',
      'userId',
      'token',
      'mobileToken',
      'ip',
      'expiry',
      'createdAt',
      'updatedAt'
    ]
  },
  isNewRecord: false
}[0m
[38;5;35m[Sat Dec 27 2025 11:24:20 GMT+0530] : 
[authMiddleware] Stored token from DB: eyJhbGciOiJIUzI1NiIsInR5cCI6IkpXVCJ9.eyJpZCI6MywiZW1haWwiOiJ5YXN1MDFAZ21haWwuY29tIiwiZmlyc3ROYW1lIjoieWFzdTAxIiwiaWF0IjoxNzY2ODE0ODYwLCJleHAiOjE3NjY5MDEyNjB9.AY5VgudnEcW-RykpBp2lWZfUaxTXQnfngvRMrqFvmwo[0m
[38;5;39m[Sat Dec 27 2025 11:24:20 GMT+0530] : 
[getTasks] Mapping taskId to id for task: Task {
  dataValues: {
    taskId: null,
    userId: 3,
    title: 'we3r3r3r3',
    description: 'cwdxqs dcwsxdq escwscw',
    status: 'in_progress',
    createdAt: 2025-12-26T10:26:18.000Z,
    updatedAt: 2025-12-26T10:26:18.000Z,
    assigneeId: null
  },
  _previousDataValues: {
    taskId: null,
    userId: 3,
    title: 'we3r3r3r3',
    description: 'cwdxqs dcwsxdq escwscw',
    status: 'in_progress',
    createdAt: 2025-12-26T10:26:18.000Z,
    updatedAt: 2025-12-26T10:26:18.000Z,
    assigneeId: null
  },
  uniqno: 1,
  _changed: Set(0) {},
  _options: {
    isNewRecord: false,
    _schema: null,
    _schemaDelimiter: '',
    raw: true,
    attributes: [
      'taskId',
      'userId',
      'title',
      'description',
      'status',
      'createdAt',
      'updatedAt',
      'assigneeId'
    ]
  },
  isNewRecord: false
}[0m
[38;5;39m[Sat Dec 27 2025 11:24:20 GMT+0530] : 
[getTasks] Mapping taskId to id for task: Task {
  dataValues: {
    taskId: null,
    userId: 3,
    title: 'pow ew bdegv wc',
    description: 'vdghsdywhd judhuwhd wjdiw',
    status: 'pending',
    createdAt: 2025-12-26T10:28:17.000Z,
    updatedAt: 2025-12-26T10:28:17.000Z,
    assigneeId: null
  },
  _previousDataValues: {
    taskId: null,
    userId: 3,
    title: 'pow ew bdegv wc',
    description: 'vdghsdywhd judhuwhd wjdiw',
    status: 'pending',
    createdAt: 2025-12-26T10:28:17.000Z,
    updatedAt: 2025-12-26T10:28:17.000Z,
    assigneeId: null
  },
  uniqno: 1,
  _changed: Set(0) {},
  _options: {
    isNewRecord: false,
    _schema: null,
    _schemaDelimiter: '',
    raw: true,
    attributes: [
      'taskId',
      'userId',
      'title',
      'description',
      'status',
      'createdAt',
      'updatedAt',
      'assigneeId'
    ]
  },
  isNewRecord: false
}[0m
[38;5;39m[Sat Dec 27 2025 11:24:20 GMT+0530] : 
[getTasks] Mapping taskId to id for task: Task {
  dataValues: {
    taskId: null,
    userId: 3,
    title: 'kjhcjksdvhkdjvksdjvkldjsv jdvkdsjvk kfksdejfkjfdewflfmgwe klvkdvldekvl;vm',
    description: null,
    status: 'pending',
    createdAt: 2025-12-26T12:20:26.000Z,
    updatedAt: 2025-12-26T12:20:26.000Z,
    assigneeId: null
  },
  _previousDataValues: {
    taskId: null,
    userId: 3,
    title: 'kjhcjksdvhkdjvksdjvkldjsv jdvkdsjvk kfksdejfkjfdewflfmgwe klvkdvldekvl;vm',
    description: null,
    status: 'pending',
    createdAt: 2025-12-26T12:20:26.000Z,
    updatedAt: 2025-12-26T12:20:26.000Z,
    assigneeId: null
  },
  uniqno: 1,
  _changed: Set(0) {},
  _options: {
    isNewRecord: false,
    _schema: null,
    _schemaDelimiter: '',
    raw: true,
    attributes: [
      'taskId',
      'userId',
      'title',
      'description',
      'status',
      'createdAt',
      'updatedAt',
      'assigneeId'
    ]
  },
  isNewRecord: false
}[0m
[38;5;39m[Sat Dec 27 2025 11:24:20 GMT+0530] : 
[getTasks] Mapping taskId to id for task: Task {
  dataValues: {
    taskId: null,
    userId: 3,
    title: 'yasu01@gmail.com',
    description: null,
    status: 'pending',
    createdAt: 2025-12-26T12:21:17.000Z,
    updatedAt: 2025-12-26T12:21:17.000Z,
    assigneeId: null
  },
  _previousDataValues: {
    taskId: null,
    userId: 3,
    title: 'yasu01@gmail.com',
    description: null,
    status: 'pending',
    createdAt: 2025-12-26T12:21:17.000Z,
    updatedAt: 2025-12-26T12:21:17.000Z,
    assigneeId: null
  },
  uniqno: 1,
  _changed: Set(0) {},
  _options: {
    isNewRecord: false,
    _schema: null,
    _schemaDelimiter: '',
    raw: true,
    attributes: [
      'taskId',
      'userId',
      'title',
      'description',
      'status',
      'createdAt',
      'updatedAt',
      'assigneeId'
    ]
  },
  isNewRecord: false
}[0m
[38;5;39m[Sat Dec 27 2025 11:24:20 GMT+0530] : 
[getTasks] Mapping taskId to id for task: Task {
  dataValues: {
    taskId: null,
    userId: 3,
    title: 'brightieee jiji abrahammmmmm',
    description: null,
    status: 'pending',
    createdAt: 2025-12-26T13:24:47.000Z,
    updatedAt: 2025-12-26T13:24:47.000Z,
    assigneeId: null
  },
  _previousDataValues: {
    taskId: null,
    userId: 3,
    title: 'brightieee jiji abrahammmmmm',
    description: null,
    status: 'pending',
    createdAt: 2025-12-26T13:24:47.000Z,
    updatedAt: 2025-12-26T13:24:47.000Z,
    assigneeId: null
  },
  uniqno: 1,
  _changed: Set(0) {},
  _options: {
    isNewRecord: false,
    _schema: null,
    _schemaDelimiter: '',
    raw: true,
    attributes: [
      'taskId',
      'userId',
      'title',
      'description',
      'status',
      'createdAt',
      'updatedAt',
      'assigneeId'
    ]
  },
  isNewRecord: false
}[0m
[38;5;39m[Sat Dec 27 2025 11:24:20 GMT+0530] : 
[getTasks] Mapping taskId to id for task: Task {
  dataValues: {
    taskId: null,
    userId: 3,
    title: 'yasu01@gmail.com',
    description: 'goat',
    status: 'in_progress',
    createdAt: 2025-12-26T13:25:01.000Z,
    updatedAt: 2025-12-26T13:25:01.000Z,
    assigneeId: null
  },
  _previousDataValues: {
    taskId: null,
    userId: 3,
    title: 'yasu01@gmail.com',
    description: 'goat',
    status: 'in_progress',
    createdAt: 2025-12-26T13:25:01.000Z,
    updatedAt: 2025-12-26T13:25:01.000Z,
    assigneeId: null
  },
  uniqno: 1,
  _changed: Set(0) {},
  _options: {
    isNewRecord: false,
    _schema: null,
    _schemaDelimiter: '',
    raw: true,
    attributes: [
      'taskId',
      'userId',
      'title',
      'description',
      'status',
      'createdAt',
      'updatedAt',
      'assigneeId'
    ]
  },
  isNewRecord: false
}[0m
[38;5;39m[Sat Dec 27 2025 11:24:20 GMT+0530] : 
[getTasks] Mapping taskId to id for task: Task {
  dataValues: {
    taskId: null,
    userId: 3,
    title: 'quick add task',
    description: 'quick add task',
    status: 'in_progress',
    createdAt: 2025-12-27T05:51:03.000Z,
    updatedAt: 2025-12-27T05:51:03.000Z,
    assigneeId: null
  },
  _previousDataValues: {
    taskId: null,
    userId: 3,
    title: 'quick add task',
    description: 'quick add task',
    status: 'in_progress',
    createdAt: 2025-12-27T05:51:03.000Z,
    updatedAt: 2025-12-27T05:51:03.000Z,
    assigneeId: null
  },
  uniqno: 1,
  _changed: Set(0) {},
  _options: {
    isNewRecord: false,
    _schema: null,
    _schemaDelimiter: '',
    raw: true,
    attributes: [
      'taskId',
      'userId',
      'title',
      'description',
      'status',
      'createdAt',
      'updatedAt',
      'assigneeId'
    ]
  },
  isNewRecord: false
}[0m
[38;5;35m[Sat Dec 27 2025 11:30:25 GMT+0530] : 
[authMiddleware] JWT_SECRET: eHC9rNSsezIQeQqwu++0hXWFOTcnqEUdeOK88w3bn6o=[0m
[38;5;35m[Sat Dec 27 2025 11:30:25 GMT+0530] : 
Database connection established[0m
[38;5;35m[Sat Dec 27 2025 11:30:25 GMT+0530] : 
MySQL models synced successfully[0m
[38;5;35m[Sat Dec 27 2025 11:30:35 GMT+0530] : 
Generating JWT token { id: 3, email: 'yasu01@gmail.com', firstName: 'yasu01' }[0m
[38;5;39m[Sat Dec 27 2025 11:30:35 GMT+0530] : 
Setting JWT token for userId: 3[0m
[38;5;39m[Sat Dec 27 2025 11:30:35 GMT+0530] : 
updating token for userId: AccessKey {
  dataValues: {
    id: 1,
    userId: 3,
    token: 'eyJhbGciOiJIUzI1NiIsInR5cCI6IkpXVCJ9.eyJpZCI6MywiZW1haWwiOiJ5YXN1MDFAZ21haWwuY29tIiwiZmlyc3ROYW1lIjoieWFzdTAxIiwiaWF0IjoxNzY2ODE0ODYwLCJleHAiOjE3NjY5MDEyNjB9.AY5VgudnEcW-RykpBp2lWZfUaxTXQnfngvRMrqFvmwo',
    mobileToken: null,
    ip: null,
    expiry: 1,
    createdAt: 2025-12-23T06:19:41.000Z,
    updatedAt: 2025-12-27T05:54:20.000Z
  },
  _previousDataValues: {
    id: 1,
    userId: 3,
    token: 'eyJhbGciOiJIUzI1NiIsInR5cCI6IkpXVCJ9.eyJpZCI6MywiZW1haWwiOiJ5YXN1MDFAZ21haWwuY29tIiwiZmlyc3ROYW1lIjoieWFzdTAxIiwiaWF0IjoxNzY2ODE0ODYwLCJleHAiOjE3NjY5MDEyNjB9.AY5VgudnEcW-RykpBp2lWZfUaxTXQnfngvRMrqFvmwo',
    mobileToken: null,
    ip: null,
    expiry: 1,
    createdAt: 2025-12-23T06:19:41.000Z,
    updatedAt: 2025-12-27T05:54:20.000Z
  },
  uniqno: 1,
  _changed: Set(0) {},
  _options: {
    isNewRecord: false,
    _schema: null,
    _schemaDelimiter: '',
    raw: true,
    attributes: [
      'id',
      'userId',
      'token',
      'mobileToken',
      'ip',
      'expiry',
      'createdAt',
      'updatedAt'
    ]
  },
  isNewRecord: false
}[0m
[38;5;35m[Sat Dec 27 2025 11:30:35 GMT+0530] : 
[authMiddleware] Incoming token: eyJhbGciOiJIUzI1NiIsInR5cCI6IkpXVCJ9.eyJpZCI6MywiZW1haWwiOiJ5YXN1MDFAZ21haWwuY29tIiwiZmlyc3ROYW1lIjoieWFzdTAxIiwiaWF0IjoxNzY2ODE1MjM1LCJleHAiOjE3NjY5MDE2MzV9.FK0tCvgiuhodKgGoddXY2XUXsjei8hD8mxo2wnruvqU[0m
[38;5;35m[Sat Dec 27 2025 11:30:35 GMT+0530] : 
[authMiddleware] Decoded JWT: {
  id: 3,
  email: 'yasu01@gmail.com',
  firstName: 'yasu01',
  iat: 1766815235,
  exp: 1766901635
}[0m
[38;5;35m[Sat Dec 27 2025 11:30:35 GMT+0530] : 
[authMiddleware] DB lookup result: AccessKey {
  dataValues: {
    id: 1,
    userId: 3,
    token: 'eyJhbGciOiJIUzI1NiIsInR5cCI6IkpXVCJ9.eyJpZCI6MywiZW1haWwiOiJ5YXN1MDFAZ21haWwuY29tIiwiZmlyc3ROYW1lIjoieWFzdTAxIiwiaWF0IjoxNzY2ODE1MjM1LCJleHAiOjE3NjY5MDE2MzV9.FK0tCvgiuhodKgGoddXY2XUXsjei8hD8mxo2wnruvqU',
    mobileToken: null,
    ip: null,
    expiry: 1,
    createdAt: 2025-12-23T06:19:41.000Z,
    updatedAt: 2025-12-27T06:00:35.000Z
  },
  _previousDataValues: {
    id: 1,
    userId: 3,
    token: 'eyJhbGciOiJIUzI1NiIsInR5cCI6IkpXVCJ9.eyJpZCI6MywiZW1haWwiOiJ5YXN1MDFAZ21haWwuY29tIiwiZmlyc3ROYW1lIjoieWFzdTAxIiwiaWF0IjoxNzY2ODE1MjM1LCJleHAiOjE3NjY5MDE2MzV9.FK0tCvgiuhodKgGoddXY2XUXsjei8hD8mxo2wnruvqU',
    mobileToken: null,
    ip: null,
    expiry: 1,
    createdAt: 2025-12-23T06:19:41.000Z,
    updatedAt: 2025-12-27T06:00:35.000Z
  },
  uniqno: 1,
  _changed: Set(0) {},
  _options: {
    isNewRecord: false,
    _schema: null,
    _schemaDelimiter: '',
    raw: true,
    attributes: [
      'id',
      'userId',
      'token',
      'mobileToken',
      'ip',
      'expiry',
      'createdAt',
      'updatedAt'
    ]
  },
  isNewRecord: false
}[0m
[38;5;35m[Sat Dec 27 2025 11:30:35 GMT+0530] : 
[authMiddleware] Stored token from DB: eyJhbGciOiJIUzI1NiIsInR5cCI6IkpXVCJ9.eyJpZCI6MywiZW1haWwiOiJ5YXN1MDFAZ21haWwuY29tIiwiZmlyc3ROYW1lIjoieWFzdTAxIiwiaWF0IjoxNzY2ODE1MjM1LCJleHAiOjE3NjY5MDE2MzV9.FK0tCvgiuhodKgGoddXY2XUXsjei8hD8mxo2wnruvqU[0m
[38;5;39m[Sat Dec 27 2025 11:30:35 GMT+0530] : 
[getTasks] Mapping taskId to id for task: Task {
  dataValues: {
    taskId: 11,
    userId: 3,
    assigneeId: null,
    title: 'we3r3r3r3',
    description: 'cwdxqs dcwsxdq escwscw',
    status: 'in_progress',
    createdAt: 2025-12-26T10:26:18.000Z,
    updatedAt: 2025-12-26T10:26:18.000Z
  },
  _previousDataValues: {
    taskId: 11,
    userId: 3,
    assigneeId: null,
    title: 'we3r3r3r3',
    description: 'cwdxqs dcwsxdq escwscw',
    status: 'in_progress',
    createdAt: 2025-12-26T10:26:18.000Z,
    updatedAt: 2025-12-26T10:26:18.000Z
  },
  uniqno: 1,
  _changed: Set(0) {},
  _options: {
    isNewRecord: false,
    _schema: null,
    _schemaDelimiter: '',
    raw: true,
    attributes: [
      'taskId',
      'userId',
      'assigneeId',
      'title',
      'description',
      'status',
      'createdAt',
      'updatedAt'
    ]
  },
  isNewRecord: false
}[0m
[38;5;39m[Sat Dec 27 2025 11:30:35 GMT+0530] : 
[getTasks] Mapping taskId to id for task: Task {
  dataValues: {
    taskId: 12,
    userId: 3,
    assigneeId: null,
    title: 'pow ew bdegv wc',
    description: 'vdghsdywhd judhuwhd wjdiw',
    status: 'pending',
    createdAt: 2025-12-26T10:28:17.000Z,
    updatedAt: 2025-12-26T10:28:17.000Z
  },
  _previousDataValues: {
    taskId: 12,
    userId: 3,
    assigneeId: null,
    title: 'pow ew bdegv wc',
    description: 'vdghsdywhd judhuwhd wjdiw',
    status: 'pending',
    createdAt: 2025-12-26T10:28:17.000Z,
    updatedAt: 2025-12-26T10:28:17.000Z
  },
  uniqno: 1,
  _changed: Set(0) {},
  _options: {
    isNewRecord: false,
    _schema: null,
    _schemaDelimiter: '',
    raw: true,
    attributes: [
      'taskId',
      'userId',
      'assigneeId',
      'title',
      'description',
      'status',
      'createdAt',
      'updatedAt'
    ]
  },
  isNewRecord: false
}[0m
[38;5;39m[Sat Dec 27 2025 11:30:35 GMT+0530] : 
[getTasks] Mapping taskId to id for task: Task {
  dataValues: {
    taskId: 13,
    userId: 3,
    assigneeId: null,
    title: 'kjhcjksdvhkdjvksdjvkldjsv jdvkdsjvk kfksdejfkjfdewflfmgwe klvkdvldekvl;vm',
    description: null,
    status: 'pending',
    createdAt: 2025-12-26T12:20:26.000Z,
    updatedAt: 2025-12-26T12:20:26.000Z
  },
  _previousDataValues: {
    taskId: 13,
    userId: 3,
    assigneeId: null,
    title: 'kjhcjksdvhkdjvksdjvkldjsv jdvkdsjvk kfksdejfkjfdewflfmgwe klvkdvldekvl;vm',
    description: null,
    status: 'pending',
    createdAt: 2025-12-26T12:20:26.000Z,
    updatedAt: 2025-12-26T12:20:26.000Z
  },
  uniqno: 1,
  _changed: Set(0) {},
  _options: {
    isNewRecord: false,
    _schema: null,
    _schemaDelimiter: '',
    raw: true,
    attributes: [
      'taskId',
      'userId',
      'assigneeId',
      'title',
      'description',
      'status',
      'createdAt',
      'updatedAt'
    ]
  },
  isNewRecord: false
}[0m
[38;5;39m[Sat Dec 27 2025 11:30:35 GMT+0530] : 
[getTasks] Mapping taskId to id for task: Task {
  dataValues: {
    taskId: 14,
    userId: 3,
    assigneeId: null,
    title: 'yasu01@gmail.com',
    description: null,
    status: 'pending',
    createdAt: 2025-12-26T12:21:17.000Z,
    updatedAt: 2025-12-26T12:21:17.000Z
  },
  _previousDataValues: {
    taskId: 14,
    userId: 3,
    assigneeId: null,
    title: 'yasu01@gmail.com',
    description: null,
    status: 'pending',
    createdAt: 2025-12-26T12:21:17.000Z,
    updatedAt: 2025-12-26T12:21:17.000Z
  },
  uniqno: 1,
  _changed: Set(0) {},
  _options: {
    isNewRecord: false,
    _schema: null,
    _schemaDelimiter: '',
    raw: true,
    attributes: [
      'taskId',
      'userId',
      'assigneeId',
      'title',
      'description',
      'status',
      'createdAt',
      'updatedAt'
    ]
  },
  isNewRecord: false
}[0m
[38;5;39m[Sat Dec 27 2025 11:30:35 GMT+0530] : 
[getTasks] Mapping taskId to id for task: Task {
  dataValues: {
    taskId: 15,
    userId: 3,
    assigneeId: null,
    title: 'brightieee jiji abrahammmmmm',
    description: null,
    status: 'pending',
    createdAt: 2025-12-26T13:24:47.000Z,
    updatedAt: 2025-12-26T13:24:47.000Z
  },
  _previousDataValues: {
    taskId: 15,
    userId: 3,
    assigneeId: null,
    title: 'brightieee jiji abrahammmmmm',
    description: null,
    status: 'pending',
    createdAt: 2025-12-26T13:24:47.000Z,
    updatedAt: 2025-12-26T13:24:47.000Z
  },
  uniqno: 1,
  _changed: Set(0) {},
  _options: {
    isNewRecord: false,
    _schema: null,
    _schemaDelimiter: '',
    raw: true,
    attributes: [
      'taskId',
      'userId',
      'assigneeId',
      'title',
      'description',
      'status',
      'createdAt',
      'updatedAt'
    ]
  },
  isNewRecord: false
}[0m
[38;5;39m[Sat Dec 27 2025 11:30:35 GMT+0530] : 
[getTasks] Mapping taskId to id for task: Task {
  dataValues: {
    taskId: 16,
    userId: 3,
    assigneeId: null,
    title: 'yasu01@gmail.com',
    description: 'goat',
    status: 'in_progress',
    createdAt: 2025-12-26T13:25:01.000Z,
    updatedAt: 2025-12-26T13:25:01.000Z
  },
  _previousDataValues: {
    taskId: 16,
    userId: 3,
    assigneeId: null,
    title: 'yasu01@gmail.com',
    description: 'goat',
    status: 'in_progress',
    createdAt: 2025-12-26T13:25:01.000Z,
    updatedAt: 2025-12-26T13:25:01.000Z
  },
  uniqno: 1,
  _changed: Set(0) {},
  _options: {
    isNewRecord: false,
    _schema: null,
    _schemaDelimiter: '',
    raw: true,
    attributes: [
      'taskId',
      'userId',
      'assigneeId',
      'title',
      'description',
      'status',
      'createdAt',
      'updatedAt'
    ]
  },
  isNewRecord: false
}[0m
[38;5;39m[Sat Dec 27 2025 11:30:35 GMT+0530] : 
[getTasks] Mapping taskId to id for task: Task {
  dataValues: {
    taskId: 18,
    userId: 3,
    assigneeId: null,
    title: 'quick add task',
    description: 'quick add task',
    status: 'in_progress',
    createdAt: 2025-12-27T05:51:03.000Z,
    updatedAt: 2025-12-27T05:51:03.000Z
  },
  _previousDataValues: {
    taskId: 18,
    userId: 3,
    assigneeId: null,
    title: 'quick add task',
    description: 'quick add task',
    status: 'in_progress',
    createdAt: 2025-12-27T05:51:03.000Z,
    updatedAt: 2025-12-27T05:51:03.000Z
  },
  uniqno: 1,
  _changed: Set(0) {},
  _options: {
    isNewRecord: false,
    _schema: null,
    _schemaDelimiter: '',
    raw: true,
    attributes: [
      'taskId',
      'userId',
      'assigneeId',
      'title',
      'description',
      'status',
      'createdAt',
      'updatedAt'
    ]
  },
  isNewRecord: false
}[0m
[38;5;35m[Sat Dec 27 2025 11:30:35 GMT+0530] : 
[authMiddleware] Incoming token: eyJhbGciOiJIUzI1NiIsInR5cCI6IkpXVCJ9.eyJpZCI6MywiZW1haWwiOiJ5YXN1MDFAZ21haWwuY29tIiwiZmlyc3ROYW1lIjoieWFzdTAxIiwiaWF0IjoxNzY2ODE1MjM1LCJleHAiOjE3NjY5MDE2MzV9.FK0tCvgiuhodKgGoddXY2XUXsjei8hD8mxo2wnruvqU[0m
[38;5;35m[Sat Dec 27 2025 11:30:35 GMT+0530] : 
[authMiddleware] Decoded JWT: {
  id: 3,
  email: 'yasu01@gmail.com',
  firstName: 'yasu01',
  iat: 1766815235,
  exp: 1766901635
}[0m
[38;5;35m[Sat Dec 27 2025 11:30:35 GMT+0530] : 
[authMiddleware] DB lookup result: AccessKey {
  dataValues: {
    id: 1,
    userId: 3,
    token: 'eyJhbGciOiJIUzI1NiIsInR5cCI6IkpXVCJ9.eyJpZCI6MywiZW1haWwiOiJ5YXN1MDFAZ21haWwuY29tIiwiZmlyc3ROYW1lIjoieWFzdTAxIiwiaWF0IjoxNzY2ODE1MjM1LCJleHAiOjE3NjY5MDE2MzV9.FK0tCvgiuhodKgGoddXY2XUXsjei8hD8mxo2wnruvqU',
    mobileToken: null,
    ip: null,
    expiry: 1,
    createdAt: 2025-12-23T06:19:41.000Z,
    updatedAt: 2025-12-27T06:00:35.000Z
  },
  _previousDataValues: {
    id: 1,
    userId: 3,
    token: 'eyJhbGciOiJIUzI1NiIsInR5cCI6IkpXVCJ9.eyJpZCI6MywiZW1haWwiOiJ5YXN1MDFAZ21haWwuY29tIiwiZmlyc3ROYW1lIjoieWFzdTAxIiwiaWF0IjoxNzY2ODE1MjM1LCJleHAiOjE3NjY5MDE2MzV9.FK0tCvgiuhodKgGoddXY2XUXsjei8hD8mxo2wnruvqU',
    mobileToken: null,
    ip: null,
    expiry: 1,
    createdAt: 2025-12-23T06:19:41.000Z,
    updatedAt: 2025-12-27T06:00:35.000Z
  },
  uniqno: 1,
  _changed: Set(0) {},
  _options: {
    isNewRecord: false,
    _schema: null,
    _schemaDelimiter: '',
    raw: true,
    attributes: [
      'id',
      'userId',
      'token',
      'mobileToken',
      'ip',
      'expiry',
      'createdAt',
      'updatedAt'
    ]
  },
  isNewRecord: false
}[0m
[38;5;35m[Sat Dec 27 2025 11:30:35 GMT+0530] : 
[authMiddleware] Stored token from DB: eyJhbGciOiJIUzI1NiIsInR5cCI6IkpXVCJ9.eyJpZCI6MywiZW1haWwiOiJ5YXN1MDFAZ21haWwuY29tIiwiZmlyc3ROYW1lIjoieWFzdTAxIiwiaWF0IjoxNzY2ODE1MjM1LCJleHAiOjE3NjY5MDE2MzV9.FK0tCvgiuhodKgGoddXY2XUXsjei8hD8mxo2wnruvqU[0m
[38;5;39m[Sat Dec 27 2025 11:30:35 GMT+0530] : 
[getTasks] Mapping taskId to id for task: Task {
  dataValues: {
    taskId: 11,
    userId: 3,
    assigneeId: null,
    title: 'we3r3r3r3',
    description: 'cwdxqs dcwsxdq escwscw',
    status: 'in_progress',
    createdAt: 2025-12-26T10:26:18.000Z,
    updatedAt: 2025-12-26T10:26:18.000Z
  },
  _previousDataValues: {
    taskId: 11,
    userId: 3,
    assigneeId: null,
    title: 'we3r3r3r3',
    description: 'cwdxqs dcwsxdq escwscw',
    status: 'in_progress',
    createdAt: 2025-12-26T10:26:18.000Z,
    updatedAt: 2025-12-26T10:26:18.000Z
  },
  uniqno: 1,
  _changed: Set(0) {},
  _options: {
    isNewRecord: false,
    _schema: null,
    _schemaDelimiter: '',
    raw: true,
    attributes: [
      'taskId',
      'userId',
      'assigneeId',
      'title',
      'description',
      'status',
      'createdAt',
      'updatedAt'
    ]
  },
  isNewRecord: false
}[0m
[38;5;39m[Sat Dec 27 2025 11:30:35 GMT+0530] : 
[getTasks] Mapping taskId to id for task: Task {
  dataValues: {
    taskId: 12,
    userId: 3,
    assigneeId: null,
    title: 'pow ew bdegv wc',
    description: 'vdghsdywhd judhuwhd wjdiw',
    status: 'pending',
    createdAt: 2025-12-26T10:28:17.000Z,
    updatedAt: 2025-12-26T10:28:17.000Z
  },
  _previousDataValues: {
    taskId: 12,
    userId: 3,
    assigneeId: null,
    title: 'pow ew bdegv wc',
    description: 'vdghsdywhd judhuwhd wjdiw',
    status: 'pending',
    createdAt: 2025-12-26T10:28:17.000Z,
    updatedAt: 2025-12-26T10:28:17.000Z
  },
  uniqno: 1,
  _changed: Set(0) {},
  _options: {
    isNewRecord: false,
    _schema: null,
    _schemaDelimiter: '',
    raw: true,
    attributes: [
      'taskId',
      'userId',
      'assigneeId',
      'title',
      'description',
      'status',
      'createdAt',
      'updatedAt'
    ]
  },
  isNewRecord: false
}[0m
[38;5;39m[Sat Dec 27 2025 11:30:35 GMT+0530] : 
[getTasks] Mapping taskId to id for task: Task {
  dataValues: {
    taskId: 13,
    userId: 3,
    assigneeId: null,
    title: 'kjhcjksdvhkdjvksdjvkldjsv jdvkdsjvk kfksdejfkjfdewflfmgwe klvkdvldekvl;vm',
    description: null,
    status: 'pending',
    createdAt: 2025-12-26T12:20:26.000Z,
    updatedAt: 2025-12-26T12:20:26.000Z
  },
  _previousDataValues: {
    taskId: 13,
    userId: 3,
    assigneeId: null,
    title: 'kjhcjksdvhkdjvksdjvkldjsv jdvkdsjvk kfksdejfkjfdewflfmgwe klvkdvldekvl;vm',
    description: null,
    status: 'pending',
    createdAt: 2025-12-26T12:20:26.000Z,
    updatedAt: 2025-12-26T12:20:26.000Z
  },
  uniqno: 1,
  _changed: Set(0) {},
  _options: {
    isNewRecord: false,
    _schema: null,
    _schemaDelimiter: '',
    raw: true,
    attributes: [
      'taskId',
      'userId',
      'assigneeId',
      'title',
      'description',
      'status',
      'createdAt',
      'updatedAt'
    ]
  },
  isNewRecord: false
}[0m
[38;5;39m[Sat Dec 27 2025 11:30:35 GMT+0530] : 
[getTasks] Mapping taskId to id for task: Task {
  dataValues: {
    taskId: 14,
    userId: 3,
    assigneeId: null,
    title: 'yasu01@gmail.com',
    description: null,
    status: 'pending',
    createdAt: 2025-12-26T12:21:17.000Z,
    updatedAt: 2025-12-26T12:21:17.000Z
  },
  _previousDataValues: {
    taskId: 14,
    userId: 3,
    assigneeId: null,
    title: 'yasu01@gmail.com',
    description: null,
    status: 'pending',
    createdAt: 2025-12-26T12:21:17.000Z,
    updatedAt: 2025-12-26T12:21:17.000Z
  },
  uniqno: 1,
  _changed: Set(0) {},
  _options: {
    isNewRecord: false,
    _schema: null,
    _schemaDelimiter: '',
    raw: true,
    attributes: [
      'taskId',
      'userId',
      'assigneeId',
      'title',
      'description',
      'status',
      'createdAt',
      'updatedAt'
    ]
  },
  isNewRecord: false
}[0m
[38;5;39m[Sat Dec 27 2025 11:30:35 GMT+0530] : 
[getTasks] Mapping taskId to id for task: Task {
  dataValues: {
    taskId: 15,
    userId: 3,
    assigneeId: null,
    title: 'brightieee jiji abrahammmmmm',
    description: null,
    status: 'pending',
    createdAt: 2025-12-26T13:24:47.000Z,
    updatedAt: 2025-12-26T13:24:47.000Z
  },
  _previousDataValues: {
    taskId: 15,
    userId: 3,
    assigneeId: null,
    title: 'brightieee jiji abrahammmmmm',
    description: null,
    status: 'pending',
    createdAt: 2025-12-26T13:24:47.000Z,
    updatedAt: 2025-12-26T13:24:47.000Z
  },
  uniqno: 1,
  _changed: Set(0) {},
  _options: {
    isNewRecord: false,
    _schema: null,
    _schemaDelimiter: '',
    raw: true,
    attributes: [
      'taskId',
      'userId',
      'assigneeId',
      'title',
      'description',
      'status',
      'createdAt',
      'updatedAt'
    ]
  },
  isNewRecord: false
}[0m
[38;5;39m[Sat Dec 27 2025 11:30:35 GMT+0530] : 
[getTasks] Mapping taskId to id for task: Task {
  dataValues: {
    taskId: 16,
    userId: 3,
    assigneeId: null,
    title: 'yasu01@gmail.com',
    description: 'goat',
    status: 'in_progress',
    createdAt: 2025-12-26T13:25:01.000Z,
    updatedAt: 2025-12-26T13:25:01.000Z
  },
  _previousDataValues: {
    taskId: 16,
    userId: 3,
    assigneeId: null,
    title: 'yasu01@gmail.com',
    description: 'goat',
    status: 'in_progress',
    createdAt: 2025-12-26T13:25:01.000Z,
    updatedAt: 2025-12-26T13:25:01.000Z
  },
  uniqno: 1,
  _changed: Set(0) {},
  _options: {
    isNewRecord: false,
    _schema: null,
    _schemaDelimiter: '',
    raw: true,
    attributes: [
      'taskId',
      'userId',
      'assigneeId',
      'title',
      'description',
      'status',
      'createdAt',
      'updatedAt'
    ]
  },
  isNewRecord: false
}[0m
[38;5;39m[Sat Dec 27 2025 11:30:35 GMT+0530] : 
[getTasks] Mapping taskId to id for task: Task {
  dataValues: {
    taskId: 18,
    userId: 3,
    assigneeId: null,
    title: 'quick add task',
    description: 'quick add task',
    status: 'in_progress',
    createdAt: 2025-12-27T05:51:03.000Z,
    updatedAt: 2025-12-27T05:51:03.000Z
  },
  _previousDataValues: {
    taskId: 18,
    userId: 3,
    assigneeId: null,
    title: 'quick add task',
    description: 'quick add task',
    status: 'in_progress',
    createdAt: 2025-12-27T05:51:03.000Z,
    updatedAt: 2025-12-27T05:51:03.000Z
  },
  uniqno: 1,
  _changed: Set(0) {},
  _options: {
    isNewRecord: false,
    _schema: null,
    _schemaDelimiter: '',
    raw: true,
    attributes: [
      'taskId',
      'userId',
      'assigneeId',
      'title',
      'description',
      'status',
      'createdAt',
      'updatedAt'
    ]
  },
  isNewRecord: false
}[0m
[38;5;35m[Sat Dec 27 2025 11:30:55 GMT+0530] : 
[authMiddleware] Incoming token: eyJhbGciOiJIUzI1NiIsInR5cCI6IkpXVCJ9.eyJpZCI6MywiZW1haWwiOiJ5YXN1MDFAZ21haWwuY29tIiwiZmlyc3ROYW1lIjoieWFzdTAxIiwiaWF0IjoxNzY2ODE1MjM1LCJleHAiOjE3NjY5MDE2MzV9.FK0tCvgiuhodKgGoddXY2XUXsjei8hD8mxo2wnruvqU[0m
[38;5;35m[Sat Dec 27 2025 11:30:55 GMT+0530] : 
[authMiddleware] Decoded JWT: {
  id: 3,
  email: 'yasu01@gmail.com',
  firstName: 'yasu01',
  iat: 1766815235,
  exp: 1766901635
}[0m
[38;5;35m[Sat Dec 27 2025 11:30:55 GMT+0530] : 
[authMiddleware] DB lookup result: AccessKey {
  dataValues: {
    id: 1,
    userId: 3,
    token: 'eyJhbGciOiJIUzI1NiIsInR5cCI6IkpXVCJ9.eyJpZCI6MywiZW1haWwiOiJ5YXN1MDFAZ21haWwuY29tIiwiZmlyc3ROYW1lIjoieWFzdTAxIiwiaWF0IjoxNzY2ODE1MjM1LCJleHAiOjE3NjY5MDE2MzV9.FK0tCvgiuhodKgGoddXY2XUXsjei8hD8mxo2wnruvqU',
    mobileToken: null,
    ip: null,
    expiry: 1,
    createdAt: 2025-12-23T06:19:41.000Z,
    updatedAt: 2025-12-27T06:00:35.000Z
  },
  _previousDataValues: {
    id: 1,
    userId: 3,
    token: 'eyJhbGciOiJIUzI1NiIsInR5cCI6IkpXVCJ9.eyJpZCI6MywiZW1haWwiOiJ5YXN1MDFAZ21haWwuY29tIiwiZmlyc3ROYW1lIjoieWFzdTAxIiwiaWF0IjoxNzY2ODE1MjM1LCJleHAiOjE3NjY5MDE2MzV9.FK0tCvgiuhodKgGoddXY2XUXsjei8hD8mxo2wnruvqU',
    mobileToken: null,
    ip: null,
    expiry: 1,
    createdAt: 2025-12-23T06:19:41.000Z,
    updatedAt: 2025-12-27T06:00:35.000Z
  },
  uniqno: 1,
  _changed: Set(0) {},
  _options: {
    isNewRecord: false,
    _schema: null,
    _schemaDelimiter: '',
    raw: true,
    attributes: [
      'id',
      'userId',
      'token',
      'mobileToken',
      'ip',
      'expiry',
      'createdAt',
      'updatedAt'
    ]
  },
  isNewRecord: false
}[0m
[38;5;35m[Sat Dec 27 2025 11:30:55 GMT+0530] : 
[authMiddleware] Stored token from DB: eyJhbGciOiJIUzI1NiIsInR5cCI6IkpXVCJ9.eyJpZCI6MywiZW1haWwiOiJ5YXN1MDFAZ21haWwuY29tIiwiZmlyc3ROYW1lIjoieWFzdTAxIiwiaWF0IjoxNzY2ODE1MjM1LCJleHAiOjE3NjY5MDE2MzV9.FK0tCvgiuhodKgGoddXY2XUXsjei8hD8mxo2wnruvqU[0m
[38;5;35m[Sat Dec 27 2025 11:31:17 GMT+0530] : 
Generating JWT token { id: 3, email: 'yasu01@gmail.com', firstName: 'yasu01' }[0m
[38;5;39m[Sat Dec 27 2025 11:31:17 GMT+0530] : 
Setting JWT token for userId: 3[0m
[38;5;39m[Sat Dec 27 2025 11:31:17 GMT+0530] : 
updating token for userId: AccessKey {
  dataValues: {
    id: 1,
    userId: 3,
    token: 'eyJhbGciOiJIUzI1NiIsInR5cCI6IkpXVCJ9.eyJpZCI6MywiZW1haWwiOiJ5YXN1MDFAZ21haWwuY29tIiwiZmlyc3ROYW1lIjoieWFzdTAxIiwiaWF0IjoxNzY2ODE1MjM1LCJleHAiOjE3NjY5MDE2MzV9.FK0tCvgiuhodKgGoddXY2XUXsjei8hD8mxo2wnruvqU',
    mobileToken: null,
    ip: null,
    expiry: 1,
    createdAt: 2025-12-23T06:19:41.000Z,
    updatedAt: 2025-12-27T06:00:35.000Z
  },
  _previousDataValues: {
    id: 1,
    userId: 3,
    token: 'eyJhbGciOiJIUzI1NiIsInR5cCI6IkpXVCJ9.eyJpZCI6MywiZW1haWwiOiJ5YXN1MDFAZ21haWwuY29tIiwiZmlyc3ROYW1lIjoieWFzdTAxIiwiaWF0IjoxNzY2ODE1MjM1LCJleHAiOjE3NjY5MDE2MzV9.FK0tCvgiuhodKgGoddXY2XUXsjei8hD8mxo2wnruvqU',
    mobileToken: null,
    ip: null,
    expiry: 1,
    createdAt: 2025-12-23T06:19:41.000Z,
    updatedAt: 2025-12-27T06:00:35.000Z
  },
  uniqno: 1,
  _changed: Set(0) {},
  _options: {
    isNewRecord: false,
    _schema: null,
    _schemaDelimiter: '',
    raw: true,
    attributes: [
      'id',
      'userId',
      'token',
      'mobileToken',
      'ip',
      'expiry',
      'createdAt',
      'updatedAt'
    ]
  },
  isNewRecord: false
}[0m
[38;5;35m[Sat Dec 27 2025 11:31:17 GMT+0530] : 
[authMiddleware] Incoming token: eyJhbGciOiJIUzI1NiIsInR5cCI6IkpXVCJ9.eyJpZCI6MywiZW1haWwiOiJ5YXN1MDFAZ21haWwuY29tIiwiZmlyc3ROYW1lIjoieWFzdTAxIiwiaWF0IjoxNzY2ODE1Mjc3LCJleHAiOjE3NjY5MDE2Nzd9.BawuO_X2lDjXO-OduM9KzhhpB5qfMyxGYEL-tgDuWXI[0m
[38;5;35m[Sat Dec 27 2025 11:31:17 GMT+0530] : 
[authMiddleware] Decoded JWT: {
  id: 3,
  email: 'yasu01@gmail.com',
  firstName: 'yasu01',
  iat: 1766815277,
  exp: 1766901677
}[0m
[38;5;35m[Sat Dec 27 2025 11:31:17 GMT+0530] : 
[authMiddleware] DB lookup result: AccessKey {
  dataValues: {
    id: 1,
    userId: 3,
    token: 'eyJhbGciOiJIUzI1NiIsInR5cCI6IkpXVCJ9.eyJpZCI6MywiZW1haWwiOiJ5YXN1MDFAZ21haWwuY29tIiwiZmlyc3ROYW1lIjoieWFzdTAxIiwiaWF0IjoxNzY2ODE1Mjc3LCJleHAiOjE3NjY5MDE2Nzd9.BawuO_X2lDjXO-OduM9KzhhpB5qfMyxGYEL-tgDuWXI',
    mobileToken: null,
    ip: null,
    expiry: 1,
    createdAt: 2025-12-23T06:19:41.000Z,
    updatedAt: 2025-12-27T06:01:17.000Z
  },
  _previousDataValues: {
    id: 1,
    userId: 3,
    token: 'eyJhbGciOiJIUzI1NiIsInR5cCI6IkpXVCJ9.eyJpZCI6MywiZW1haWwiOiJ5YXN1MDFAZ21haWwuY29tIiwiZmlyc3ROYW1lIjoieWFzdTAxIiwiaWF0IjoxNzY2ODE1Mjc3LCJleHAiOjE3NjY5MDE2Nzd9.BawuO_X2lDjXO-OduM9KzhhpB5qfMyxGYEL-tgDuWXI',
    mobileToken: null,
    ip: null,
    expiry: 1,
    createdAt: 2025-12-23T06:19:41.000Z,
    updatedAt: 2025-12-27T06:01:17.000Z
  },
  uniqno: 1,
  _changed: Set(0) {},
  _options: {
    isNewRecord: false,
    _schema: null,
    _schemaDelimiter: '',
    raw: true,
    attributes: [
      'id',
      'userId',
      'token',
      'mobileToken',
      'ip',
      'expiry',
      'createdAt',
      'updatedAt'
    ]
  },
  isNewRecord: false
}[0m
[38;5;35m[Sat Dec 27 2025 11:31:17 GMT+0530] : 
[authMiddleware] Stored token from DB: eyJhbGciOiJIUzI1NiIsInR5cCI6IkpXVCJ9.eyJpZCI6MywiZW1haWwiOiJ5YXN1MDFAZ21haWwuY29tIiwiZmlyc3ROYW1lIjoieWFzdTAxIiwiaWF0IjoxNzY2ODE1Mjc3LCJleHAiOjE3NjY5MDE2Nzd9.BawuO_X2lDjXO-OduM9KzhhpB5qfMyxGYEL-tgDuWXI[0m
[38;5;39m[Sat Dec 27 2025 11:31:17 GMT+0530] : 
[getTasks] Mapping taskId to id for task: Task {
  dataValues: {
    taskId: 12,
    userId: 3,
    assigneeId: null,
    title: 'pow ew bdegv wc',
    description: 'vdghsdywhd judhuwhd wjdiw',
    status: 'pending',
    createdAt: 2025-12-26T10:28:17.000Z,
    updatedAt: 2025-12-26T10:28:17.000Z
  },
  _previousDataValues: {
    taskId: 12,
    userId: 3,
    assigneeId: null,
    title: 'pow ew bdegv wc',
    description: 'vdghsdywhd judhuwhd wjdiw',
    status: 'pending',
    createdAt: 2025-12-26T10:28:17.000Z,
    updatedAt: 2025-12-26T10:28:17.000Z
  },
  uniqno: 1,
  _changed: Set(0) {},
  _options: {
    isNewRecord: false,
    _schema: null,
    _schemaDelimiter: '',
    raw: true,
    attributes: [
      'taskId',
      'userId',
      'assigneeId',
      'title',
      'description',
      'status',
      'createdAt',
      'updatedAt'
    ]
  },
  isNewRecord: false
}[0m
[38;5;39m[Sat Dec 27 2025 11:31:17 GMT+0530] : 
[getTasks] Mapping taskId to id for task: Task {
  dataValues: {
    taskId: 13,
    userId: 3,
    assigneeId: null,
    title: 'kjhcjksdvhkdjvksdjvkldjsv jdvkdsjvk kfksdejfkjfdewflfmgwe klvkdvldekvl;vm',
    description: null,
    status: 'pending',
    createdAt: 2025-12-26T12:20:26.000Z,
    updatedAt: 2025-12-26T12:20:26.000Z
  },
  _previousDataValues: {
    taskId: 13,
    userId: 3,
    assigneeId: null,
    title: 'kjhcjksdvhkdjvksdjvkldjsv jdvkdsjvk kfksdejfkjfdewflfmgwe klvkdvldekvl;vm',
    description: null,
    status: 'pending',
    createdAt: 2025-12-26T12:20:26.000Z,
    updatedAt: 2025-12-26T12:20:26.000Z
  },
  uniqno: 1,
  _changed: Set(0) {},
  _options: {
    isNewRecord: false,
    _schema: null,
    _schemaDelimiter: '',
    raw: true,
    attributes: [
      'taskId',
      'userId',
      'assigneeId',
      'title',
      'description',
      'status',
      'createdAt',
      'updatedAt'
    ]
  },
  isNewRecord: false
}[0m
[38;5;39m[Sat Dec 27 2025 11:31:17 GMT+0530] : 
[getTasks] Mapping taskId to id for task: Task {
  dataValues: {
    taskId: 14,
    userId: 3,
    assigneeId: null,
    title: 'yasu01@gmail.com',
    description: null,
    status: 'pending',
    createdAt: 2025-12-26T12:21:17.000Z,
    updatedAt: 2025-12-26T12:21:17.000Z
  },
  _previousDataValues: {
    taskId: 14,
    userId: 3,
    assigneeId: null,
    title: 'yasu01@gmail.com',
    description: null,
    status: 'pending',
    createdAt: 2025-12-26T12:21:17.000Z,
    updatedAt: 2025-12-26T12:21:17.000Z
  },
  uniqno: 1,
  _changed: Set(0) {},
  _options: {
    isNewRecord: false,
    _schema: null,
    _schemaDelimiter: '',
    raw: true,
    attributes: [
      'taskId',
      'userId',
      'assigneeId',
      'title',
      'description',
      'status',
      'createdAt',
      'updatedAt'
    ]
  },
  isNewRecord: false
}[0m
[38;5;39m[Sat Dec 27 2025 11:31:17 GMT+0530] : 
[getTasks] Mapping taskId to id for task: Task {
  dataValues: {
    taskId: 15,
    userId: 3,
    assigneeId: null,
    title: 'brightieee jiji abrahammmmmm',
    description: null,
    status: 'pending',
    createdAt: 2025-12-26T13:24:47.000Z,
    updatedAt: 2025-12-26T13:24:47.000Z
  },
  _previousDataValues: {
    taskId: 15,
    userId: 3,
    assigneeId: null,
    title: 'brightieee jiji abrahammmmmm',
    description: null,
    status: 'pending',
    createdAt: 2025-12-26T13:24:47.000Z,
    updatedAt: 2025-12-26T13:24:47.000Z
  },
  uniqno: 1,
  _changed: Set(0) {},
  _options: {
    isNewRecord: false,
    _schema: null,
    _schemaDelimiter: '',
    raw: true,
    attributes: [
      'taskId',
      'userId',
      'assigneeId',
      'title',
      'description',
      'status',
      'createdAt',
      'updatedAt'
    ]
  },
  isNewRecord: false
}[0m
[38;5;39m[Sat Dec 27 2025 11:31:17 GMT+0530] : 
[getTasks] Mapping taskId to id for task: Task {
  dataValues: {
    taskId: 16,
    userId: 3,
    assigneeId: null,
    title: 'yasu01@gmail.com',
    description: 'goat',
    status: 'in_progress',
    createdAt: 2025-12-26T13:25:01.000Z,
    updatedAt: 2025-12-26T13:25:01.000Z
  },
  _previousDataValues: {
    taskId: 16,
    userId: 3,
    assigneeId: null,
    title: 'yasu01@gmail.com',
    description: 'goat',
    status: 'in_progress',
    createdAt: 2025-12-26T13:25:01.000Z,
    updatedAt: 2025-12-26T13:25:01.000Z
  },
  uniqno: 1,
  _changed: Set(0) {},
  _options: {
    isNewRecord: false,
    _schema: null,
    _schemaDelimiter: '',
    raw: true,
    attributes: [
      'taskId',
      'userId',
      'assigneeId',
      'title',
      'description',
      'status',
      'createdAt',
      'updatedAt'
    ]
  },
  isNewRecord: false
}[0m
[38;5;39m[Sat Dec 27 2025 11:31:17 GMT+0530] : 
[getTasks] Mapping taskId to id for task: Task {
  dataValues: {
    taskId: 18,
    userId: 3,
    assigneeId: null,
    title: 'quick add task',
    description: 'quick add task',
    status: 'in_progress',
    createdAt: 2025-12-27T05:51:03.000Z,
    updatedAt: 2025-12-27T05:51:03.000Z
  },
  _previousDataValues: {
    taskId: 18,
    userId: 3,
    assigneeId: null,
    title: 'quick add task',
    description: 'quick add task',
    status: 'in_progress',
    createdAt: 2025-12-27T05:51:03.000Z,
    updatedAt: 2025-12-27T05:51:03.000Z
  },
  uniqno: 1,
  _changed: Set(0) {},
  _options: {
    isNewRecord: false,
    _schema: null,
    _schemaDelimiter: '',
    raw: true,
    attributes: [
      'taskId',
      'userId',
      'assigneeId',
      'title',
      'description',
      'status',
      'createdAt',
      'updatedAt'
    ]
  },
  isNewRecord: false
}[0m
[38;5;35m[Sat Dec 27 2025 11:31:17 GMT+0530] : 
[authMiddleware] Incoming token: eyJhbGciOiJIUzI1NiIsInR5cCI6IkpXVCJ9.eyJpZCI6MywiZW1haWwiOiJ5YXN1MDFAZ21haWwuY29tIiwiZmlyc3ROYW1lIjoieWFzdTAxIiwiaWF0IjoxNzY2ODE1Mjc3LCJleHAiOjE3NjY5MDE2Nzd9.BawuO_X2lDjXO-OduM9KzhhpB5qfMyxGYEL-tgDuWXI[0m
[38;5;35m[Sat Dec 27 2025 11:31:17 GMT+0530] : 
[authMiddleware] Decoded JWT: {
  id: 3,
  email: 'yasu01@gmail.com',
  firstName: 'yasu01',
  iat: 1766815277,
  exp: 1766901677
}[0m
[38;5;35m[Sat Dec 27 2025 11:31:17 GMT+0530] : 
[authMiddleware] DB lookup result: AccessKey {
  dataValues: {
    id: 1,
    userId: 3,
    token: 'eyJhbGciOiJIUzI1NiIsInR5cCI6IkpXVCJ9.eyJpZCI6MywiZW1haWwiOiJ5YXN1MDFAZ21haWwuY29tIiwiZmlyc3ROYW1lIjoieWFzdTAxIiwiaWF0IjoxNzY2ODE1Mjc3LCJleHAiOjE3NjY5MDE2Nzd9.BawuO_X2lDjXO-OduM9KzhhpB5qfMyxGYEL-tgDuWXI',
    mobileToken: null,
    ip: null,
    expiry: 1,
    createdAt: 2025-12-23T06:19:41.000Z,
    updatedAt: 2025-12-27T06:01:17.000Z
  },
  _previousDataValues: {
    id: 1,
    userId: 3,
    token: 'eyJhbGciOiJIUzI1NiIsInR5cCI6IkpXVCJ9.eyJpZCI6MywiZW1haWwiOiJ5YXN1MDFAZ21haWwuY29tIiwiZmlyc3ROYW1lIjoieWFzdTAxIiwiaWF0IjoxNzY2ODE1Mjc3LCJleHAiOjE3NjY5MDE2Nzd9.BawuO_X2lDjXO-OduM9KzhhpB5qfMyxGYEL-tgDuWXI',
    mobileToken: null,
    ip: null,
    expiry: 1,
    createdAt: 2025-12-23T06:19:41.000Z,
    updatedAt: 2025-12-27T06:01:17.000Z
  },
  uniqno: 1,
  _changed: Set(0) {},
  _options: {
    isNewRecord: false,
    _schema: null,
    _schemaDelimiter: '',
    raw: true,
    attributes: [
      'id',
      'userId',
      'token',
      'mobileToken',
      'ip',
      'expiry',
      'createdAt',
      'updatedAt'
    ]
  },
  isNewRecord: false
}[0m
[38;5;35m[Sat Dec 27 2025 11:31:17 GMT+0530] : 
[authMiddleware] Stored token from DB: eyJhbGciOiJIUzI1NiIsInR5cCI6IkpXVCJ9.eyJpZCI6MywiZW1haWwiOiJ5YXN1MDFAZ21haWwuY29tIiwiZmlyc3ROYW1lIjoieWFzdTAxIiwiaWF0IjoxNzY2ODE1Mjc3LCJleHAiOjE3NjY5MDE2Nzd9.BawuO_X2lDjXO-OduM9KzhhpB5qfMyxGYEL-tgDuWXI[0m
[38;5;39m[Sat Dec 27 2025 11:31:17 GMT+0530] : 
[getTasks] Mapping taskId to id for task: Task {
  dataValues: {
    taskId: 12,
    userId: 3,
    assigneeId: null,
    title: 'pow ew bdegv wc',
    description: 'vdghsdywhd judhuwhd wjdiw',
    status: 'pending',
    createdAt: 2025-12-26T10:28:17.000Z,
    updatedAt: 2025-12-26T10:28:17.000Z
  },
  _previousDataValues: {
    taskId: 12,
    userId: 3,
    assigneeId: null,
    title: 'pow ew bdegv wc',
    description: 'vdghsdywhd judhuwhd wjdiw',
    status: 'pending',
    createdAt: 2025-12-26T10:28:17.000Z,
    updatedAt: 2025-12-26T10:28:17.000Z
  },
  uniqno: 1,
  _changed: Set(0) {},
  _options: {
    isNewRecord: false,
    _schema: null,
    _schemaDelimiter: '',
    raw: true,
    attributes: [
      'taskId',
      'userId',
      'assigneeId',
      'title',
      'description',
      'status',
      'createdAt',
      'updatedAt'
    ]
  },
  isNewRecord: false
}[0m
[38;5;39m[Sat Dec 27 2025 11:31:17 GMT+0530] : 
[getTasks] Mapping taskId to id for task: Task {
  dataValues: {
    taskId: 13,
    userId: 3,
    assigneeId: null,
    title: 'kjhcjksdvhkdjvksdjvkldjsv jdvkdsjvk kfksdejfkjfdewflfmgwe klvkdvldekvl;vm',
    description: null,
    status: 'pending',
    createdAt: 2025-12-26T12:20:26.000Z,
    updatedAt: 2025-12-26T12:20:26.000Z
  },
  _previousDataValues: {
    taskId: 13,
    userId: 3,
    assigneeId: null,
    title: 'kjhcjksdvhkdjvksdjvkldjsv jdvkdsjvk kfksdejfkjfdewflfmgwe klvkdvldekvl;vm',
    description: null,
    status: 'pending',
    createdAt: 2025-12-26T12:20:26.000Z,
    updatedAt: 2025-12-26T12:20:26.000Z
  },
  uniqno: 1,
  _changed: Set(0) {},
  _options: {
    isNewRecord: false,
    _schema: null,
    _schemaDelimiter: '',
    raw: true,
    attributes: [
      'taskId',
      'userId',
      'assigneeId',
      'title',
      'description',
      'status',
      'createdAt',
      'updatedAt'
    ]
  },
  isNewRecord: false
}[0m
[38;5;39m[Sat Dec 27 2025 11:31:17 GMT+0530] : 
[getTasks] Mapping taskId to id for task: Task {
  dataValues: {
    taskId: 14,
    userId: 3,
    assigneeId: null,
    title: 'yasu01@gmail.com',
    description: null,
    status: 'pending',
    createdAt: 2025-12-26T12:21:17.000Z,
    updatedAt: 2025-12-26T12:21:17.000Z
  },
  _previousDataValues: {
    taskId: 14,
    userId: 3,
    assigneeId: null,
    title: 'yasu01@gmail.com',
    description: null,
    status: 'pending',
    createdAt: 2025-12-26T12:21:17.000Z,
    updatedAt: 2025-12-26T12:21:17.000Z
  },
  uniqno: 1,
  _changed: Set(0) {},
  _options: {
    isNewRecord: false,
    _schema: null,
    _schemaDelimiter: '',
    raw: true,
    attributes: [
      'taskId',
      'userId',
      'assigneeId',
      'title',
      'description',
      'status',
      'createdAt',
      'updatedAt'
    ]
  },
  isNewRecord: false
}[0m
[38;5;39m[Sat Dec 27 2025 11:31:17 GMT+0530] : 
[getTasks] Mapping taskId to id for task: Task {
  dataValues: {
    taskId: 15,
    userId: 3,
    assigneeId: null,
    title: 'brightieee jiji abrahammmmmm',
    description: null,
    status: 'pending',
    createdAt: 2025-12-26T13:24:47.000Z,
    updatedAt: 2025-12-26T13:24:47.000Z
  },
  _previousDataValues: {
    taskId: 15,
    userId: 3,
    assigneeId: null,
    title: 'brightieee jiji abrahammmmmm',
    description: null,
    status: 'pending',
    createdAt: 2025-12-26T13:24:47.000Z,
    updatedAt: 2025-12-26T13:24:47.000Z
  },
  uniqno: 1,
  _changed: Set(0) {},
  _options: {
    isNewRecord: false,
    _schema: null,
    _schemaDelimiter: '',
    raw: true,
    attributes: [
      'taskId',
      'userId',
      'assigneeId',
      'title',
      'description',
      'status',
      'createdAt',
      'updatedAt'
    ]
  },
  isNewRecord: false
}[0m
[38;5;39m[Sat Dec 27 2025 11:31:17 GMT+0530] : 
[getTasks] Mapping taskId to id for task: Task {
  dataValues: {
    taskId: 16,
    userId: 3,
    assigneeId: null,
    title: 'yasu01@gmail.com',
    description: 'goat',
    status: 'in_progress',
    createdAt: 2025-12-26T13:25:01.000Z,
    updatedAt: 2025-12-26T13:25:01.000Z
  },
  _previousDataValues: {
    taskId: 16,
    userId: 3,
    assigneeId: null,
    title: 'yasu01@gmail.com',
    description: 'goat',
    status: 'in_progress',
    createdAt: 2025-12-26T13:25:01.000Z,
    updatedAt: 2025-12-26T13:25:01.000Z
  },
  uniqno: 1,
  _changed: Set(0) {},
  _options: {
    isNewRecord: false,
    _schema: null,
    _schemaDelimiter: '',
    raw: true,
    attributes: [
      'taskId',
      'userId',
      'assigneeId',
      'title',
      'description',
      'status',
      'createdAt',
      'updatedAt'
    ]
  },
  isNewRecord: false
}[0m
[38;5;39m[Sat Dec 27 2025 11:31:17 GMT+0530] : 
[getTasks] Mapping taskId to id for task: Task {
  dataValues: {
    taskId: 18,
    userId: 3,
    assigneeId: null,
    title: 'quick add task',
    description: 'quick add task',
    status: 'in_progress',
    createdAt: 2025-12-27T05:51:03.000Z,
    updatedAt: 2025-12-27T05:51:03.000Z
  },
  _previousDataValues: {
    taskId: 18,
    userId: 3,
    assigneeId: null,
    title: 'quick add task',
    description: 'quick add task',
    status: 'in_progress',
    createdAt: 2025-12-27T05:51:03.000Z,
    updatedAt: 2025-12-27T05:51:03.000Z
  },
  uniqno: 1,
  _changed: Set(0) {},
  _options: {
    isNewRecord: false,
    _schema: null,
    _schemaDelimiter: '',
    raw: true,
    attributes: [
      'taskId',
      'userId',
      'assigneeId',
      'title',
      'description',
      'status',
      'createdAt',
      'updatedAt'
    ]
  },
  isNewRecord: false
}[0m
[38;5;35m[Sat Dec 27 2025 11:31:26 GMT+0530] : 
[authMiddleware] Incoming token: eyJhbGciOiJIUzI1NiIsInR5cCI6IkpXVCJ9.eyJpZCI6MywiZW1haWwiOiJ5YXN1MDFAZ21haWwuY29tIiwiZmlyc3ROYW1lIjoieWFzdTAxIiwiaWF0IjoxNzY2ODE1Mjc3LCJleHAiOjE3NjY5MDE2Nzd9.BawuO_X2lDjXO-OduM9KzhhpB5qfMyxGYEL-tgDuWXI[0m
[38;5;35m[Sat Dec 27 2025 11:31:26 GMT+0530] : 
[authMiddleware] Decoded JWT: {
  id: 3,
  email: 'yasu01@gmail.com',
  firstName: 'yasu01',
  iat: 1766815277,
  exp: 1766901677
}[0m
[38;5;35m[Sat Dec 27 2025 11:31:26 GMT+0530] : 
[authMiddleware] DB lookup result: AccessKey {
  dataValues: {
    id: 1,
    userId: 3,
    token: 'eyJhbGciOiJIUzI1NiIsInR5cCI6IkpXVCJ9.eyJpZCI6MywiZW1haWwiOiJ5YXN1MDFAZ21haWwuY29tIiwiZmlyc3ROYW1lIjoieWFzdTAxIiwiaWF0IjoxNzY2ODE1Mjc3LCJleHAiOjE3NjY5MDE2Nzd9.BawuO_X2lDjXO-OduM9KzhhpB5qfMyxGYEL-tgDuWXI',
    mobileToken: null,
    ip: null,
    expiry: 1,
    createdAt: 2025-12-23T06:19:41.000Z,
    updatedAt: 2025-12-27T06:01:17.000Z
  },
  _previousDataValues: {
    id: 1,
    userId: 3,
    token: 'eyJhbGciOiJIUzI1NiIsInR5cCI6IkpXVCJ9.eyJpZCI6MywiZW1haWwiOiJ5YXN1MDFAZ21haWwuY29tIiwiZmlyc3ROYW1lIjoieWFzdTAxIiwiaWF0IjoxNzY2ODE1Mjc3LCJleHAiOjE3NjY5MDE2Nzd9.BawuO_X2lDjXO-OduM9KzhhpB5qfMyxGYEL-tgDuWXI',
    mobileToken: null,
    ip: null,
    expiry: 1,
    createdAt: 2025-12-23T06:19:41.000Z,
    updatedAt: 2025-12-27T06:01:17.000Z
  },
  uniqno: 1,
  _changed: Set(0) {},
  _options: {
    isNewRecord: false,
    _schema: null,
    _schemaDelimiter: '',
    raw: true,
    attributes: [
      'id',
      'userId',
      'token',
      'mobileToken',
      'ip',
      'expiry',
      'createdAt',
      'updatedAt'
    ]
  },
  isNewRecord: false
}[0m
[38;5;35m[Sat Dec 27 2025 11:31:26 GMT+0530] : 
[authMiddleware] Stored token from DB: eyJhbGciOiJIUzI1NiIsInR5cCI6IkpXVCJ9.eyJpZCI6MywiZW1haWwiOiJ5YXN1MDFAZ21haWwuY29tIiwiZmlyc3ROYW1lIjoieWFzdTAxIiwiaWF0IjoxNzY2ODE1Mjc3LCJleHAiOjE3NjY5MDE2Nzd9.BawuO_X2lDjXO-OduM9KzhhpB5qfMyxGYEL-tgDuWXI[0m
[38;5;35m[Sat Dec 27 2025 11:31:34 GMT+0530] : 
Generating JWT token { id: 3, email: 'yasu01@gmail.com', firstName: 'yasu01' }[0m
[38;5;39m[Sat Dec 27 2025 11:31:34 GMT+0530] : 
Setting JWT token for userId: 3[0m
[38;5;39m[Sat Dec 27 2025 11:31:34 GMT+0530] : 
updating token for userId: AccessKey {
  dataValues: {
    id: 1,
    userId: 3,
    token: 'eyJhbGciOiJIUzI1NiIsInR5cCI6IkpXVCJ9.eyJpZCI6MywiZW1haWwiOiJ5YXN1MDFAZ21haWwuY29tIiwiZmlyc3ROYW1lIjoieWFzdTAxIiwiaWF0IjoxNzY2ODE1Mjc3LCJleHAiOjE3NjY5MDE2Nzd9.BawuO_X2lDjXO-OduM9KzhhpB5qfMyxGYEL-tgDuWXI',
    mobileToken: null,
    ip: null,
    expiry: 1,
    createdAt: 2025-12-23T06:19:41.000Z,
    updatedAt: 2025-12-27T06:01:17.000Z
  },
  _previousDataValues: {
    id: 1,
    userId: 3,
    token: 'eyJhbGciOiJIUzI1NiIsInR5cCI6IkpXVCJ9.eyJpZCI6MywiZW1haWwiOiJ5YXN1MDFAZ21haWwuY29tIiwiZmlyc3ROYW1lIjoieWFzdTAxIiwiaWF0IjoxNzY2ODE1Mjc3LCJleHAiOjE3NjY5MDE2Nzd9.BawuO_X2lDjXO-OduM9KzhhpB5qfMyxGYEL-tgDuWXI',
    mobileToken: null,
    ip: null,
    expiry: 1,
    createdAt: 2025-12-23T06:19:41.000Z,
    updatedAt: 2025-12-27T06:01:17.000Z
  },
  uniqno: 1,
  _changed: Set(0) {},
  _options: {
    isNewRecord: false,
    _schema: null,
    _schemaDelimiter: '',
    raw: true,
    attributes: [
      'id',
      'userId',
      'token',
      'mobileToken',
      'ip',
      'expiry',
      'createdAt',
      'updatedAt'
    ]
  },
  isNewRecord: false
}[0m
[38;5;35m[Sat Dec 27 2025 11:31:34 GMT+0530] : 
[authMiddleware] Incoming token: eyJhbGciOiJIUzI1NiIsInR5cCI6IkpXVCJ9.eyJpZCI6MywiZW1haWwiOiJ5YXN1MDFAZ21haWwuY29tIiwiZmlyc3ROYW1lIjoieWFzdTAxIiwiaWF0IjoxNzY2ODE1Mjk0LCJleHAiOjE3NjY5MDE2OTR9.AHSMpEdozaNdu_fcTUwt1jNnq9a24fWzYgXidBUyaVQ[0m
[38;5;35m[Sat Dec 27 2025 11:31:34 GMT+0530] : 
[authMiddleware] Decoded JWT: {
  id: 3,
  email: 'yasu01@gmail.com',
  firstName: 'yasu01',
  iat: 1766815294,
  exp: 1766901694
}[0m
[38;5;35m[Sat Dec 27 2025 11:31:34 GMT+0530] : 
[authMiddleware] DB lookup result: AccessKey {
  dataValues: {
    id: 1,
    userId: 3,
    token: 'eyJhbGciOiJIUzI1NiIsInR5cCI6IkpXVCJ9.eyJpZCI6MywiZW1haWwiOiJ5YXN1MDFAZ21haWwuY29tIiwiZmlyc3ROYW1lIjoieWFzdTAxIiwiaWF0IjoxNzY2ODE1Mjk0LCJleHAiOjE3NjY5MDE2OTR9.AHSMpEdozaNdu_fcTUwt1jNnq9a24fWzYgXidBUyaVQ',
    mobileToken: null,
    ip: null,
    expiry: 1,
    createdAt: 2025-12-23T06:19:41.000Z,
    updatedAt: 2025-12-27T06:01:34.000Z
  },
  _previousDataValues: {
    id: 1,
    userId: 3,
    token: 'eyJhbGciOiJIUzI1NiIsInR5cCI6IkpXVCJ9.eyJpZCI6MywiZW1haWwiOiJ5YXN1MDFAZ21haWwuY29tIiwiZmlyc3ROYW1lIjoieWFzdTAxIiwiaWF0IjoxNzY2ODE1Mjk0LCJleHAiOjE3NjY5MDE2OTR9.AHSMpEdozaNdu_fcTUwt1jNnq9a24fWzYgXidBUyaVQ',
    mobileToken: null,
    ip: null,
    expiry: 1,
    createdAt: 2025-12-23T06:19:41.000Z,
    updatedAt: 2025-12-27T06:01:34.000Z
  },
  uniqno: 1,
  _changed: Set(0) {},
  _options: {
    isNewRecord: false,
    _schema: null,
    _schemaDelimiter: '',
    raw: true,
    attributes: [
      'id',
      'userId',
      'token',
      'mobileToken',
      'ip',
      'expiry',
      'createdAt',
      'updatedAt'
    ]
  },
  isNewRecord: false
}[0m
[38;5;35m[Sat Dec 27 2025 11:31:34 GMT+0530] : 
[authMiddleware] Stored token from DB: eyJhbGciOiJIUzI1NiIsInR5cCI6IkpXVCJ9.eyJpZCI6MywiZW1haWwiOiJ5YXN1MDFAZ21haWwuY29tIiwiZmlyc3ROYW1lIjoieWFzdTAxIiwiaWF0IjoxNzY2ODE1Mjk0LCJleHAiOjE3NjY5MDE2OTR9.AHSMpEdozaNdu_fcTUwt1jNnq9a24fWzYgXidBUyaVQ[0m
[38;5;39m[Sat Dec 27 2025 11:31:34 GMT+0530] : 
[getTasks] Mapping taskId to id for task: Task {
  dataValues: {
    taskId: 12,
    userId: 3,
    assigneeId: null,
    title: 'pow ew bdegv wc',
    description: 'vdghsdywhd judhuwhd wjdiw',
    status: 'pending',
    createdAt: 2025-12-26T10:28:17.000Z,
    updatedAt: 2025-12-26T10:28:17.000Z
  },
  _previousDataValues: {
    taskId: 12,
    userId: 3,
    assigneeId: null,
    title: 'pow ew bdegv wc',
    description: 'vdghsdywhd judhuwhd wjdiw',
    status: 'pending',
    createdAt: 2025-12-26T10:28:17.000Z,
    updatedAt: 2025-12-26T10:28:17.000Z
  },
  uniqno: 1,
  _changed: Set(0) {},
  _options: {
    isNewRecord: false,
    _schema: null,
    _schemaDelimiter: '',
    raw: true,
    attributes: [
      'taskId',
      'userId',
      'assigneeId',
      'title',
      'description',
      'status',
      'createdAt',
      'updatedAt'
    ]
  },
  isNewRecord: false
}[0m
[38;5;39m[Sat Dec 27 2025 11:31:34 GMT+0530] : 
[getTasks] Mapping taskId to id for task: Task {
  dataValues: {
    taskId: 13,
    userId: 3,
    assigneeId: null,
    title: 'kjhcjksdvhkdjvksdjvkldjsv jdvkdsjvk kfksdejfkjfdewflfmgwe klvkdvldekvl;vm',
    description: null,
    status: 'pending',
    createdAt: 2025-12-26T12:20:26.000Z,
    updatedAt: 2025-12-26T12:20:26.000Z
  },
  _previousDataValues: {
    taskId: 13,
    userId: 3,
    assigneeId: null,
    title: 'kjhcjksdvhkdjvksdjvkldjsv jdvkdsjvk kfksdejfkjfdewflfmgwe klvkdvldekvl;vm',
    description: null,
    status: 'pending',
    createdAt: 2025-12-26T12:20:26.000Z,
    updatedAt: 2025-12-26T12:20:26.000Z
  },
  uniqno: 1,
  _changed: Set(0) {},
  _options: {
    isNewRecord: false,
    _schema: null,
    _schemaDelimiter: '',
    raw: true,
    attributes: [
      'taskId',
      'userId',
      'assigneeId',
      'title',
      'description',
      'status',
      'createdAt',
      'updatedAt'
    ]
  },
  isNewRecord: false
}[0m
[38;5;39m[Sat Dec 27 2025 11:31:34 GMT+0530] : 
[getTasks] Mapping taskId to id for task: Task {
  dataValues: {
    taskId: 14,
    userId: 3,
    assigneeId: null,
    title: 'yasu01@gmail.com',
    description: null,
    status: 'pending',
    createdAt: 2025-12-26T12:21:17.000Z,
    updatedAt: 2025-12-26T12:21:17.000Z
  },
  _previousDataValues: {
    taskId: 14,
    userId: 3,
    assigneeId: null,
    title: 'yasu01@gmail.com',
    description: null,
    status: 'pending',
    createdAt: 2025-12-26T12:21:17.000Z,
    updatedAt: 2025-12-26T12:21:17.000Z
  },
  uniqno: 1,
  _changed: Set(0) {},
  _options: {
    isNewRecord: false,
    _schema: null,
    _schemaDelimiter: '',
    raw: true,
    attributes: [
      'taskId',
      'userId',
      'assigneeId',
      'title',
      'description',
      'status',
      'createdAt',
      'updatedAt'
    ]
  },
  isNewRecord: false
}[0m
[38;5;39m[Sat Dec 27 2025 11:31:34 GMT+0530] : 
[getTasks] Mapping taskId to id for task: Task {
  dataValues: {
    taskId: 16,
    userId: 3,
    assigneeId: null,
    title: 'yasu01@gmail.com',
    description: 'goat',
    status: 'in_progress',
    createdAt: 2025-12-26T13:25:01.000Z,
    updatedAt: 2025-12-26T13:25:01.000Z
  },
  _previousDataValues: {
    taskId: 16,
    userId: 3,
    assigneeId: null,
    title: 'yasu01@gmail.com',
    description: 'goat',
    status: 'in_progress',
    createdAt: 2025-12-26T13:25:01.000Z,
    updatedAt: 2025-12-26T13:25:01.000Z
  },
  uniqno: 1,
  _changed: Set(0) {},
  _options: {
    isNewRecord: false,
    _schema: null,
    _schemaDelimiter: '',
    raw: true,
    attributes: [
      'taskId',
      'userId',
      'assigneeId',
      'title',
      'description',
      'status',
      'createdAt',
      'updatedAt'
    ]
  },
  isNewRecord: false
}[0m
[38;5;39m[Sat Dec 27 2025 11:31:34 GMT+0530] : 
[getTasks] Mapping taskId to id for task: Task {
  dataValues: {
    taskId: 18,
    userId: 3,
    assigneeId: null,
    title: 'quick add task',
    description: 'quick add task',
    status: 'in_progress',
    createdAt: 2025-12-27T05:51:03.000Z,
    updatedAt: 2025-12-27T05:51:03.000Z
  },
  _previousDataValues: {
    taskId: 18,
    userId: 3,
    assigneeId: null,
    title: 'quick add task',
    description: 'quick add task',
    status: 'in_progress',
    createdAt: 2025-12-27T05:51:03.000Z,
    updatedAt: 2025-12-27T05:51:03.000Z
  },
  uniqno: 1,
  _changed: Set(0) {},
  _options: {
    isNewRecord: false,
    _schema: null,
    _schemaDelimiter: '',
    raw: true,
    attributes: [
      'taskId',
      'userId',
      'assigneeId',
      'title',
      'description',
      'status',
      'createdAt',
      'updatedAt'
    ]
  },
  isNewRecord: false
}[0m
[38;5;35m[Sat Dec 27 2025 11:31:34 GMT+0530] : 
[authMiddleware] Incoming token: eyJhbGciOiJIUzI1NiIsInR5cCI6IkpXVCJ9.eyJpZCI6MywiZW1haWwiOiJ5YXN1MDFAZ21haWwuY29tIiwiZmlyc3ROYW1lIjoieWFzdTAxIiwiaWF0IjoxNzY2ODE1Mjk0LCJleHAiOjE3NjY5MDE2OTR9.AHSMpEdozaNdu_fcTUwt1jNnq9a24fWzYgXidBUyaVQ[0m
[38;5;35m[Sat Dec 27 2025 11:31:34 GMT+0530] : 
[authMiddleware] Decoded JWT: {
  id: 3,
  email: 'yasu01@gmail.com',
  firstName: 'yasu01',
  iat: 1766815294,
  exp: 1766901694
}[0m
[38;5;35m[Sat Dec 27 2025 11:31:34 GMT+0530] : 
[authMiddleware] DB lookup result: AccessKey {
  dataValues: {
    id: 1,
    userId: 3,
    token: 'eyJhbGciOiJIUzI1NiIsInR5cCI6IkpXVCJ9.eyJpZCI6MywiZW1haWwiOiJ5YXN1MDFAZ21haWwuY29tIiwiZmlyc3ROYW1lIjoieWFzdTAxIiwiaWF0IjoxNzY2ODE1Mjk0LCJleHAiOjE3NjY5MDE2OTR9.AHSMpEdozaNdu_fcTUwt1jNnq9a24fWzYgXidBUyaVQ',
    mobileToken: null,
    ip: null,
    expiry: 1,
    createdAt: 2025-12-23T06:19:41.000Z,
    updatedAt: 2025-12-27T06:01:34.000Z
  },
  _previousDataValues: {
    id: 1,
    userId: 3,
    token: 'eyJhbGciOiJIUzI1NiIsInR5cCI6IkpXVCJ9.eyJpZCI6MywiZW1haWwiOiJ5YXN1MDFAZ21haWwuY29tIiwiZmlyc3ROYW1lIjoieWFzdTAxIiwiaWF0IjoxNzY2ODE1Mjk0LCJleHAiOjE3NjY5MDE2OTR9.AHSMpEdozaNdu_fcTUwt1jNnq9a24fWzYgXidBUyaVQ',
    mobileToken: null,
    ip: null,
    expiry: 1,
    createdAt: 2025-12-23T06:19:41.000Z,
    updatedAt: 2025-12-27T06:01:34.000Z
  },
  uniqno: 1,
  _changed: Set(0) {},
  _options: {
    isNewRecord: false,
    _schema: null,
    _schemaDelimiter: '',
    raw: true,
    attributes: [
      'id',
      'userId',
      'token',
      'mobileToken',
      'ip',
      'expiry',
      'createdAt',
      'updatedAt'
    ]
  },
  isNewRecord: false
}[0m
[38;5;35m[Sat Dec 27 2025 11:31:34 GMT+0530] : 
[authMiddleware] Stored token from DB: eyJhbGciOiJIUzI1NiIsInR5cCI6IkpXVCJ9.eyJpZCI6MywiZW1haWwiOiJ5YXN1MDFAZ21haWwuY29tIiwiZmlyc3ROYW1lIjoieWFzdTAxIiwiaWF0IjoxNzY2ODE1Mjk0LCJleHAiOjE3NjY5MDE2OTR9.AHSMpEdozaNdu_fcTUwt1jNnq9a24fWzYgXidBUyaVQ[0m
[38;5;39m[Sat Dec 27 2025 11:31:34 GMT+0530] : 
[getTasks] Mapping taskId to id for task: Task {
  dataValues: {
    taskId: 12,
    userId: 3,
    assigneeId: null,
    title: 'pow ew bdegv wc',
    description: 'vdghsdywhd judhuwhd wjdiw',
    status: 'pending',
    createdAt: 2025-12-26T10:28:17.000Z,
    updatedAt: 2025-12-26T10:28:17.000Z
  },
  _previousDataValues: {
    taskId: 12,
    userId: 3,
    assigneeId: null,
    title: 'pow ew bdegv wc',
    description: 'vdghsdywhd judhuwhd wjdiw',
    status: 'pending',
    createdAt: 2025-12-26T10:28:17.000Z,
    updatedAt: 2025-12-26T10:28:17.000Z
  },
  uniqno: 1,
  _changed: Set(0) {},
  _options: {
    isNewRecord: false,
    _schema: null,
    _schemaDelimiter: '',
    raw: true,
    attributes: [
      'taskId',
      'userId',
      'assigneeId',
      'title',
      'description',
      'status',
      'createdAt',
      'updatedAt'
    ]
  },
  isNewRecord: false
}[0m
[38;5;39m[Sat Dec 27 2025 11:31:34 GMT+0530] : 
[getTasks] Mapping taskId to id for task: Task {
  dataValues: {
    taskId: 13,
    userId: 3,
    assigneeId: null,
    title: 'kjhcjksdvhkdjvksdjvkldjsv jdvkdsjvk kfksdejfkjfdewflfmgwe klvkdvldekvl;vm',
    description: null,
    status: 'pending',
    createdAt: 2025-12-26T12:20:26.000Z,
    updatedAt: 2025-12-26T12:20:26.000Z
  },
  _previousDataValues: {
    taskId: 13,
    userId: 3,
    assigneeId: null,
    title: 'kjhcjksdvhkdjvksdjvkldjsv jdvkdsjvk kfksdejfkjfdewflfmgwe klvkdvldekvl;vm',
    description: null,
    status: 'pending',
    createdAt: 2025-12-26T12:20:26.000Z,
    updatedAt: 2025-12-26T12:20:26.000Z
  },
  uniqno: 1,
  _changed: Set(0) {},
  _options: {
    isNewRecord: false,
    _schema: null,
    _schemaDelimiter: '',
    raw: true,
    attributes: [
      'taskId',
      'userId',
      'assigneeId',
      'title',
      'description',
      'status',
      'createdAt',
      'updatedAt'
    ]
  },
  isNewRecord: false
}[0m
[38;5;39m[Sat Dec 27 2025 11:31:34 GMT+0530] : 
[getTasks] Mapping taskId to id for task: Task {
  dataValues: {
    taskId: 14,
    userId: 3,
    assigneeId: null,
    title: 'yasu01@gmail.com',
    description: null,
    status: 'pending',
    createdAt: 2025-12-26T12:21:17.000Z,
    updatedAt: 2025-12-26T12:21:17.000Z
  },
  _previousDataValues: {
    taskId: 14,
    userId: 3,
    assigneeId: null,
    title: 'yasu01@gmail.com',
    description: null,
    status: 'pending',
    createdAt: 2025-12-26T12:21:17.000Z,
    updatedAt: 2025-12-26T12:21:17.000Z
  },
  uniqno: 1,
  _changed: Set(0) {},
  _options: {
    isNewRecord: false,
    _schema: null,
    _schemaDelimiter: '',
    raw: true,
    attributes: [
      'taskId',
      'userId',
      'assigneeId',
      'title',
      'description',
      'status',
      'createdAt',
      'updatedAt'
    ]
  },
  isNewRecord: false
}[0m
[38;5;39m[Sat Dec 27 2025 11:31:34 GMT+0530] : 
[getTasks] Mapping taskId to id for task: Task {
  dataValues: {
    taskId: 16,
    userId: 3,
    assigneeId: null,
    title: 'yasu01@gmail.com',
    description: 'goat',
    status: 'in_progress',
    createdAt: 2025-12-26T13:25:01.000Z,
    updatedAt: 2025-12-26T13:25:01.000Z
  },
  _previousDataValues: {
    taskId: 16,
    userId: 3,
    assigneeId: null,
    title: 'yasu01@gmail.com',
    description: 'goat',
    status: 'in_progress',
    createdAt: 2025-12-26T13:25:01.000Z,
    updatedAt: 2025-12-26T13:25:01.000Z
  },
  uniqno: 1,
  _changed: Set(0) {},
  _options: {
    isNewRecord: false,
    _schema: null,
    _schemaDelimiter: '',
    raw: true,
    attributes: [
      'taskId',
      'userId',
      'assigneeId',
      'title',
      'description',
      'status',
      'createdAt',
      'updatedAt'
    ]
  },
  isNewRecord: false
}[0m
[38;5;39m[Sat Dec 27 2025 11:31:34 GMT+0530] : 
[getTasks] Mapping taskId to id for task: Task {
  dataValues: {
    taskId: 18,
    userId: 3,
    assigneeId: null,
    title: 'quick add task',
    description: 'quick add task',
    status: 'in_progress',
    createdAt: 2025-12-27T05:51:03.000Z,
    updatedAt: 2025-12-27T05:51:03.000Z
  },
  _previousDataValues: {
    taskId: 18,
    userId: 3,
    assigneeId: null,
    title: 'quick add task',
    description: 'quick add task',
    status: 'in_progress',
    createdAt: 2025-12-27T05:51:03.000Z,
    updatedAt: 2025-12-27T05:51:03.000Z
  },
  uniqno: 1,
  _changed: Set(0) {},
  _options: {
    isNewRecord: false,
    _schema: null,
    _schemaDelimiter: '',
    raw: true,
    attributes: [
      'taskId',
      'userId',
      'assigneeId',
      'title',
      'description',
      'status',
      'createdAt',
      'updatedAt'
    ]
  },
  isNewRecord: false
}[0m
[38;5;35m[Sat Dec 27 2025 11:32:34 GMT+0530] : 
[authMiddleware] JWT_SECRET: eHC9rNSsezIQeQqwu++0hXWFOTcnqEUdeOK88w3bn6o=[0m
[38;5;35m[Sat Dec 27 2025 11:32:34 GMT+0530] : 
Database connection established[0m
[38;5;35m[Sat Dec 27 2025 11:32:34 GMT+0530] : 
MySQL models synced successfully[0m
[38;5;35m[Sat Dec 27 2025 12:07:48 GMT+0530] : 
[authMiddleware] JWT_SECRET: eHC9rNSsezIQeQqwu++0hXWFOTcnqEUdeOK88w3bn6o=[0m
[38;5;35m[Sat Dec 27 2025 12:07:48 GMT+0530] : 
Database connection established[0m
[38;5;35m[Sat Dec 27 2025 12:07:48 GMT+0530] : 
MySQL models synced successfully[0m
[38;5;35m[Sat Dec 27 2025 12:07:57 GMT+0530] : 
[authMiddleware] JWT_SECRET: eHC9rNSsezIQeQqwu++0hXWFOTcnqEUdeOK88w3bn6o=[0m
[38;5;35m[Sat Dec 27 2025 12:07:57 GMT+0530] : 
Database connection established[0m
[38;5;35m[Sat Dec 27 2025 12:07:57 GMT+0530] : 
MySQL models synced successfully[0m
[38;5;35m[Sat Dec 27 2025 12:08:22 GMT+0530] : 
[authMiddleware] JWT_SECRET: eHC9rNSsezIQeQqwu++0hXWFOTcnqEUdeOK88w3bn6o=[0m
[38;5;35m[Sat Dec 27 2025 12:08:22 GMT+0530] : 
Database connection established[0m
[38;5;35m[Sat Dec 27 2025 12:08:22 GMT+0530] : 
MySQL models synced successfully[0m
[38;5;35m[Sat Dec 27 2025 12:10:40 GMT+0530] : 
[authMiddleware] JWT_SECRET: eHC9rNSsezIQeQqwu++0hXWFOTcnqEUdeOK88w3bn6o=[0m
[38;5;35m[Sat Dec 27 2025 12:10:40 GMT+0530] : 
Database connection established[0m
[38;5;35m[Sat Dec 27 2025 12:10:40 GMT+0530] : 
MySQL models synced successfully[0m
[38;5;35m[Sat Dec 27 2025 12:11:17 GMT+0530] : 
[authMiddleware] JWT_SECRET: eHC9rNSsezIQeQqwu++0hXWFOTcnqEUdeOK88w3bn6o=[0m
[38;5;35m[Sat Dec 27 2025 12:11:17 GMT+0530] : 
Database connection established[0m
[38;5;35m[Sat Dec 27 2025 12:11:17 GMT+0530] : 
MySQL models synced successfully[0m
[38;5;35m[Sat Dec 27 2025 12:11:32 GMT+0530] : 
[authMiddleware] JWT_SECRET: eHC9rNSsezIQeQqwu++0hXWFOTcnqEUdeOK88w3bn6o=[0m
[38;5;35m[Sat Dec 27 2025 12:11:32 GMT+0530] : 
Database connection established[0m
[38;5;35m[Sat Dec 27 2025 12:11:32 GMT+0530] : 
MySQL models synced successfully[0m
[38;5;35m[Sat Dec 27 2025 12:11:48 GMT+0530] : 
[authMiddleware] JWT_SECRET: eHC9rNSsezIQeQqwu++0hXWFOTcnqEUdeOK88w3bn6o=[0m
[38;5;35m[Sat Dec 27 2025 12:11:48 GMT+0530] : 
Database connection established[0m
[38;5;35m[Sat Dec 27 2025 12:11:48 GMT+0530] : 
MySQL models synced successfully[0m
[38;5;35m[Sat Dec 27 2025 12:11:52 GMT+0530] : 
[authMiddleware] JWT_SECRET: eHC9rNSsezIQeQqwu++0hXWFOTcnqEUdeOK88w3bn6o=[0m
[38;5;35m[Sat Dec 27 2025 12:11:52 GMT+0530] : 
Database connection established[0m
[38;5;35m[Sat Dec 27 2025 12:11:52 GMT+0530] : 
MySQL models synced successfully[0m
[38;5;35m[Sat Dec 27 2025 12:12:02 GMT+0530] : 
[authMiddleware] JWT_SECRET: eHC9rNSsezIQeQqwu++0hXWFOTcnqEUdeOK88w3bn6o=[0m
[38;5;35m[Sat Dec 27 2025 12:12:02 GMT+0530] : 
Database connection established[0m
[38;5;35m[Sat Dec 27 2025 12:12:02 GMT+0530] : 
MySQL models synced successfully[0m
[38;5;35m[Sat Dec 27 2025 12:12:28 GMT+0530] : 
[authMiddleware] JWT_SECRET: eHC9rNSsezIQeQqwu++0hXWFOTcnqEUdeOK88w3bn6o=[0m
[38;5;35m[Sat Dec 27 2025 12:12:28 GMT+0530] : 
Database connection established[0m
[38;5;35m[Sat Dec 27 2025 12:12:28 GMT+0530] : 
MySQL models synced successfully[0m
