[38;5;35m[Wed Dec 17 2025 11:38:56 GMT+0530] : 
User login attempt: {
  "email": "yasu01@gmail.com",
  "password": "12345678"
}[0m
[38;5;35m[Wed Dec 17 2025 16:35:09 GMT+0530] : 
User login attempt: {
  "email": "yasu02@gmailcom",
  "password": "12345678"
}[0m
[38;5;35m[Wed Dec 17 2025 16:51:57 GMT+0530] : 
User login attempt: {
  "email": "yasuuuuu",
  "password": "545454545"
}[0m
[38;5;35m[Wed Dec 17 2025 16:52:04 GMT+0530] : 
User login attempt: {
  "email": "yasuuuuu",
  "password": "545454545"
}[0m
[38;5;35m[Wed Dec 17 2025 16:53:53 GMT+0530] : 
User login attempt: {
  "email": "yasuuuuu",
  "password": "545454545"
}[0m
[38;5;35m[Wed Dec 17 2025 16:54:16 GMT+0530] : 
User login attempt: {
  "email": "yasuuuuu",
  "password": "545454545"
}[0m
[38;5;35m[Wed Dec 17 2025 16:54:20 GMT+0530] : 
User login attempt: {
  "email": "yasuuuuu",
  "password": "545454545"
}[0m
[38;5;35m[Wed Dec 17 2025 16:54:24 GMT+0530] : 
User login attempt: {
  "email": "yasuuuuu",
  "password": "545454545"
}[0m
[38;5;35m[Wed Dec 17 2025 16:54:38 GMT+0530] : 
User login attempt: {
  "email": "yasu01@gmail.com",
  "password": "vergvsedbbresw4bh"
}[0m
[38;5;35m[Wed Dec 17 2025 16:54:44 GMT+0530] : 
User login attempt: {
  "email": "yasu01@gmail.com",
  "password": "vergvsedbbresw4bh"
}[0m
[38;5;35m[Wed Dec 17 2025 17:06:06 GMT+0530] : 
User login attempt: {
  "email": "yasu01@gmail.com",
  "password": "vergvsedbbresw4bh"
}[0m
